Bayesian optimization of lstm starts
-------------------------------------------------------------------
1回目
{'weight_decay': 0.0003000320019508965, 'dropout': 0.9855760506615988, 'l_rate': 0.04315845980687884, 'clip': 7.070732643474399}
EPOCH:: 1, (2m 20s) train_cost: 2.623, test_cost: 2.305, train_acc: 0.102, test_acc: 0.100
EPOCH:: 2, (4m 39s) train_cost: 9.584, test_cost: 2.893, train_acc: 0.104, test_acc: 0.105
EPOCH:: 3, (7m 0s) train_cost: 7.776, test_cost: 2.483, train_acc: 0.102, test_acc: 0.088
EPOCH:: 4, (9m 19s) train_cost: 6.822, test_cost: 2.357, train_acc: 0.099, test_acc: 0.110
EPOCH:: 5, (11m 39s) train_cost: 6.335, test_cost: 2.376, train_acc: 0.103, test_acc: 0.110
EPOCH:: 6, (13m 58s) train_cost: 6.124, test_cost: 2.505, train_acc: 0.102, test_acc: 0.110
EPOCH:: 7, (16m 17s) train_cost: 5.608, test_cost: 2.392, train_acc: 0.103, test_acc: 0.110
EPOCH:: 8, (18m 38s) train_cost: 5.178, test_cost: 2.467, train_acc: 0.103, test_acc: 0.103
EPOCH:: 9, (20m 58s) train_cost: 4.824, test_cost: 2.411, train_acc: 0.103, test_acc: 0.105
EPOCH:: 10, (23m 17s) train_cost: 4.534, test_cost: 2.432, train_acc: 0.106, test_acc: 0.105
EPOCH:: 11, (25m 36s) train_cost: 4.238, test_cost: 2.346, train_acc: 0.104, test_acc: 0.097
EPOCH:: 12, (27m 57s) train_cost: 4.030, test_cost: 2.346, train_acc: 0.102, test_acc: 0.110
EPOCH:: 13, (30m 16s) train_cost: 3.552, test_cost: 2.318, train_acc: 0.105, test_acc: 0.105
EPOCH:: 14, (32m 37s) train_cost: 3.259, test_cost: 2.331, train_acc: 0.102, test_acc: 0.103
EPOCH:: 15, (34m 57s) train_cost: 2.957, test_cost: 2.346, train_acc: 0.103, test_acc: 0.101
EPOCH:: 16, (37m 15s) train_cost: 2.732, test_cost: 2.326, train_acc: 0.103, test_acc: 0.105
EPOCH:: 17, (39m 36s) train_cost: 2.557, test_cost: 2.321, train_acc: 0.105, test_acc: 0.103
EPOCH:: 18, (41m 56s) train_cost: 2.494, test_cost: 2.308, train_acc: 0.103, test_acc: 0.103
EPOCH:: 19, (44m 17s) train_cost: 2.452, test_cost: 2.307, train_acc: 0.105, test_acc: 0.103
EPOCH:: 20, (46m 39s) train_cost: 2.430, test_cost: 2.305, train_acc: 0.104, test_acc: 0.110
EPOCH:: 21, (48m 59s) train_cost: 2.415, test_cost: 2.302, train_acc: 0.101, test_acc: 0.110
EPOCH:: 22, (51m 20s) train_cost: 2.403, test_cost: 2.307, train_acc: 0.103, test_acc: 0.110
EPOCH:: 23, (53m 41s) train_cost: 2.399, test_cost: 2.306, train_acc: 0.103, test_acc: 0.097
EPOCH:: 24, (56m 2s) train_cost: 2.384, test_cost: 2.305, train_acc: 0.101, test_acc: 0.097
EPOCH:: 25, (58m 22s) train_cost: 2.382, test_cost: 2.305, train_acc: 0.102, test_acc: 0.099
EPOCH:: 26, (60m 42s) train_cost: 2.371, test_cost: 2.308, train_acc: 0.104, test_acc: 0.110
EPOCH:: 27, (63m 3s) train_cost: 2.365, test_cost: 2.305, train_acc: 0.102, test_acc: 0.110
EPOCH:: 28, (65m 22s) train_cost: 2.359, test_cost: 2.309, train_acc: 0.104, test_acc: 0.099
EPOCH:: 29, (67m 42s) train_cost: 2.359, test_cost: 2.304, train_acc: 0.105, test_acc: 0.110
EPOCH:: 30, (70m 1s) train_cost: 2.354, test_cost: 2.306, train_acc: 0.103, test_acc: 0.110
EPOCH:: 31, (72m 21s) train_cost: 2.344, test_cost: 2.304, train_acc: 0.105, test_acc: 0.110
EPOCH:: 32, (74m 42s) train_cost: 2.337, test_cost: 2.302, train_acc: 0.104, test_acc: 0.110
EPOCH:: 33, (77m 0s) train_cost: 2.333, test_cost: 2.303, train_acc: 0.103, test_acc: 0.110
EPOCH:: 34, (79m 20s) train_cost: 2.330, test_cost: 2.303, train_acc: 0.105, test_acc: 0.097
EPOCH:: 35, (81m 38s) train_cost: 2.331, test_cost: 2.307, train_acc: 0.102, test_acc: 0.110
EPOCH:: 36, (83m 57s) train_cost: 2.330, test_cost: 2.307, train_acc: 0.103, test_acc: 0.099
EPOCH:: 37, (86m 17s) train_cost: 2.330, test_cost: 2.302, train_acc: 0.103, test_acc: 0.110
EPOCH:: 38, (88m 34s) train_cost: 2.331, test_cost: 2.306, train_acc: 0.104, test_acc: 0.110
EPOCH:: 39, (90m 53s) train_cost: 2.331, test_cost: 2.305, train_acc: 0.103, test_acc: 0.100
EPOCH:: 40, (93m 13s) train_cost: 2.331, test_cost: 2.304, train_acc: 0.101, test_acc: 0.105
EPOCH:: 41, (95m 33s) train_cost: 2.331, test_cost: 2.303, train_acc: 0.103, test_acc: 0.110
EPOCH:: 42, (97m 52s) train_cost: 2.331, test_cost: 2.303, train_acc: 0.104, test_acc: 0.101
EPOCH:: 43, (100m 10s) train_cost: 2.332, test_cost: 2.303, train_acc: 0.103, test_acc: 0.103
EPOCH:: 44, (102m 27s) train_cost: 2.331, test_cost: 2.303, train_acc: 0.102, test_acc: 0.100
EPOCH:: 45, (104m 44s) train_cost: 2.331, test_cost: 2.303, train_acc: 0.105, test_acc: 0.103
EPOCH:: 46, (107m 1s) train_cost: 2.332, test_cost: 2.305, train_acc: 0.103, test_acc: 0.096
EPOCH:: 47, (109m 20s) train_cost: 2.331, test_cost: 2.304, train_acc: 0.104, test_acc: 0.110
EPOCH:: 48, (111m 40s) train_cost: 2.332, test_cost: 2.305, train_acc: 0.102, test_acc: 0.105
EPOCH:: 49, (113m 59s) train_cost: 2.331, test_cost: 2.303, train_acc: 0.106, test_acc: 0.110
EPOCH:: 50, (116m 11s) train_cost: 2.331, test_cost: 2.304, train_acc: 0.105, test_acc: 0.103
max test_acc: 0.110
-------------------------------------------------------------------
2回目
{'weight_decay': 0.00042975869535659026, 'dropout': 0.6227097526294368, 'l_rate': 0.039195046254461734, 'clip': 643.421101235567}
EPOCH:: 1, (2m 18s) train_cost: 2.352, test_cost: 2.306, train_acc: 0.102, test_acc: 0.110
EPOCH:: 2, (4m 35s) train_cost: 2.313, test_cost: 2.312, train_acc: 0.105, test_acc: 0.097
EPOCH:: 3, (6m 54s) train_cost: 2.314, test_cost: 2.308, train_acc: 0.105, test_acc: 0.110
EPOCH:: 4, (9m 16s) train_cost: 2.314, test_cost: 2.321, train_acc: 0.105, test_acc: 0.101
EPOCH:: 5, (11m 36s) train_cost: 2.316, test_cost: 2.307, train_acc: 0.102, test_acc: 0.103
EPOCH:: 6, (13m 56s) train_cost: 2.316, test_cost: 2.311, train_acc: 0.104, test_acc: 0.101
EPOCH:: 7, (16m 18s) train_cost: 2.316, test_cost: 2.314, train_acc: 0.103, test_acc: 0.110
EPOCH:: 8, (18m 41s) train_cost: 2.318, test_cost: 2.310, train_acc: 0.101, test_acc: 0.103
EPOCH:: 9, (20m 58s) train_cost: 2.317, test_cost: 2.306, train_acc: 0.101, test_acc: 0.103
EPOCH:: 10, (23m 20s) train_cost: nan, test_cost: nan, train_acc: 0.109, test_acc: 0.110
Stop learning due to the extremely high cost
max test_acc: 0.110
-------------------------------------------------------------------
3回目
{'weight_decay': 4.854464324042382e-05, 'dropout': 0.9084383736699743, 'l_rate': 0.8098036924111182, 'clip': 400.7829030202745}
EPOCH:: 1, (2m 18s) train_cost: nan, test_cost: nan, train_acc: 0.109, test_acc: 0.110
Stop learning due to the extremely high cost
max test_acc: 0.110
-------------------------------------------------------------------
4回目
{'weight_decay': 0.0004220165345083618, 'dropout': 0.34228344916469844, 'l_rate': 8.100322712268231e-05, 'clip': 6.784607340052615}
EPOCH:: 1, (2m 22s) train_cost: 2.067, test_cost: 1.749, train_acc: 0.240, test_acc: 0.422
EPOCH:: 2, (4m 45s) train_cost: 1.499, test_cost: 1.331, train_acc: 0.469, test_acc: 0.509
EPOCH:: 3, (7m 8s) train_cost: 1.281, test_cost: 1.146, train_acc: 0.523, test_acc: 0.589
EPOCH:: 4, (9m 31s) train_cost: 1.107, test_cost: 0.966, train_acc: 0.600, test_acc: 0.662
EPOCH:: 5, (11m 55s) train_cost: 0.995, test_cost: 0.937, train_acc: 0.652, test_acc: 0.671
EPOCH:: 6, (14m 19s) train_cost: 0.887, test_cost: 0.803, train_acc: 0.697, test_acc: 0.731
EPOCH:: 7, (16m 43s) train_cost: 0.815, test_cost: 0.807, train_acc: 0.725, test_acc: 0.734
EPOCH:: 8, (19m 6s) train_cost: 0.776, test_cost: 0.682, train_acc: 0.737, test_acc: 0.773
EPOCH:: 9, (21m 32s) train_cost: 0.729, test_cost: 0.669, train_acc: 0.754, test_acc: 0.773
EPOCH:: 10, (23m 54s) train_cost: 0.705, test_cost: 0.625, train_acc: 0.759, test_acc: 0.788
EPOCH:: 11, (26m 16s) train_cost: 0.667, test_cost: 0.714, train_acc: 0.772, test_acc: 0.763
EPOCH:: 12, (28m 37s) train_cost: 0.642, test_cost: 0.661, train_acc: 0.779, test_acc: 0.774
EPOCH:: 13, (30m 59s) train_cost: 0.627, test_cost: 0.574, train_acc: 0.786, test_acc: 0.804
EPOCH:: 14, (33m 16s) train_cost: 0.610, test_cost: 0.599, train_acc: 0.789, test_acc: 0.798
EPOCH:: 15, (35m 33s) train_cost: 0.603, test_cost: 0.544, train_acc: 0.794, test_acc: 0.817
EPOCH:: 16, (37m 49s) train_cost: 0.573, test_cost: 0.528, train_acc: 0.803, test_acc: 0.821
EPOCH:: 17, (40m 8s) train_cost: 0.574, test_cost: 0.533, train_acc: 0.803, test_acc: 0.822
EPOCH:: 18, (42m 28s) train_cost: 0.549, test_cost: 0.525, train_acc: 0.814, test_acc: 0.824
EPOCH:: 19, (44m 43s) train_cost: 0.522, test_cost: 0.491, train_acc: 0.823, test_acc: 0.833
EPOCH:: 20, (46m 59s) train_cost: 0.518, test_cost: 0.488, train_acc: 0.826, test_acc: 0.830
EPOCH:: 21, (49m 15s) train_cost: 0.504, test_cost: 0.458, train_acc: 0.832, test_acc: 0.849
EPOCH:: 22, (51m 37s) train_cost: 0.489, test_cost: 0.437, train_acc: 0.836, test_acc: 0.856
EPOCH:: 23, (53m 59s) train_cost: 0.490, test_cost: 0.471, train_acc: 0.836, test_acc: 0.843
EPOCH:: 24, (56m 20s) train_cost: 0.466, test_cost: 0.458, train_acc: 0.846, test_acc: 0.846
EPOCH:: 25, (58m 41s) train_cost: 0.464, test_cost: 0.454, train_acc: 0.845, test_acc: 0.850
EPOCH:: 26, (61m 2s) train_cost: 0.453, test_cost: 0.456, train_acc: 0.848, test_acc: 0.850
EPOCH:: 27, (63m 23s) train_cost: 0.449, test_cost: 0.423, train_acc: 0.850, test_acc: 0.857
EPOCH:: 28, (65m 44s) train_cost: 0.445, test_cost: 0.462, train_acc: 0.853, test_acc: 0.843
EPOCH:: 29, (68m 5s) train_cost: 0.425, test_cost: 0.424, train_acc: 0.859, test_acc: 0.861
EPOCH:: 30, (70m 27s) train_cost: 0.424, test_cost: 0.407, train_acc: 0.859, test_acc: 0.864
EPOCH:: 31, (72m 47s) train_cost: 0.418, test_cost: 0.393, train_acc: 0.864, test_acc: 0.875
EPOCH:: 32, (75m 9s) train_cost: 0.413, test_cost: 0.372, train_acc: 0.865, test_acc: 0.882
EPOCH:: 33, (77m 26s) train_cost: 0.399, test_cost: 0.402, train_acc: 0.871, test_acc: 0.870
EPOCH:: 34, (79m 42s) train_cost: 0.403, test_cost: 0.408, train_acc: 0.871, test_acc: 0.869
EPOCH:: 35, (81m 57s) train_cost: 0.384, test_cost: 0.399, train_acc: 0.878, test_acc: 0.873
EPOCH:: 36, (84m 15s) train_cost: 0.374, test_cost: 0.359, train_acc: 0.881, test_acc: 0.886
EPOCH:: 37, (86m 37s) train_cost: 0.377, test_cost: 0.366, train_acc: 0.881, test_acc: 0.885
EPOCH:: 38, (88m 57s) train_cost: 0.360, test_cost: 0.340, train_acc: 0.888, test_acc: 0.896
EPOCH:: 39, (91m 18s) train_cost: 0.351, test_cost: 0.332, train_acc: 0.891, test_acc: 0.898
EPOCH:: 40, (93m 40s) train_cost: 0.349, test_cost: 0.364, train_acc: 0.891, test_acc: 0.882
EPOCH:: 41, (96m 2s) train_cost: 0.336, test_cost: 0.335, train_acc: 0.897, test_acc: 0.896
EPOCH:: 42, (98m 25s) train_cost: 0.331, test_cost: 0.337, train_acc: 0.899, test_acc: 0.898
EPOCH:: 43, (100m 47s) train_cost: 0.320, test_cost: 0.373, train_acc: 0.902, test_acc: 0.883
EPOCH:: 44, (103m 8s) train_cost: 0.322, test_cost: 0.300, train_acc: 0.901, test_acc: 0.909
EPOCH:: 45, (105m 27s) train_cost: 0.306, test_cost: 0.301, train_acc: 0.908, test_acc: 0.908
EPOCH:: 46, (107m 47s) train_cost: 0.302, test_cost: 0.278, train_acc: 0.909, test_acc: 0.914
EPOCH:: 47, (110m 8s) train_cost: 0.292, test_cost: 0.334, train_acc: 0.912, test_acc: 0.899
EPOCH:: 48, (112m 25s) train_cost: 0.282, test_cost: 0.310, train_acc: 0.914, test_acc: 0.907
EPOCH:: 49, (114m 40s) train_cost: 0.275, test_cost: 0.273, train_acc: 0.918, test_acc: 0.919
EPOCH:: 50, (116m 55s) train_cost: 0.279, test_cost: 0.263, train_acc: 0.917, test_acc: 0.919
max test_acc: 0.919
-------------------------------------------------------------------
5回目
{'weight_decay': 1.998274304973687e-05, 'dropout': 0.46994404036291704, 'l_rate': 0.1144820435393437, 'clip': 94.68486494025987}
EPOCH:: 1, (2m 16s) train_cost: 2.698, test_cost: 2.302, train_acc: 0.100, test_acc: 0.105
EPOCH:: 2, (4m 38s) train_cost: 2.308, test_cost: 2.308, train_acc: 0.102, test_acc: 0.110
EPOCH:: 3, (7m 0s) train_cost: 2.308, test_cost: 2.303, train_acc: 0.106, test_acc: 0.110
EPOCH:: 4, (9m 24s) train_cost: 2.308, test_cost: 2.304, train_acc: 0.105, test_acc: 0.101
EPOCH:: 5, (11m 46s) train_cost: 2.308, test_cost: 2.304, train_acc: 0.107, test_acc: 0.105
EPOCH:: 6, (14m 10s) train_cost: 2.309, test_cost: 2.309, train_acc: 0.105, test_acc: 0.110
EPOCH:: 7, (16m 31s) train_cost: 2.309, test_cost: 2.302, train_acc: 0.103, test_acc: 0.110
EPOCH:: 8, (18m 55s) train_cost: 2.309, test_cost: 2.310, train_acc: 0.102, test_acc: 0.105
EPOCH:: 9, (21m 17s) train_cost: 2.310, test_cost: 2.312, train_acc: 0.104, test_acc: 0.103
EPOCH:: 10, (23m 41s) train_cost: 2.309, test_cost: 2.307, train_acc: 0.102, test_acc: 0.105
EPOCH:: 11, (26m 3s) train_cost: 2.309, test_cost: 2.307, train_acc: 0.103, test_acc: 0.103
EPOCH:: 12, (28m 25s) train_cost: 2.308, test_cost: 2.307, train_acc: 0.107, test_acc: 0.105
EPOCH:: 13, (30m 42s) train_cost: 2.309, test_cost: 2.308, train_acc: 0.103, test_acc: 0.100
EPOCH:: 14, (32m 59s) train_cost: 2.309, test_cost: 2.307, train_acc: 0.102, test_acc: 0.103
EPOCH:: 15, (35m 13s) train_cost: 2.310, test_cost: 2.304, train_acc: 0.105, test_acc: 0.099
EPOCH:: 16, (37m 33s) train_cost: 2.309, test_cost: 2.305, train_acc: 0.102, test_acc: 0.110
EPOCH:: 17, (39m 55s) train_cost: 2.309, test_cost: 2.315, train_acc: 0.104, test_acc: 0.097
EPOCH:: 18, (42m 18s) train_cost: 2.309, test_cost: 2.306, train_acc: 0.104, test_acc: 0.110
EPOCH:: 19, (44m 40s) train_cost: 2.309, test_cost: 2.309, train_acc: 0.107, test_acc: 0.103
EPOCH:: 20, (47m 4s) train_cost: 2.309, test_cost: 2.310, train_acc: 0.104, test_acc: 0.096
EPOCH:: 21, (49m 24s) train_cost: 2.309, test_cost: 2.307, train_acc: 0.105, test_acc: 0.101
EPOCH:: 22, (51m 48s) train_cost: 2.309, test_cost: 2.310, train_acc: 0.104, test_acc: 0.103
EPOCH:: 23, (54m 11s) train_cost: 2.309, test_cost: 2.309, train_acc: 0.104, test_acc: 0.110
EPOCH:: 24, (56m 24s) train_cost: 2.309, test_cost: 2.331, train_acc: 0.105, test_acc: 0.101
EPOCH:: 25, (58m 49s) train_cost: 2.309, test_cost: 2.308, train_acc: 0.104, test_acc: 0.110
EPOCH:: 26, (61m 10s) train_cost: 2.309, test_cost: 2.320, train_acc: 0.104, test_acc: 0.110
EPOCH:: 27, (63m 31s) train_cost: 2.309, test_cost: 2.313, train_acc: 0.103, test_acc: 0.101
EPOCH:: 28, (65m 53s) train_cost: 2.309, test_cost: 2.312, train_acc: 0.106, test_acc: 0.097
EPOCH:: 29, (68m 15s) train_cost: 2.309, test_cost: 2.307, train_acc: 0.106, test_acc: 0.110
EPOCH:: 30, (70m 40s) train_cost: 2.309, test_cost: 2.308, train_acc: 0.103, test_acc: 0.096
EPOCH:: 31, (73m 5s) train_cost: 2.309, test_cost: 2.318, train_acc: 0.105, test_acc: 0.110
EPOCH:: 32, (75m 26s) train_cost: 2.309, test_cost: 2.308, train_acc: 0.107, test_acc: 0.110
EPOCH:: 33, (77m 50s) train_cost: 2.309, test_cost: 2.305, train_acc: 0.104, test_acc: 0.110
EPOCH:: 34, (80m 13s) train_cost: 2.309, test_cost: 2.308, train_acc: 0.105, test_acc: 0.099
EPOCH:: 35, (82m 36s) train_cost: 2.309, test_cost: 2.310, train_acc: 0.106, test_acc: 0.110
EPOCH:: 36, (84m 59s) train_cost: 2.309, test_cost: 2.311, train_acc: 0.105, test_acc: 0.101
EPOCH:: 37, (87m 21s) train_cost: 2.309, test_cost: 2.303, train_acc: 0.104, test_acc: 0.103
EPOCH:: 38, (89m 44s) train_cost: 2.309, test_cost: 2.312, train_acc: 0.104, test_acc: 0.110
EPOCH:: 39, (92m 5s) train_cost: 2.308, test_cost: 2.309, train_acc: 0.106, test_acc: 0.097
EPOCH:: 40, (94m 20s) train_cost: 2.309, test_cost: 2.305, train_acc: 0.106, test_acc: 0.105
EPOCH:: 41, (96m 35s) train_cost: 2.308, test_cost: 2.307, train_acc: 0.103, test_acc: 0.110
EPOCH:: 42, (98m 50s) train_cost: 2.309, test_cost: 2.308, train_acc: 0.103, test_acc: 0.110
EPOCH:: 43, (101m 9s) train_cost: 2.309, test_cost: 2.309, train_acc: 0.104, test_acc: 0.105
EPOCH:: 44, (103m 31s) train_cost: 2.309, test_cost: 2.308, train_acc: 0.103, test_acc: 0.110
EPOCH:: 45, (105m 50s) train_cost: 2.309, test_cost: 2.308, train_acc: 0.102, test_acc: 0.103
EPOCH:: 46, (108m 9s) train_cost: 2.309, test_cost: 2.311, train_acc: 0.102, test_acc: 0.105
EPOCH:: 47, (110m 27s) train_cost: 2.309, test_cost: 2.309, train_acc: 0.105, test_acc: 0.105
EPOCH:: 48, (112m 50s) train_cost: 2.309, test_cost: 2.314, train_acc: 0.104, test_acc: 0.110
EPOCH:: 49, (115m 12s) train_cost: 2.309, test_cost: 2.310, train_acc: 0.104, test_acc: 0.110
EPOCH:: 50, (117m 33s) train_cost: 2.308, test_cost: 2.307, train_acc: 0.107, test_acc: 0.096
max test_acc: 0.110
-------------------------------------------------------------------
6回目
{'weight_decay': 3.9473232493735065e-05, 'dropout': 0.7281811891811246, 'l_rate': 0.0005174277555790016, 'clip': 17.380962431598327}
EPOCH:: 1, (2m 22s) train_cost: 2.351, test_cost: 2.303, train_acc: 0.136, test_acc: 0.100
EPOCH:: 2, (4m 45s) train_cost: 2.347, test_cost: 2.293, train_acc: 0.103, test_acc: 0.105
EPOCH:: 3, (7m 7s) train_cost: 2.318, test_cost: 2.299, train_acc: 0.113, test_acc: 0.117
EPOCH:: 4, (9m 30s) train_cost: 2.015, test_cost: 1.550, train_acc: 0.238, test_acc: 0.415
EPOCH:: 5, (11m 53s) train_cost: 1.866, test_cost: 2.184, train_acc: 0.299, test_acc: 0.174
EPOCH:: 6, (14m 14s) train_cost: 1.635, test_cost: 1.422, train_acc: 0.380, test_acc: 0.464
EPOCH:: 7, (16m 32s) train_cost: 1.682, test_cost: 2.301, train_acc: 0.372, test_acc: 0.102
EPOCH:: 8, (18m 49s) train_cost: 2.317, test_cost: 2.302, train_acc: 0.116, test_acc: 0.102
EPOCH:: 9, (21m 8s) train_cost: 2.300, test_cost: 2.267, train_acc: 0.120, test_acc: 0.143
EPOCH:: 10, (23m 30s) train_cost: 1.834, test_cost: 1.542, train_acc: 0.309, test_acc: 0.393
EPOCH:: 11, (25m 53s) train_cost: 2.240, test_cost: 2.296, train_acc: 0.161, test_acc: 0.110
EPOCH:: 12, (28m 12s) train_cost: 2.299, test_cost: 2.297, train_acc: 0.122, test_acc: 0.190
EPOCH:: 13, (30m 23s) train_cost: 1.999, test_cost: 1.685, train_acc: 0.245, test_acc: 0.315
EPOCH:: 14, (32m 34s) train_cost: 1.894, test_cost: 2.303, train_acc: 0.279, test_acc: 0.110
EPOCH:: 15, (34m 55s) train_cost: 2.318, test_cost: 2.302, train_acc: 0.108, test_acc: 0.110
EPOCH:: 16, (37m 19s) train_cost: 2.310, test_cost: 2.302, train_acc: 0.106, test_acc: 0.097
EPOCH:: 17, (39m 41s) train_cost: 2.307, test_cost: 2.302, train_acc: 0.106, test_acc: 0.105
EPOCH:: 18, (42m 3s) train_cost: 2.305, test_cost: 2.302, train_acc: 0.108, test_acc: 0.110
EPOCH:: 19, (44m 26s) train_cost: 2.305, test_cost: 2.302, train_acc: 0.107, test_acc: 0.110
EPOCH:: 20, (46m 52s) train_cost: 2.304, test_cost: 2.301, train_acc: 0.108, test_acc: 0.110
EPOCH:: 21, (49m 17s) train_cost: 2.304, test_cost: 2.302, train_acc: 0.109, test_acc: 0.110
EPOCH:: 22, (51m 41s) train_cost: 2.304, test_cost: 2.302, train_acc: 0.109, test_acc: 0.110
EPOCH:: 23, (54m 5s) train_cost: 2.303, test_cost: 2.302, train_acc: 0.111, test_acc: 0.110
EPOCH:: 24, (56m 29s) train_cost: 2.303, test_cost: 2.304, train_acc: 0.111, test_acc: 0.110
EPOCH:: 25, (58m 53s) train_cost: 2.304, test_cost: 2.302, train_acc: 0.108, test_acc: 0.110
EPOCH:: 26, (61m 17s) train_cost: 2.304, test_cost: 2.303, train_acc: 0.107, test_acc: 0.110
EPOCH:: 27, (63m 41s) train_cost: 2.304, test_cost: 2.299, train_acc: 0.107, test_acc: 0.110
EPOCH:: 28, (66m 4s) train_cost: 2.303, test_cost: 2.302, train_acc: 0.109, test_acc: 0.110
EPOCH:: 29, (68m 18s) train_cost: 2.304, test_cost: 2.302, train_acc: 0.111, test_acc: 0.110
EPOCH:: 30, (70m 32s) train_cost: 2.304, test_cost: 2.302, train_acc: 0.110, test_acc: 0.110
EPOCH:: 31, (72m 49s) train_cost: 2.303, test_cost: 2.303, train_acc: 0.109, test_acc: 0.110
EPOCH:: 32, (75m 8s) train_cost: 2.303, test_cost: 2.302, train_acc: 0.112, test_acc: 0.110
EPOCH:: 33, (77m 31s) train_cost: 2.303, test_cost: 2.302, train_acc: 0.109, test_acc: 0.110
EPOCH:: 34, (79m 54s) train_cost: 2.302, test_cost: 2.301, train_acc: 0.110, test_acc: 0.110
EPOCH:: 35, (82m 17s) train_cost: 2.295, test_cost: 2.302, train_acc: 0.116, test_acc: 0.110
EPOCH:: 36, (84m 38s) train_cost: 2.304, test_cost: 2.302, train_acc: 0.106, test_acc: 0.110
EPOCH:: 37, (87m 2s) train_cost: 2.303, test_cost: 2.298, train_acc: 0.109, test_acc: 0.110
EPOCH:: 38, (89m 23s) train_cost: 2.287, test_cost: 2.301, train_acc: 0.130, test_acc: 0.106
EPOCH:: 39, (91m 47s) train_cost: 2.248, test_cost: 2.386, train_acc: 0.142, test_acc: 0.102
EPOCH:: 40, (94m 9s) train_cost: 1.861, test_cost: 1.575, train_acc: 0.281, test_acc: 0.394
EPOCH:: 41, (96m 31s) train_cost: 1.897, test_cost: 2.320, train_acc: 0.295, test_acc: 0.100
EPOCH:: 42, (98m 53s) train_cost: 2.326, test_cost: 2.295, train_acc: 0.106, test_acc: 0.110
EPOCH:: 43, (101m 17s) train_cost: 2.307, test_cost: 2.302, train_acc: 0.116, test_acc: 0.110
EPOCH:: 44, (103m 37s) train_cost: 2.308, test_cost: 2.302, train_acc: 0.107, test_acc: 0.110
EPOCH:: 45, (105m 55s) train_cost: 2.306, test_cost: 2.302, train_acc: 0.107, test_acc: 0.110
EPOCH:: 46, (108m 11s) train_cost: 2.304, test_cost: 2.302, train_acc: 0.108, test_acc: 0.110
EPOCH:: 47, (110m 14s) train_cost: 2.303, test_cost: 2.302, train_acc: 0.109, test_acc: 0.110
EPOCH:: 48, (112m 31s) train_cost: 2.303, test_cost: 2.301, train_acc: 0.110, test_acc: 0.110
EPOCH:: 49, (114m 55s) train_cost: 2.303, test_cost: 2.302, train_acc: 0.108, test_acc: 0.110
EPOCH:: 50, (117m 19s) train_cost: 2.303, test_cost: 2.302, train_acc: 0.110, test_acc: 0.110
max test_acc: 0.464
-------------------------------------------------------------------
7回目
{'weight_decay': 0.005018275452923839, 'dropout': 0.7334067033728837, 'l_rate': 0.9159811793584357, 'clip': 129.24745005133934}
EPOCH:: 1, (2m 23s) train_cost: nan, test_cost: nan, train_acc: 0.112, test_acc: 0.110
Stop learning due to the extremely high cost
max test_acc: 0.110
-------------------------------------------------------------------
8回目
{'weight_decay': 0.014080700178167906, 'dropout': 0.4268824866535219, 'l_rate': 0.08764410381062808, 'clip': 6.314145141745589}
EPOCH:: 1, (2m 22s) train_cost: nan, test_cost: nan, train_acc: 0.112, test_acc: 0.110
Stop learning due to the extremely high cost
max test_acc: 0.110
-------------------------------------------------------------------
9回目
{'weight_decay': 0.00036482687621163537, 'dropout': 0.7217773579860346, 'l_rate': 0.008824620438849533, 'clip': 1.3138340431830906}
EPOCH:: 1, (2m 23s) train_cost: 2.360, test_cost: 2.303, train_acc: 0.101, test_acc: 0.105
EPOCH:: 2, (4m 45s) train_cost: 2.375, test_cost: 2.315, train_acc: 0.101, test_acc: 0.110
EPOCH:: 3, (7m 8s) train_cost: 2.403, test_cost: 2.310, train_acc: 0.103, test_acc: 0.110
EPOCH:: 4, (9m 31s) train_cost: 2.356, test_cost: 2.304, train_acc: 0.101, test_acc: 0.101
EPOCH:: 5, (11m 54s) train_cost: 2.321, test_cost: 2.305, train_acc: 0.104, test_acc: 0.097
EPOCH:: 6, (14m 18s) train_cost: 2.316, test_cost: 2.311, train_acc: 0.105, test_acc: 0.110
EPOCH:: 7, (16m 40s) train_cost: 2.323, test_cost: 2.303, train_acc: 0.106, test_acc: 0.101
EPOCH:: 8, (18m 58s) train_cost: 2.312, test_cost: 2.305, train_acc: 0.102, test_acc: 0.103
EPOCH:: 9, (21m 14s) train_cost: 2.306, test_cost: 2.304, train_acc: 0.105, test_acc: 0.103
EPOCH:: 10, (23m 28s) train_cost: 2.304, test_cost: 2.303, train_acc: 0.108, test_acc: 0.103
EPOCH:: 11, (25m 45s) train_cost: 2.304, test_cost: 2.304, train_acc: 0.106, test_acc: 0.096
EPOCH:: 12, (28m 8s) train_cost: 2.304, test_cost: 2.303, train_acc: 0.108, test_acc: 0.105
EPOCH:: 13, (30m 31s) train_cost: 2.303, test_cost: 2.303, train_acc: 0.108, test_acc: 0.105
EPOCH:: 14, (32m 54s) train_cost: 2.303, test_cost: 2.304, train_acc: 0.108, test_acc: 0.110
EPOCH:: 15, (35m 17s) train_cost: 2.304, test_cost: 2.303, train_acc: 0.108, test_acc: 0.105
EPOCH:: 16, (37m 40s) train_cost: 2.305, test_cost: 2.302, train_acc: 0.107, test_acc: 0.110
EPOCH:: 17, (40m 3s) train_cost: 2.305, test_cost: 2.307, train_acc: 0.109, test_acc: 0.105
EPOCH:: 18, (42m 25s) train_cost: 2.305, test_cost: 2.302, train_acc: 0.106, test_acc: 0.110
EPOCH:: 19, (44m 46s) train_cost: 2.305, test_cost: 2.306, train_acc: 0.106, test_acc: 0.103
EPOCH:: 20, (47m 10s) train_cost: 2.305, test_cost: 2.305, train_acc: 0.107, test_acc: 0.110
EPOCH:: 21, (49m 33s) train_cost: 2.306, test_cost: 2.302, train_acc: 0.107, test_acc: 0.110
EPOCH:: 22, (51m 52s) train_cost: 2.305, test_cost: 2.305, train_acc: 0.109, test_acc: 0.110
EPOCH:: 23, (54m 8s) train_cost: nan, test_cost: nan, train_acc: 0.111, test_acc: 0.110
Stop learning due to the extremely high cost
max test_acc: 0.110
-------------------------------------------------------------------
10回目
{'weight_decay': 1.2832057514203078e-05, 'dropout': 0.7934820460664539, 'l_rate': 0.3540653347584405, 'clip': 11320.26690955919}
EPOCH:: 1, (2m 15s) train_cost: 4.440, test_cost: 2.304, train_acc: 0.104, test_acc: 0.110
EPOCH:: 2, (4m 33s) train_cost: 2.317, test_cost: 2.331, train_acc: 0.104, test_acc: 0.110
EPOCH:: 3, (6m 57s) train_cost: 2.321, test_cost: 2.317, train_acc: 0.101, test_acc: 0.103
EPOCH:: 4, (9m 19s) train_cost: 2.320, test_cost: 2.311, train_acc: 0.103, test_acc: 0.097
EPOCH:: 5, (11m 43s) train_cost: 2.320, test_cost: 2.338, train_acc: 0.102, test_acc: 0.103
EPOCH:: 6, (14m 4s) train_cost: 2.322, test_cost: 2.329, train_acc: 0.101, test_acc: 0.101
EPOCH:: 7, (16m 27s) train_cost: 2.322, test_cost: 2.311, train_acc: 0.104, test_acc: 0.110
EPOCH:: 8, (18m 49s) train_cost: 2.322, test_cost: 2.322, train_acc: 0.101, test_acc: 0.088
EPOCH:: 9, (21m 11s) train_cost: 2.321, test_cost: 2.317, train_acc: 0.101, test_acc: 0.105
EPOCH:: 10, (23m 25s) train_cost: 2.322, test_cost: 2.310, train_acc: 0.101, test_acc: 0.105
EPOCH:: 11, (25m 41s) train_cost: 2.322, test_cost: 2.316, train_acc: 0.104, test_acc: 0.103
EPOCH:: 12, (27m 56s) train_cost: 2.327, test_cost: 2.310, train_acc: 0.104, test_acc: 0.096
EPOCH:: 13, (30m 15s) train_cost: 2.321, test_cost: 2.312, train_acc: 0.104, test_acc: 0.110
EPOCH:: 14, (32m 37s) train_cost: 2.323, test_cost: 2.314, train_acc: 0.102, test_acc: 0.103
EPOCH:: 15, (35m 0s) train_cost: 2.323, test_cost: 2.326, train_acc: 0.102, test_acc: 0.088
EPOCH:: 16, (37m 20s) train_cost: 2.327, test_cost: 2.316, train_acc: 0.101, test_acc: 0.101
EPOCH:: 17, (39m 39s) train_cost: 2.321, test_cost: 2.318, train_acc: 0.103, test_acc: 0.097
EPOCH:: 18, (41m 56s) train_cost: 2.321, test_cost: 2.316, train_acc: 0.102, test_acc: 0.110
EPOCH:: 19, (44m 13s) train_cost: 2.326, test_cost: 2.321, train_acc: 0.104, test_acc: 0.110
EPOCH:: 20, (46m 36s) train_cost: 2.322, test_cost: 2.319, train_acc: 0.103, test_acc: 0.096
EPOCH:: 21, (48m 58s) train_cost: 2.321, test_cost: 2.312, train_acc: 0.099, test_acc: 0.099
EPOCH:: 22, (51m 20s) train_cost: 2.322, test_cost: 2.315, train_acc: 0.103, test_acc: 0.110
EPOCH:: 23, (53m 42s) train_cost: 2.319, test_cost: 2.318, train_acc: 0.102, test_acc: 0.110
EPOCH:: 24, (56m 3s) train_cost: 2.321, test_cost: 2.313, train_acc: 0.101, test_acc: 0.101
EPOCH:: 25, (58m 25s) train_cost: 2.322, test_cost: 2.321, train_acc: 0.101, test_acc: 0.105
EPOCH:: 26, (60m 49s) train_cost: 2.323, test_cost: 2.357, train_acc: 0.102, test_acc: 0.110
EPOCH:: 27, (63m 11s) train_cost: 2.321, test_cost: 2.336, train_acc: 0.101, test_acc: 0.110
EPOCH:: 28, (65m 33s) train_cost: 2.325, test_cost: 2.324, train_acc: 0.102, test_acc: 0.103
EPOCH:: 29, (67m 56s) train_cost: 2.324, test_cost: 2.311, train_acc: 0.103, test_acc: 0.100
EPOCH:: 30, (70m 18s) train_cost: 2.324, test_cost: 2.309, train_acc: 0.100, test_acc: 0.096
EPOCH:: 31, (72m 38s) train_cost: 2.324, test_cost: 2.333, train_acc: 0.104, test_acc: 0.110
EPOCH:: 32, (74m 56s) train_cost: 2.319, test_cost: 2.323, train_acc: 0.103, test_acc: 0.110
EPOCH:: 33, (77m 14s) train_cost: 2.324, test_cost: 2.311, train_acc: 0.101, test_acc: 0.110
EPOCH:: 34, (79m 33s) train_cost: 2.324, test_cost: 2.326, train_acc: 0.104, test_acc: 0.096
EPOCH:: 35, (81m 56s) train_cost: 2.321, test_cost: 2.320, train_acc: 0.103, test_acc: 0.103
EPOCH:: 36, (84m 23s) train_cost: 2.325, test_cost: 2.330, train_acc: 0.103, test_acc: 0.101
EPOCH:: 37, (86m 47s) train_cost: 2.332, test_cost: 2.315, train_acc: 0.103, test_acc: 0.103
EPOCH:: 38, (89m 13s) train_cost: 2.324, test_cost: 2.315, train_acc: 0.104, test_acc: 0.099
EPOCH:: 39, (91m 39s) train_cost: 2.322, test_cost: 2.316, train_acc: 0.103, test_acc: 0.097
EPOCH:: 40, (94m 5s) train_cost: 2.322, test_cost: 2.310, train_acc: 0.103, test_acc: 0.105
EPOCH:: 41, (96m 31s) train_cost: 2.321, test_cost: 2.327, train_acc: 0.103, test_acc: 0.110
EPOCH:: 42, (98m 57s) train_cost: 2.323, test_cost: 2.315, train_acc: 0.104, test_acc: 0.110
EPOCH:: 43, (101m 24s) train_cost: 2.325, test_cost: 2.319, train_acc: 0.103, test_acc: 0.105
EPOCH:: 44, (103m 49s) train_cost: 2.320, test_cost: 2.318, train_acc: 0.104, test_acc: 0.110
EPOCH:: 45, (106m 9s) train_cost: 2.322, test_cost: 2.315, train_acc: 0.103, test_acc: 0.099
EPOCH:: 46, (108m 29s) train_cost: 2.327, test_cost: 2.337, train_acc: 0.102, test_acc: 0.105
EPOCH:: 47, (110m 48s) train_cost: 2.323, test_cost: 2.318, train_acc: 0.101, test_acc: 0.103
EPOCH:: 48, (113m 13s) train_cost: 2.323, test_cost: 2.334, train_acc: 0.101, test_acc: 0.110
EPOCH:: 49, (115m 42s) train_cost: 2.320, test_cost: 2.314, train_acc: 0.104, test_acc: 0.103
EPOCH:: 50, (118m 13s) train_cost: 2.328, test_cost: 2.316, train_acc: 0.104, test_acc: 0.096
max test_acc: 0.110
-------------------------------------------------------------------
11回目
{'weight_decay': 0.00011813244108811544, 'dropout': 0.26173877481275953, 'l_rate': 0.0037046604805510137, 'clip': 2925.4042227640757}
EPOCH:: 1, (2m 24s) train_cost: 2.322, test_cost: 2.303, train_acc: 0.103, test_acc: 0.100
EPOCH:: 2, (4m 49s) train_cost: 2.325, test_cost: 2.308, train_acc: 0.103, test_acc: 0.110
EPOCH:: 3, (7m 14s) train_cost: 2.310, test_cost: 2.304, train_acc: 0.105, test_acc: 0.110
EPOCH:: 4, (9m 40s) train_cost: 2.308, test_cost: 2.304, train_acc: 0.108, test_acc: 0.101
EPOCH:: 5, (12m 12s) train_cost: 2.307, test_cost: 2.304, train_acc: 0.105, test_acc: 0.110
EPOCH:: 6, (14m 42s) train_cost: 2.306, test_cost: 2.308, train_acc: 0.105, test_acc: 0.110
EPOCH:: 7, (17m 11s) train_cost: 2.306, test_cost: 2.303, train_acc: 0.105, test_acc: 0.096
EPOCH:: 8, (19m 31s) train_cost: 2.305, test_cost: 2.304, train_acc: 0.106, test_acc: 0.105
EPOCH:: 9, (21m 50s) train_cost: 2.317, test_cost: 2.312, train_acc: 0.105, test_acc: 0.103
EPOCH:: 10, (24m 10s) train_cost: 2.306, test_cost: 2.305, train_acc: 0.106, test_acc: 0.100
EPOCH:: 11, (26m 34s) train_cost: 2.312, test_cost: 2.308, train_acc: 0.104, test_acc: 0.096
EPOCH:: 12, (28m 58s) train_cost: 2.306, test_cost: 2.306, train_acc: 0.107, test_acc: 0.105
EPOCH:: 13, (31m 25s) train_cost: 2.305, test_cost: 2.305, train_acc: 0.106, test_acc: 0.105
EPOCH:: 14, (33m 55s) train_cost: 2.321, test_cost: 2.309, train_acc: 0.103, test_acc: 0.103
EPOCH:: 15, (36m 20s) train_cost: 2.310, test_cost: 2.311, train_acc: 0.104, test_acc: 0.105
EPOCH:: 16, (38m 43s) train_cost: 2.307, test_cost: 2.302, train_acc: 0.104, test_acc: 0.105
EPOCH:: 17, (41m 13s) train_cost: 2.306, test_cost: 2.308, train_acc: 0.107, test_acc: 0.097
EPOCH:: 18, (43m 38s) train_cost: 2.306, test_cost: 2.303, train_acc: 0.104, test_acc: 0.101
EPOCH:: 19, (46m 9s) train_cost: 2.305, test_cost: 2.305, train_acc: 0.106, test_acc: 0.103
EPOCH:: 20, (48m 38s) train_cost: 2.304, test_cost: 2.303, train_acc: 0.108, test_acc: 0.110
EPOCH:: 21, (51m 5s) train_cost: 2.303, test_cost: 2.302, train_acc: 0.108, test_acc: 0.110
EPOCH:: 22, (53m 22s) train_cost: 2.303, test_cost: 2.302, train_acc: 0.109, test_acc: 0.110
EPOCH:: 23, (55m 41s) train_cost: 2.302, test_cost: 2.302, train_acc: 0.112, test_acc: 0.110
EPOCH:: 24, (58m 0s) train_cost: 2.302, test_cost: 2.303, train_acc: 0.113, test_acc: 0.110
EPOCH:: 25, (60m 24s) train_cost: 2.302, test_cost: 2.302, train_acc: 0.113, test_acc: 0.110
EPOCH:: 26, (62m 49s) train_cost: 2.302, test_cost: 2.303, train_acc: 0.112, test_acc: 0.110
EPOCH:: 27, (65m 14s) train_cost: 2.302, test_cost: 2.301, train_acc: 0.113, test_acc: 0.110
EPOCH:: 28, (67m 40s) train_cost: 2.302, test_cost: 2.302, train_acc: 0.113, test_acc: 0.110
EPOCH:: 29, (70m 5s) train_cost: 2.302, test_cost: 2.302, train_acc: 0.113, test_acc: 0.110
EPOCH:: 30, (72m 26s) train_cost: 2.302, test_cost: 2.302, train_acc: 0.113, test_acc: 0.110
EPOCH:: 31, (74m 45s) train_cost: 2.302, test_cost: 2.302, train_acc: 0.112, test_acc: 0.110
EPOCH:: 32, (77m 4s) train_cost: 2.302, test_cost: 2.302, train_acc: 0.112, test_acc: 0.110
EPOCH:: 33, (79m 26s) train_cost: 2.302, test_cost: 2.302, train_acc: 0.112, test_acc: 0.110
EPOCH:: 34, (81m 50s) train_cost: 2.302, test_cost: 2.302, train_acc: 0.113, test_acc: 0.110
EPOCH:: 35, (84m 17s) train_cost: 2.302, test_cost: 2.302, train_acc: 0.112, test_acc: 0.110
EPOCH:: 36, (86m 43s) train_cost: 2.302, test_cost: 2.303, train_acc: 0.112, test_acc: 0.110
EPOCH:: 37, (89m 9s) train_cost: 2.302, test_cost: 2.302, train_acc: 0.112, test_acc: 0.110
EPOCH:: 38, (91m 33s) train_cost: 2.302, test_cost: 2.303, train_acc: 0.113, test_acc: 0.110
EPOCH:: 39, (93m 53s) train_cost: 2.302, test_cost: 2.304, train_acc: 0.111, test_acc: 0.105
EPOCH:: 40, (96m 13s) train_cost: 2.302, test_cost: 2.302, train_acc: 0.112, test_acc: 0.110
EPOCH:: 41, (98m 33s) train_cost: 2.302, test_cost: 2.302, train_acc: 0.112, test_acc: 0.110
EPOCH:: 42, (101m 3s) train_cost: 2.302, test_cost: 2.302, train_acc: 0.113, test_acc: 0.110
EPOCH:: 43, (103m 28s) train_cost: 2.302, test_cost: 2.302, train_acc: 0.111, test_acc: 0.110
EPOCH:: 44, (105m 54s) train_cost: 2.302, test_cost: 2.302, train_acc: 0.112, test_acc: 0.110
EPOCH:: 45, (108m 19s) train_cost: 2.302, test_cost: 2.301, train_acc: 0.112, test_acc: 0.110
EPOCH:: 46, (110m 44s) train_cost: 2.302, test_cost: 2.302, train_acc: 0.112, test_acc: 0.110
EPOCH:: 47, (113m 8s) train_cost: 2.302, test_cost: 2.302, train_acc: 0.112, test_acc: 0.110
EPOCH:: 48, (115m 31s) train_cost: 2.302, test_cost: 2.302, train_acc: 0.112, test_acc: 0.110
EPOCH:: 49, (117m 56s) train_cost: 2.302, test_cost: 2.302, train_acc: 0.113, test_acc: 0.110
EPOCH:: 50, (120m 21s) train_cost: 2.302, test_cost: 2.302, train_acc: 0.112, test_acc: 0.110
max test_acc: 0.110
-------------------------------------------------------------------
12回目
{'weight_decay': 0.0004790369686519976, 'dropout': 0.06992321494455245, 'l_rate': 0.01008880044142326, 'clip': 26.766944371418067}
EPOCH:: 1, (2m 24s) train_cost: 2.320, test_cost: 2.302, train_acc: 0.103, test_acc: 0.110
EPOCH:: 2, (4m 50s) train_cost: 2.388, test_cost: 2.321, train_acc: 0.101, test_acc: 0.103
EPOCH:: 3, (7m 16s) train_cost: 2.329, test_cost: 2.314, train_acc: 0.102, test_acc: 0.103
EPOCH:: 4, (9m 36s) train_cost: 2.312, test_cost: 2.305, train_acc: 0.105, test_acc: 0.101
EPOCH:: 5, (11m 55s) train_cost: 2.331, test_cost: 2.570, train_acc: 0.104, test_acc: 0.101
EPOCH:: 6, (14m 15s) train_cost: 2.371, test_cost: 2.343, train_acc: 0.101, test_acc: 0.101
EPOCH:: 7, (16m 36s) train_cost: 2.325, test_cost: 2.303, train_acc: 0.100, test_acc: 0.110
EPOCH:: 8, (18m 53s) train_cost: 2.307, test_cost: 2.306, train_acc: 0.107, test_acc: 0.105
EPOCH:: 9, (21m 15s) train_cost: 2.305, test_cost: 2.304, train_acc: 0.106, test_acc: 0.103
EPOCH:: 10, (23m 40s) train_cost: 2.303, test_cost: 2.303, train_acc: 0.110, test_acc: 0.103
EPOCH:: 11, (26m 6s) train_cost: 2.302, test_cost: 2.304, train_acc: 0.111, test_acc: 0.110
EPOCH:: 12, (28m 32s) train_cost: 2.302, test_cost: 2.303, train_acc: 0.110, test_acc: 0.110
EPOCH:: 13, (31m 2s) train_cost: 2.302, test_cost: 2.302, train_acc: 0.111, test_acc: 0.110
EPOCH:: 14, (33m 34s) train_cost: 2.302, test_cost: 2.302, train_acc: 0.112, test_acc: 0.110
EPOCH:: 15, (36m 2s) train_cost: 2.302, test_cost: 2.302, train_acc: 0.111, test_acc: 0.105
EPOCH:: 16, (38m 28s) train_cost: 2.302, test_cost: 2.302, train_acc: 0.112, test_acc: 0.110
EPOCH:: 17, (40m 53s) train_cost: 2.302, test_cost: 2.304, train_acc: 0.112, test_acc: 0.097
EPOCH:: 18, (43m 19s) train_cost: 2.302, test_cost: 2.301, train_acc: 0.111, test_acc: 0.110
EPOCH:: 19, (45m 43s) train_cost: 2.302, test_cost: 2.305, train_acc: 0.111, test_acc: 0.103
EPOCH:: 20, (48m 9s) train_cost: 2.303, test_cost: 2.303, train_acc: 0.111, test_acc: 0.110
EPOCH:: 21, (50m 32s) train_cost: 2.302, test_cost: 2.301, train_acc: 0.110, test_acc: 0.110
EPOCH:: 22, (53m 5s) train_cost: 2.303, test_cost: 2.303, train_acc: 0.110, test_acc: 0.110
EPOCH:: 23, (55m 32s) train_cost: 2.303, test_cost: 2.304, train_acc: 0.110, test_acc: 0.110
EPOCH:: 24, (57m 59s) train_cost: 2.303, test_cost: 2.303, train_acc: 0.110, test_acc: 0.110
EPOCH:: 25, (60m 17s) train_cost: 2.303, test_cost: 2.302, train_acc: 0.111, test_acc: 0.110
EPOCH:: 26, (62m 33s) train_cost: 2.303, test_cost: 2.304, train_acc: 0.112, test_acc: 0.110
EPOCH:: 27, (64m 52s) train_cost: 2.303, test_cost: 2.302, train_acc: 0.109, test_acc: 0.110
EPOCH:: 28, (67m 11s) train_cost: 2.303, test_cost: 2.306, train_acc: 0.111, test_acc: 0.110
EPOCH:: 29, (69m 31s) train_cost: 2.303, test_cost: 2.303, train_acc: 0.110, test_acc: 0.110
EPOCH:: 30, (71m 51s) train_cost: 2.303, test_cost: 2.302, train_acc: 0.110, test_acc: 0.110
EPOCH:: 31, (74m 9s) train_cost: 2.303, test_cost: 2.306, train_acc: 0.107, test_acc: 0.110
EPOCH:: 32, (76m 25s) train_cost: 2.303, test_cost: 2.302, train_acc: 0.111, test_acc: 0.110
EPOCH:: 33, (78m 41s) train_cost: 2.303, test_cost: 2.302, train_acc: 0.110, test_acc: 0.110
EPOCH:: 34, (80m 57s) train_cost: 2.303, test_cost: 2.303, train_acc: 0.111, test_acc: 0.110
EPOCH:: 35, (83m 16s) train_cost: 2.303, test_cost: 2.302, train_acc: 0.110, test_acc: 0.110
EPOCH:: 36, (85m 37s) train_cost: 2.303, test_cost: 2.303, train_acc: 0.111, test_acc: 0.099
EPOCH:: 37, (87m 58s) train_cost: 2.356, test_cost: 2.449, train_acc: 0.108, test_acc: 0.105
EPOCH:: 38, (90m 19s) train_cost: 2.346, test_cost: 2.319, train_acc: 0.103, test_acc: 0.103
EPOCH:: 39, (92m 40s) train_cost: nan, test_cost: nan, train_acc: 0.112, test_acc: 0.110
Stop learning due to the extremely high cost
max test_acc: 0.110
-------------------------------------------------------------------
13回目
{'weight_decay': 0.0005218105327037839, 'dropout': 0.6153484833935186, 'l_rate': 5.2145187885230414e-05, 'clip': 142.17520268810432}
EPOCH:: 1, (2m 20s) train_cost: 2.029, test_cost: 1.639, train_acc: 0.282, test_acc: 0.510
EPOCH:: 2, (4m 40s) train_cost: 1.401, test_cost: 1.107, train_acc: 0.552, test_acc: 0.670
EPOCH:: 3, (7m 2s) train_cost: 1.407, test_cost: 1.083, train_acc: 0.534, test_acc: 0.666
EPOCH:: 4, (9m 22s) train_cost: 1.064, test_cost: 0.865, train_acc: 0.661, test_acc: 0.737
EPOCH:: 5, (11m 42s) train_cost: 0.908, test_cost: 0.752, train_acc: 0.712, test_acc: 0.768
EPOCH:: 6, (14m 1s) train_cost: 0.824, test_cost: 0.705, train_acc: 0.734, test_acc: 0.778
EPOCH:: 7, (16m 19s) train_cost: 0.784, test_cost: 0.702, train_acc: 0.744, test_acc: 0.776
EPOCH:: 8, (18m 35s) train_cost: 0.758, test_cost: 0.664, train_acc: 0.751, test_acc: 0.782
EPOCH:: 9, (20m 51s) train_cost: 0.723, test_cost: 0.646, train_acc: 0.762, test_acc: 0.790
EPOCH:: 10, (23m 9s) train_cost: 0.687, test_cost: 0.621, train_acc: 0.774, test_acc: 0.799
EPOCH:: 11, (25m 30s) train_cost: 0.679, test_cost: 0.656, train_acc: 0.777, test_acc: 0.786
EPOCH:: 12, (27m 50s) train_cost: 0.665, test_cost: 0.580, train_acc: 0.781, test_acc: 0.810
EPOCH:: 13, (30m 9s) train_cost: 0.659, test_cost: 0.607, train_acc: 0.783, test_acc: 0.798
EPOCH:: 14, (32m 25s) train_cost: 0.640, test_cost: 0.573, train_acc: 0.791, test_acc: 0.812
EPOCH:: 15, (34m 41s) train_cost: 0.613, test_cost: 0.568, train_acc: 0.797, test_acc: 0.810
EPOCH:: 16, (36m 58s) train_cost: 0.616, test_cost: 0.545, train_acc: 0.795, test_acc: 0.821
EPOCH:: 17, (39m 17s) train_cost: 0.601, test_cost: 0.572, train_acc: 0.801, test_acc: 0.813
EPOCH:: 18, (41m 38s) train_cost: 0.582, test_cost: 0.516, train_acc: 0.808, test_acc: 0.830
EPOCH:: 19, (43m 58s) train_cost: 0.580, test_cost: 0.509, train_acc: 0.810, test_acc: 0.835
EPOCH:: 20, (46m 19s) train_cost: 0.569, test_cost: 0.535, train_acc: 0.814, test_acc: 0.827
EPOCH:: 21, (48m 40s) train_cost: 0.561, test_cost: 0.519, train_acc: 0.819, test_acc: 0.826
EPOCH:: 22, (51m 0s) train_cost: 0.551, test_cost: 0.530, train_acc: 0.820, test_acc: 0.825
EPOCH:: 23, (53m 21s) train_cost: 0.549, test_cost: 0.562, train_acc: 0.821, test_acc: 0.808
EPOCH:: 24, (55m 41s) train_cost: 0.538, test_cost: 0.508, train_acc: 0.825, test_acc: 0.835
EPOCH:: 25, (57m 56s) train_cost: 0.528, test_cost: 0.512, train_acc: 0.829, test_acc: 0.832
EPOCH:: 26, (60m 13s) train_cost: 0.526, test_cost: 0.517, train_acc: 0.830, test_acc: 0.830
EPOCH:: 27, (62m 28s) train_cost: 0.516, test_cost: 0.467, train_acc: 0.835, test_acc: 0.846
EPOCH:: 28, (64m 46s) train_cost: 0.505, test_cost: 0.484, train_acc: 0.839, test_acc: 0.840
EPOCH:: 29, (67m 6s) train_cost: 0.499, test_cost: 0.478, train_acc: 0.840, test_acc: 0.841
EPOCH:: 30, (69m 27s) train_cost: 0.493, test_cost: 0.474, train_acc: 0.845, test_acc: 0.849
EPOCH:: 31, (71m 48s) train_cost: 0.483, test_cost: 0.448, train_acc: 0.848, test_acc: 0.855
EPOCH:: 32, (74m 9s) train_cost: 0.473, test_cost: 0.442, train_acc: 0.851, test_acc: 0.861
EPOCH:: 33, (76m 28s) train_cost: 0.472, test_cost: 0.458, train_acc: 0.854, test_acc: 0.856
EPOCH:: 34, (78m 49s) train_cost: 0.450, test_cost: 0.425, train_acc: 0.861, test_acc: 0.869
EPOCH:: 35, (81m 9s) train_cost: 0.444, test_cost: 0.500, train_acc: 0.865, test_acc: 0.841
EPOCH:: 36, (83m 29s) train_cost: 0.434, test_cost: 0.406, train_acc: 0.868, test_acc: 0.876
EPOCH:: 37, (85m 50s) train_cost: 0.429, test_cost: 0.377, train_acc: 0.870, test_acc: 0.886
EPOCH:: 38, (88m 11s) train_cost: 0.409, test_cost: 0.378, train_acc: 0.880, test_acc: 0.885
EPOCH:: 39, (90m 26s) train_cost: 0.411, test_cost: 0.384, train_acc: 0.877, test_acc: 0.883
EPOCH:: 40, (92m 44s) train_cost: 0.400, test_cost: 0.350, train_acc: 0.882, test_acc: 0.899
EPOCH:: 41, (95m 0s) train_cost: 0.377, test_cost: 0.385, train_acc: 0.888, test_acc: 0.884
EPOCH:: 42, (97m 16s) train_cost: 0.378, test_cost: 0.401, train_acc: 0.887, test_acc: 0.877
EPOCH:: 43, (99m 37s) train_cost: 0.377, test_cost: 0.349, train_acc: 0.888, test_acc: 0.893
EPOCH:: 44, (101m 58s) train_cost: 0.365, test_cost: 0.351, train_acc: 0.893, test_acc: 0.897
EPOCH:: 45, (104m 18s) train_cost: 0.363, test_cost: 0.358, train_acc: 0.892, test_acc: 0.891
EPOCH:: 46, (106m 39s) train_cost: 0.361, test_cost: 0.340, train_acc: 0.893, test_acc: 0.898
EPOCH:: 47, (108m 59s) train_cost: 0.345, test_cost: 0.371, train_acc: 0.897, test_acc: 0.887
EPOCH:: 48, (111m 20s) train_cost: 0.347, test_cost: 0.346, train_acc: 0.898, test_acc: 0.897
EPOCH:: 49, (113m 40s) train_cost: 0.335, test_cost: 0.306, train_acc: 0.902, test_acc: 0.911
EPOCH:: 50, (116m 1s) train_cost: 0.346, test_cost: 0.333, train_acc: 0.898, test_acc: 0.902
max test_acc: 0.911
-------------------------------------------------------------------
14回目
{'weight_decay': 0.00013750759295116536, 'dropout': 0.9111234226044, 'l_rate': 0.00023777521169827064, 'clip': 8645.556213573691}
EPOCH:: 1, (2m 20s) train_cost: 2.282, test_cost: 1.525, train_acc: 0.183, test_acc: 0.433
EPOCH:: 2, (4m 40s) train_cost: 2.078, test_cost: 2.298, train_acc: 0.279, test_acc: 0.114
EPOCH:: 3, (6m 57s) train_cost: 1.943, test_cost: 1.404, train_acc: 0.276, test_acc: 0.516
EPOCH:: 4, (9m 14s) train_cost: 1.362, test_cost: 1.075, train_acc: 0.511, test_acc: 0.630
EPOCH:: 5, (11m 30s) train_cost: 1.649, test_cost: 1.063, train_acc: 0.441, test_acc: 0.643
EPOCH:: 6, (13m 49s) train_cost: 1.157, test_cost: 0.790, train_acc: 0.604, test_acc: 0.737
EPOCH:: 7, (16m 10s) train_cost: 0.954, test_cost: 0.791, train_acc: 0.683, test_acc: 0.725
EPOCH:: 8, (18m 31s) train_cost: 0.882, test_cost: 0.656, train_acc: 0.710, test_acc: 0.776
EPOCH:: 9, (20m 52s) train_cost: 0.783, test_cost: 0.602, train_acc: 0.748, test_acc: 0.801
EPOCH:: 10, (23m 11s) train_cost: 0.754, test_cost: 0.606, train_acc: 0.758, test_acc: 0.791
EPOCH:: 11, (25m 32s) train_cost: 0.716, test_cost: 0.545, train_acc: 0.772, test_acc: 0.811
EPOCH:: 12, (27m 53s) train_cost: 0.679, test_cost: 0.518, train_acc: 0.783, test_acc: 0.821
EPOCH:: 13, (30m 12s) train_cost: 0.659, test_cost: 0.501, train_acc: 0.791, test_acc: 0.816
EPOCH:: 14, (32m 33s) train_cost: 0.612, test_cost: 0.466, train_acc: 0.807, test_acc: 0.833
EPOCH:: 15, (34m 54s) train_cost: 0.620, test_cost: 0.497, train_acc: 0.804, test_acc: 0.838
EPOCH:: 16, (37m 14s) train_cost: 0.581, test_cost: 0.418, train_acc: 0.821, test_acc: 0.854
EPOCH:: 17, (39m 31s) train_cost: 0.553, test_cost: 0.438, train_acc: 0.835, test_acc: 0.867
EPOCH:: 18, (41m 48s) train_cost: 0.526, test_cost: 0.407, train_acc: 0.851, test_acc: 0.881
EPOCH:: 19, (44m 5s) train_cost: 0.495, test_cost: 0.389, train_acc: 0.862, test_acc: 0.890
EPOCH:: 20, (46m 22s) train_cost: 0.493, test_cost: 0.374, train_acc: 0.869, test_acc: 0.892
EPOCH:: 21, (48m 43s) train_cost: 0.469, test_cost: 0.505, train_acc: 0.879, test_acc: 0.857
EPOCH:: 22, (51m 4s) train_cost: 0.462, test_cost: 0.326, train_acc: 0.880, test_acc: 0.906
EPOCH:: 23, (53m 25s) train_cost: 0.454, test_cost: 0.336, train_acc: 0.883, test_acc: 0.903
EPOCH:: 24, (55m 46s) train_cost: 0.442, test_cost: 0.313, train_acc: 0.887, test_acc: 0.912
EPOCH:: 25, (58m 6s) train_cost: 0.398, test_cost: 0.335, train_acc: 0.901, test_acc: 0.907
EPOCH:: 26, (60m 26s) train_cost: 0.388, test_cost: 0.291, train_acc: 0.904, test_acc: 0.921
EPOCH:: 27, (62m 46s) train_cost: 0.431, test_cost: 0.267, train_acc: 0.891, test_acc: 0.930
EPOCH:: 28, (65m 7s) train_cost: 0.375, test_cost: 0.275, train_acc: 0.908, test_acc: 0.922
EPOCH:: 29, (67m 28s) train_cost: 0.359, test_cost: 0.304, train_acc: 0.913, test_acc: 0.916
EPOCH:: 30, (69m 48s) train_cost: 0.353, test_cost: 0.286, train_acc: 0.914, test_acc: 0.925
EPOCH:: 31, (72m 8s) train_cost: 0.353, test_cost: 0.277, train_acc: 0.913, test_acc: 0.923
EPOCH:: 32, (74m 28s) train_cost: 1.739, test_cost: 1.336, train_acc: 0.468, test_acc: 0.558
EPOCH:: 33, (76m 44s) train_cost: 1.214, test_cost: 0.954, train_acc: 0.589, test_acc: 0.673
EPOCH:: 34, (79m 0s) train_cost: 0.823, test_cost: 0.552, train_acc: 0.735, test_acc: 0.808
EPOCH:: 35, (81m 17s) train_cost: 0.690, test_cost: 0.496, train_acc: 0.785, test_acc: 0.839
EPOCH:: 36, (83m 35s) train_cost: 0.626, test_cost: 0.614, train_acc: 0.812, test_acc: 0.805
EPOCH:: 37, (85m 53s) train_cost: 0.556, test_cost: 0.427, train_acc: 0.839, test_acc: 0.858
EPOCH:: 38, (88m 12s) train_cost: 0.490, test_cost: 0.344, train_acc: 0.864, test_acc: 0.897
EPOCH:: 39, (90m 30s) train_cost: 0.536, test_cost: 0.758, train_acc: 0.850, test_acc: 0.751
EPOCH:: 40, (92m 53s) train_cost: 0.464, test_cost: 0.305, train_acc: 0.875, test_acc: 0.910
EPOCH:: 41, (95m 18s) train_cost: 0.421, test_cost: 0.391, train_acc: 0.890, test_acc: 0.887
EPOCH:: 42, (97m 39s) train_cost: 0.385, test_cost: 0.338, train_acc: 0.901, test_acc: 0.901
EPOCH:: 43, (100m 0s) train_cost: 0.385, test_cost: 0.250, train_acc: 0.900, test_acc: 0.929
EPOCH:: 44, (102m 22s) train_cost: 0.359, test_cost: 0.254, train_acc: 0.910, test_acc: 0.926
EPOCH:: 45, (104m 44s) train_cost: 0.350, test_cost: 0.256, train_acc: 0.914, test_acc: 0.928
EPOCH:: 46, (107m 6s) train_cost: 0.336, test_cost: 0.230, train_acc: 0.916, test_acc: 0.938
EPOCH:: 47, (109m 29s) train_cost: 1.507, test_cost: 2.801, train_acc: 0.632, test_acc: 0.102
EPOCH:: 48, (111m 52s) train_cost: 2.613, test_cost: 2.165, train_acc: 0.104, test_acc: 0.224
EPOCH:: 49, (114m 14s) train_cost: 1.828, test_cost: 1.349, train_acc: 0.345, test_acc: 0.509
EPOCH:: 50, (116m 38s) train_cost: 2.021, test_cost: 2.271, train_acc: 0.297, test_acc: 0.116
max test_acc: 0.938
-------------------------------------------------------------------
15回目
{'weight_decay': 0.001065126263538608, 'dropout': 0.5772864456204437, 'l_rate': 7.401755669477613e-05, 'clip': 1154.0619889277184}
EPOCH:: 1, (2m 20s) train_cost: 1.927, test_cost: 1.420, train_acc: 0.326, test_acc: 0.575
EPOCH:: 2, (4m 44s) train_cost: 1.285, test_cost: 1.138, train_acc: 0.597, test_acc: 0.636
EPOCH:: 3, (7m 9s) train_cost: 1.000, test_cost: 0.819, train_acc: 0.687, test_acc: 0.752
EPOCH:: 4, (9m 31s) train_cost: 0.856, test_cost: 0.738, train_acc: 0.726, test_acc: 0.766
EPOCH:: 5, (11m 51s) train_cost: 0.778, test_cost: 0.691, train_acc: 0.744, test_acc: 0.778
EPOCH:: 6, (14m 14s) train_cost: 0.742, test_cost: 0.669, train_acc: 0.753, test_acc: 0.782
EPOCH:: 7, (16m 36s) train_cost: 0.694, test_cost: 0.638, train_acc: 0.767, test_acc: 0.787
EPOCH:: 8, (18m 52s) train_cost: 0.659, test_cost: 0.599, train_acc: 0.782, test_acc: 0.801
EPOCH:: 9, (21m 13s) train_cost: 0.642, test_cost: 0.563, train_acc: 0.787, test_acc: 0.815
EPOCH:: 10, (23m 35s) train_cost: 0.609, test_cost: 0.553, train_acc: 0.801, test_acc: 0.821
EPOCH:: 11, (25m 59s) train_cost: 0.584, test_cost: 0.599, train_acc: 0.811, test_acc: 0.799
EPOCH:: 12, (28m 20s) train_cost: 0.565, test_cost: 0.541, train_acc: 0.820, test_acc: 0.832
EPOCH:: 13, (30m 47s) train_cost: 0.549, test_cost: 0.548, train_acc: 0.826, test_acc: 0.825
EPOCH:: 14, (33m 14s) train_cost: 0.526, test_cost: 0.456, train_acc: 0.836, test_acc: 0.862
EPOCH:: 15, (35m 39s) train_cost: 0.518, test_cost: 0.471, train_acc: 0.838, test_acc: 0.854
EPOCH:: 16, (38m 4s) train_cost: 0.490, test_cost: 0.464, train_acc: 0.850, test_acc: 0.850
EPOCH:: 17, (40m 26s) train_cost: 0.472, test_cost: 0.524, train_acc: 0.858, test_acc: 0.831
EPOCH:: 18, (42m 51s) train_cost: 0.459, test_cost: 0.431, train_acc: 0.862, test_acc: 0.868
EPOCH:: 19, (45m 16s) train_cost: 0.445, test_cost: 0.413, train_acc: 0.864, test_acc: 0.873
EPOCH:: 20, (47m 41s) train_cost: 0.435, test_cost: 0.412, train_acc: 0.871, test_acc: 0.875
EPOCH:: 21, (50m 3s) train_cost: 0.425, test_cost: 0.406, train_acc: 0.873, test_acc: 0.876
EPOCH:: 22, (52m 31s) train_cost: 0.412, test_cost: 0.380, train_acc: 0.876, test_acc: 0.886
EPOCH:: 23, (54m 51s) train_cost: 0.406, test_cost: 0.367, train_acc: 0.878, test_acc: 0.887
EPOCH:: 24, (57m 18s) train_cost: 0.388, test_cost: 0.348, train_acc: 0.884, test_acc: 0.896
EPOCH:: 25, (59m 40s) train_cost: 0.378, test_cost: 0.338, train_acc: 0.889, test_acc: 0.899
EPOCH:: 26, (62m 6s) train_cost: 0.363, test_cost: 0.352, train_acc: 0.894, test_acc: 0.896
EPOCH:: 27, (64m 31s) train_cost: 0.367, test_cost: 0.309, train_acc: 0.891, test_acc: 0.908
EPOCH:: 28, (66m 31s) train_cost: 0.346, test_cost: 0.343, train_acc: 0.898, test_acc: 0.902
EPOCH:: 29, (68m 38s) train_cost: 0.351, test_cost: 0.331, train_acc: 0.897, test_acc: 0.899
EPOCH:: 30, (70m 57s) train_cost: 0.329, test_cost: 0.295, train_acc: 0.903, test_acc: 0.913
EPOCH:: 31, (73m 22s) train_cost: 0.324, test_cost: 0.345, train_acc: 0.906, test_acc: 0.897
EPOCH:: 32, (75m 40s) train_cost: 0.324, test_cost: 0.291, train_acc: 0.905, test_acc: 0.915
EPOCH:: 33, (77m 59s) train_cost: 0.306, test_cost: 0.336, train_acc: 0.911, test_acc: 0.897
EPOCH:: 34, (80m 23s) train_cost: 0.303, test_cost: 0.286, train_acc: 0.912, test_acc: 0.916
EPOCH:: 35, (82m 45s) train_cost: 0.294, test_cost: 0.284, train_acc: 0.915, test_acc: 0.915
EPOCH:: 36, (85m 9s) train_cost: 0.294, test_cost: 0.328, train_acc: 0.914, test_acc: 0.901
EPOCH:: 37, (87m 34s) train_cost: 0.286, test_cost: 0.288, train_acc: 0.918, test_acc: 0.913
EPOCH:: 38, (89m 55s) train_cost: 0.278, test_cost: 0.259, train_acc: 0.918, test_acc: 0.924
EPOCH:: 39, (92m 20s) train_cost: 0.289, test_cost: 0.250, train_acc: 0.916, test_acc: 0.925
EPOCH:: 40, (94m 43s) train_cost: 0.264, test_cost: 0.301, train_acc: 0.924, test_acc: 0.910
EPOCH:: 41, (97m 4s) train_cost: 0.263, test_cost: 0.340, train_acc: 0.924, test_acc: 0.897
EPOCH:: 42, (99m 30s) train_cost: 0.265, test_cost: 0.285, train_acc: 0.923, test_acc: 0.917
EPOCH:: 43, (101m 48s) train_cost: 0.253, test_cost: 0.269, train_acc: 0.927, test_acc: 0.924
EPOCH:: 44, (104m 11s) train_cost: 0.264, test_cost: 0.248, train_acc: 0.924, test_acc: 0.927
EPOCH:: 45, (106m 34s) train_cost: 0.245, test_cost: 0.249, train_acc: 0.929, test_acc: 0.925
EPOCH:: 46, (109m 1s) train_cost: 0.247, test_cost: 0.242, train_acc: 0.929, test_acc: 0.930
EPOCH:: 47, (111m 23s) train_cost: 0.246, test_cost: 0.246, train_acc: 0.929, test_acc: 0.928
EPOCH:: 48, (113m 49s) train_cost: 0.233, test_cost: 0.249, train_acc: 0.933, test_acc: 0.926
EPOCH:: 49, (116m 11s) train_cost: 0.239, test_cost: 0.223, train_acc: 0.932, test_acc: 0.933
EPOCH:: 50, (118m 31s) train_cost: 0.233, test_cost: 0.238, train_acc: 0.933, test_acc: 0.929
max test_acc: 0.933
-------------------------------------------------------------------
16回目
{'weight_decay': 1.3925134707499966e-05, 'dropout': 0.5863996308964406, 'l_rate': 0.007978400618235574, 'clip': 246.85727576193466}
EPOCH:: 1, (2m 18s) train_cost: 2.326, test_cost: 2.305, train_acc: 0.100, test_acc: 0.100
EPOCH:: 2, (4m 43s) train_cost: 2.309, test_cost: 2.304, train_acc: 0.103, test_acc: 0.099
EPOCH:: 3, (7m 5s) train_cost: 2.306, test_cost: 2.303, train_acc: 0.106, test_acc: 0.110
EPOCH:: 4, (9m 27s) train_cost: 2.305, test_cost: 2.302, train_acc: 0.107, test_acc: 0.105
EPOCH:: 5, (11m 47s) train_cost: 2.304, test_cost: 2.303, train_acc: 0.107, test_acc: 0.110
EPOCH:: 6, (14m 5s) train_cost: 2.303, test_cost: 2.299, train_acc: 0.110, test_acc: 0.116
EPOCH:: 7, (16m 29s) train_cost: 2.378, test_cost: 2.304, train_acc: 0.103, test_acc: 0.110
EPOCH:: 8, (18m 51s) train_cost: 2.325, test_cost: 2.308, train_acc: 0.102, test_acc: 0.105
EPOCH:: 9, (21m 16s) train_cost: 2.319, test_cost: 2.323, train_acc: 0.106, test_acc: 0.110
EPOCH:: 10, (23m 36s) train_cost: 2.317, test_cost: 2.320, train_acc: 0.104, test_acc: 0.103
EPOCH:: 11, (25m 59s) train_cost: 2.318, test_cost: 2.316, train_acc: 0.104, test_acc: 0.110
EPOCH:: 12, (28m 21s) train_cost: 2.318, test_cost: 2.306, train_acc: 0.103, test_acc: 0.103
EPOCH:: 13, (30m 43s) train_cost: 2.316, test_cost: 2.313, train_acc: 0.107, test_acc: 0.100
EPOCH:: 14, (32m 55s) train_cost: 2.317, test_cost: 2.308, train_acc: 0.101, test_acc: 0.110
EPOCH:: 15, (35m 16s) train_cost: 2.316, test_cost: 2.309, train_acc: 0.105, test_acc: 0.105
EPOCH:: 16, (37m 35s) train_cost: 2.314, test_cost: 2.279, train_acc: 0.105, test_acc: 0.180
EPOCH:: 17, (39m 55s) train_cost: 2.204, test_cost: 2.278, train_acc: 0.171, test_acc: 0.104
EPOCH:: 18, (42m 12s) train_cost: 2.037, test_cost: 1.614, train_acc: 0.248, test_acc: 0.413
EPOCH:: 19, (44m 30s) train_cost: 1.886, test_cost: 2.307, train_acc: 0.291, test_acc: 0.103
EPOCH:: 20, (46m 49s) train_cost: 2.242, test_cost: 2.116, train_acc: 0.155, test_acc: 0.220
EPOCH:: 21, (49m 8s) train_cost: 1.882, test_cost: 1.258, train_acc: 0.290, test_acc: 0.541
EPOCH:: 22, (51m 27s) train_cost: 1.199, test_cost: 0.859, train_acc: 0.538, test_acc: 0.676
EPOCH:: 23, (53m 48s) train_cost: 1.008, test_cost: 0.695, train_acc: 0.640, test_acc: 0.753
EPOCH:: 24, (56m 7s) train_cost: 0.744, test_cost: 0.588, train_acc: 0.741, test_acc: 0.780
EPOCH:: 25, (58m 27s) train_cost: 0.616, test_cost: 0.474, train_acc: 0.787, test_acc: 0.815
EPOCH:: 26, (60m 48s) train_cost: 0.555, test_cost: 0.467, train_acc: 0.807, test_acc: 0.828
EPOCH:: 27, (63m 7s) train_cost: 0.489, test_cost: 0.400, train_acc: 0.828, test_acc: 0.846
EPOCH:: 28, (65m 26s) train_cost: 0.470, test_cost: 0.417, train_acc: 0.832, test_acc: 0.848
EPOCH:: 29, (67m 47s) train_cost: 0.426, test_cost: 0.370, train_acc: 0.848, test_acc: 0.869
EPOCH:: 30, (70m 7s) train_cost: 0.398, test_cost: 0.357, train_acc: 0.859, test_acc: 0.876
EPOCH:: 31, (72m 28s) train_cost: 0.368, test_cost: 0.333, train_acc: 0.874, test_acc: 0.885
EPOCH:: 32, (74m 48s) train_cost: 0.341, test_cost: 0.309, train_acc: 0.889, test_acc: 0.895
EPOCH:: 33, (77m 8s) train_cost: 0.322, test_cost: 0.327, train_acc: 0.897, test_acc: 0.888
EPOCH:: 34, (79m 27s) train_cost: 0.306, test_cost: 0.259, train_acc: 0.904, test_acc: 0.913
EPOCH:: 35, (81m 46s) train_cost: 0.294, test_cost: 0.246, train_acc: 0.909, test_acc: 0.915
EPOCH:: 36, (84m 2s) train_cost: 0.275, test_cost: 0.246, train_acc: 0.914, test_acc: 0.917
EPOCH:: 37, (86m 18s) train_cost: 0.266, test_cost: 0.289, train_acc: 0.917, test_acc: 0.894
EPOCH:: 38, (88m 36s) train_cost: 0.259, test_cost: 0.227, train_acc: 0.920, test_acc: 0.929
EPOCH:: 39, (90m 45s) train_cost: 0.254, test_cost: 0.241, train_acc: 0.921, test_acc: 0.925
EPOCH:: 40, (93m 2s) train_cost: 0.259, test_cost: 0.233, train_acc: 0.921, test_acc: 0.922
EPOCH:: 41, (95m 21s) train_cost: 0.235, test_cost: 0.214, train_acc: 0.927, test_acc: 0.932
EPOCH:: 42, (97m 37s) train_cost: 0.238, test_cost: 0.207, train_acc: 0.928, test_acc: 0.933
EPOCH:: 43, (99m 56s) train_cost: 0.223, test_cost: 0.205, train_acc: 0.930, test_acc: 0.935
EPOCH:: 44, (102m 17s) train_cost: 0.231, test_cost: 0.203, train_acc: 0.929, test_acc: 0.936
EPOCH:: 45, (104m 37s) train_cost: 0.219, test_cost: 0.212, train_acc: 0.932, test_acc: 0.933
EPOCH:: 46, (106m 49s) train_cost: 0.224, test_cost: 0.197, train_acc: 0.931, test_acc: 0.937
EPOCH:: 47, (109m 11s) train_cost: 0.212, test_cost: 0.201, train_acc: 0.935, test_acc: 0.931
EPOCH:: 48, (111m 26s) train_cost: 0.213, test_cost: 0.182, train_acc: 0.933, test_acc: 0.940
EPOCH:: 49, (113m 39s) train_cost: 0.210, test_cost: 0.184, train_acc: 0.935, test_acc: 0.939
EPOCH:: 50, (115m 59s) train_cost: 0.204, test_cost: 0.193, train_acc: 0.936, test_acc: 0.941
max test_acc: 0.941
-------------------------------------------------------------------
17回目
{'weight_decay': 0.01807523528522962, 'dropout': 0.012642578544779126, 'l_rate': 0.11757628431525387, 'clip': 1.3261766719970975}
EPOCH:: 1, (2m 19s) train_cost: nan, test_cost: nan, train_acc: 0.113, test_acc: 0.110
Stop learning due to the extremely high cost
max test_acc: 0.110
-------------------------------------------------------------------
18回目
{'weight_decay': 0.0020191964051103103, 'dropout': 0.06490656121762683, 'l_rate': 0.043909664107008584, 'clip': 6602.630376772299}
EPOCH:: 1, (2m 13s) train_cost: 2.398, test_cost: 2.332, train_acc: 0.102, test_acc: 0.101
EPOCH:: 2, (4m 36s) train_cost: nan, test_cost: nan, train_acc: 0.111, test_acc: 0.110
Stop learning due to the extremely high cost
max test_acc: 0.110
-------------------------------------------------------------------
19回目
{'weight_decay': 7.040822706204121e-05, 'dropout': 0.18404592540409914, 'l_rate': 0.00016654418947982137, 'clip': 4389.748805208904}
EPOCH:: 1, (2m 21s) train_cost: 1.963, test_cost: 1.672, train_acc: 0.276, test_acc: 0.425
EPOCH:: 2, (4m 44s) train_cost: 1.473, test_cost: 1.278, train_acc: 0.464, test_acc: 0.534
EPOCH:: 3, (7m 2s) train_cost: 1.280, test_cost: 1.088, train_acc: 0.533, test_acc: 0.605
EPOCH:: 4, (9m 19s) train_cost: 1.057, test_cost: 1.197, train_acc: 0.613, test_acc: 0.564
EPOCH:: 5, (11m 36s) train_cost: 1.144, test_cost: 0.983, train_acc: 0.594, test_acc: 0.658
EPOCH:: 6, (13m 53s) train_cost: 0.900, test_cost: 0.836, train_acc: 0.681, test_acc: 0.709
EPOCH:: 7, (16m 12s) train_cost: 0.857, test_cost: 0.789, train_acc: 0.696, test_acc: 0.728
EPOCH:: 8, (18m 32s) train_cost: 0.778, test_cost: 0.739, train_acc: 0.726, test_acc: 0.746
EPOCH:: 9, (20m 54s) train_cost: 1.613, test_cost: 1.384, train_acc: 0.414, test_acc: 0.485
EPOCH:: 10, (23m 10s) train_cost: 2.142, test_cost: 2.109, train_acc: 0.218, test_acc: 0.211
EPOCH:: 11, (25m 29s) train_cost: 2.057, test_cost: 1.731, train_acc: 0.243, test_acc: 0.375
EPOCH:: 12, (27m 48s) train_cost: 1.486, test_cost: 1.200, train_acc: 0.482, test_acc: 0.604
EPOCH:: 13, (30m 5s) train_cost: 1.198, test_cost: 1.032, train_acc: 0.592, test_acc: 0.659
EPOCH:: 14, (32m 21s) train_cost: 1.071, test_cost: 1.002, train_acc: 0.633, test_acc: 0.670
EPOCH:: 15, (34m 38s) train_cost: 0.903, test_cost: 0.911, train_acc: 0.694, test_acc: 0.684
EPOCH:: 16, (36m 55s) train_cost: 0.816, test_cost: 0.783, train_acc: 0.722, test_acc: 0.735
EPOCH:: 17, (39m 9s) train_cost: 0.779, test_cost: 0.765, train_acc: 0.734, test_acc: 0.740
EPOCH:: 18, (41m 31s) train_cost: 0.730, test_cost: 0.861, train_acc: 0.748, test_acc: 0.708
EPOCH:: 19, (43m 50s) train_cost: 0.702, test_cost: 0.670, train_acc: 0.756, test_acc: 0.769
EPOCH:: 20, (46m 14s) train_cost: 0.675, test_cost: 0.642, train_acc: 0.764, test_acc: 0.777
EPOCH:: 21, (48m 32s) train_cost: 0.649, test_cost: 0.747, train_acc: 0.775, test_acc: 0.745
EPOCH:: 22, (50m 48s) train_cost: 0.622, test_cost: 0.633, train_acc: 0.783, test_acc: 0.781
EPOCH:: 23, (53m 10s) train_cost: 0.604, test_cost: 0.620, train_acc: 0.786, test_acc: 0.784
EPOCH:: 24, (55m 27s) train_cost: 0.574, test_cost: 0.553, train_acc: 0.798, test_acc: 0.801
EPOCH:: 25, (57m 40s) train_cost: 0.544, test_cost: 0.521, train_acc: 0.807, test_acc: 0.818
EPOCH:: 26, (59m 55s) train_cost: 0.514, test_cost: 0.535, train_acc: 0.817, test_acc: 0.811
EPOCH:: 27, (62m 18s) train_cost: 0.491, test_cost: 0.462, train_acc: 0.827, test_acc: 0.835
EPOCH:: 28, (64m 33s) train_cost: 0.485, test_cost: 0.559, train_acc: 0.828, test_acc: 0.798
EPOCH:: 29, (66m 48s) train_cost: 0.452, test_cost: 0.435, train_acc: 0.844, test_acc: 0.851
EPOCH:: 30, (68m 51s) train_cost: 0.431, test_cost: 0.428, train_acc: 0.854, test_acc: 0.855
EPOCH:: 31, (71m 14s) train_cost: 0.414, test_cost: 0.371, train_acc: 0.864, test_acc: 0.887
EPOCH:: 32, (73m 36s) train_cost: 0.384, test_cost: 0.319, train_acc: 0.876, test_acc: 0.900
EPOCH:: 33, (75m 42s) train_cost: 0.356, test_cost: 0.503, train_acc: 0.890, test_acc: 0.842
EPOCH:: 34, (77m 54s) train_cost: 0.365, test_cost: 0.320, train_acc: 0.887, test_acc: 0.901
EPOCH:: 35, (80m 1s) train_cost: 0.329, test_cost: 0.356, train_acc: 0.900, test_acc: 0.893
EPOCH:: 36, (82m 19s) train_cost: 0.315, test_cost: 0.351, train_acc: 0.903, test_acc: 0.893
EPOCH:: 37, (84m 42s) train_cost: 0.325, test_cost: 0.276, train_acc: 0.901, test_acc: 0.920
EPOCH:: 38, (87m 1s) train_cost: 0.291, test_cost: 0.279, train_acc: 0.913, test_acc: 0.918
EPOCH:: 39, (89m 18s) train_cost: 0.282, test_cost: 0.295, train_acc: 0.915, test_acc: 0.911
EPOCH:: 40, (91m 31s) train_cost: 0.278, test_cost: 0.244, train_acc: 0.917, test_acc: 0.931
EPOCH:: 41, (93m 49s) train_cost: 0.248, test_cost: 0.226, train_acc: 0.926, test_acc: 0.934
EPOCH:: 42, (96m 4s) train_cost: 0.256, test_cost: 0.274, train_acc: 0.924, test_acc: 0.922
EPOCH:: 43, (98m 23s) train_cost: 0.252, test_cost: 0.256, train_acc: 0.925, test_acc: 0.929
EPOCH:: 44, (100m 43s) train_cost: 0.240, test_cost: 0.238, train_acc: 0.929, test_acc: 0.931
EPOCH:: 45, (102m 58s) train_cost: 0.234, test_cost: 0.242, train_acc: 0.931, test_acc: 0.931
EPOCH:: 46, (105m 16s) train_cost: 0.229, test_cost: 0.202, train_acc: 0.932, test_acc: 0.942
EPOCH:: 47, (107m 33s) train_cost: 0.208, test_cost: 0.204, train_acc: 0.939, test_acc: 0.940
EPOCH:: 48, (109m 55s) train_cost: 0.203, test_cost: 0.196, train_acc: 0.940, test_acc: 0.943
EPOCH:: 49, (112m 18s) train_cost: 0.209, test_cost: 0.212, train_acc: 0.939, test_acc: 0.940
EPOCH:: 50, (114m 36s) train_cost: 0.193, test_cost: 0.219, train_acc: 0.943, test_acc: 0.938
max test_acc: 0.943
-------------------------------------------------------------------
20回目
{'weight_decay': 0.00032916713492223793, 'dropout': 0.2481568555287883, 'l_rate': 0.01936966399099752, 'clip': 25.81725351260949}
EPOCH:: 1, (2m 22s) train_cost: 2.377, test_cost: 2.316, train_acc: 0.098, test_acc: 0.110
EPOCH:: 2, (4m 39s) train_cost: 2.328, test_cost: 2.329, train_acc: 0.103, test_acc: 0.110
EPOCH:: 3, (6m 54s) train_cost: 2.317, test_cost: 2.307, train_acc: 0.102, test_acc: 0.103
EPOCH:: 4, (9m 10s) train_cost: nan, test_cost: nan, train_acc: 0.110, test_acc: 0.110
Stop learning due to the extremely high cost
max test_acc: 0.110
-------------------------------------------------------------------
21回目
{'weight_decay': 0.002262399909906591, 'dropout': 0.08283293433625066, 'l_rate': 0.30192073873446346, 'clip': 6.106677892165112}
EPOCH:: 1, (2m 19s) train_cost: nan, test_cost: nan, train_acc: 0.113, test_acc: 0.110
Stop learning due to the extremely high cost
max test_acc: 0.110
-------------------------------------------------------------------
22回目
{'weight_decay': 0.0043134807047484364, 'dropout': 0.9572315803290723, 'l_rate': 0.002113047500694627, 'clip': 2.4287424519711442}
EPOCH:: 1, (2m 20s) train_cost: 2.360, test_cost: 2.301, train_acc: 0.106, test_acc: 0.110
EPOCH:: 2, (4m 36s) train_cost: 2.303, test_cost: 2.301, train_acc: 0.109, test_acc: 0.110
EPOCH:: 3, (6m 54s) train_cost: 2.301, test_cost: 2.301, train_acc: 0.113, test_acc: 0.110
EPOCH:: 4, (9m 11s) train_cost: 2.301, test_cost: 2.301, train_acc: 0.113, test_acc: 0.110
EPOCH:: 5, (11m 27s) train_cost: 2.301, test_cost: 2.302, train_acc: 0.113, test_acc: 0.110
EPOCH:: 6, (13m 48s) train_cost: 2.301, test_cost: 2.301, train_acc: 0.113, test_acc: 0.110
EPOCH:: 7, (15m 54s) train_cost: 2.301, test_cost: 2.301, train_acc: 0.113, test_acc: 0.110
EPOCH:: 8, (18m 10s) train_cost: 2.301, test_cost: 2.302, train_acc: 0.113, test_acc: 0.110
EPOCH:: 9, (20m 28s) train_cost: 2.301, test_cost: 2.301, train_acc: 0.113, test_acc: 0.110
EPOCH:: 10, (22m 30s) train_cost: 2.301, test_cost: 2.302, train_acc: 0.113, test_acc: 0.110
EPOCH:: 11, (24m 48s) train_cost: 2.301, test_cost: 2.301, train_acc: 0.113, test_acc: 0.110
EPOCH:: 12, (27m 4s) train_cost: 2.301, test_cost: 2.302, train_acc: 0.113, test_acc: 0.110
EPOCH:: 13, (29m 19s) train_cost: 2.302, test_cost: 2.302, train_acc: 0.112, test_acc: 0.110
EPOCH:: 14, (31m 38s) train_cost: 2.302, test_cost: 2.301, train_acc: 0.113, test_acc: 0.110
EPOCH:: 15, (34m 1s) train_cost: 2.302, test_cost: 2.302, train_acc: 0.112, test_acc: 0.110
EPOCH:: 16, (36m 20s) train_cost: 2.302, test_cost: 2.302, train_acc: 0.111, test_acc: 0.110
EPOCH:: 17, (38m 38s) train_cost: 2.302, test_cost: 2.302, train_acc: 0.112, test_acc: 0.110
EPOCH:: 18, (40m 46s) train_cost: 2.302, test_cost: 2.301, train_acc: 0.111, test_acc: 0.110
EPOCH:: 19, (43m 2s) train_cost: 2.302, test_cost: 2.302, train_acc: 0.112, test_acc: 0.110