Bayesian optimization of sru starts
-------------------------------------------------------------------
1回目
{'dropout': 0.9855760506615988, 'clip': 7.070732643474399, 'weight_decay': 0.0003000320019508965, 'l_rate': 0.04315845980687884}
EPOCH:: 1, (1m 30s) train_cost: 2.685, test_cost: 2.302, train_acc: 0.111, test_acc: 0.110
EPOCH:: 2, (3m 2s) train_cost: 2.303, test_cost: 2.302, train_acc: 0.111, test_acc: 0.110
EPOCH:: 3, (4m 35s) train_cost: 2.302, test_cost: 2.301, train_acc: 0.112, test_acc: 0.110
EPOCH:: 4, (6m 10s) train_cost: 2.302, test_cost: 2.301, train_acc: 0.113, test_acc: 0.110
EPOCH:: 5, (7m 44s) train_cost: 2.302, test_cost: 2.303, train_acc: 0.111, test_acc: 0.110
EPOCH:: 6, (9m 18s) train_cost: 2.302, test_cost: 2.302, train_acc: 0.112, test_acc: 0.110
EPOCH:: 7, (10m 52s) train_cost: 2.302, test_cost: 2.302, train_acc: 0.112, test_acc: 0.110
EPOCH:: 8, (12m 26s) train_cost: 2.302, test_cost: 2.301, train_acc: 0.112, test_acc: 0.110
EPOCH:: 9, (13m 58s) train_cost: 2.302, test_cost: 2.302, train_acc: 0.111, test_acc: 0.110
EPOCH:: 10, (15m 33s) train_cost: 2.302, test_cost: 2.303, train_acc: 0.111, test_acc: 0.105
EPOCH:: 11, (17m 5s) train_cost: 2.302, test_cost: 2.302, train_acc: 0.110, test_acc: 0.110
EPOCH:: 12, (18m 39s) train_cost: 2.302, test_cost: 2.303, train_acc: 0.112, test_acc: 0.110
EPOCH:: 13, (20m 12s) train_cost: 2.303, test_cost: 2.302, train_acc: 0.113, test_acc: 0.110
EPOCH:: 14, (21m 44s) train_cost: 2.302, test_cost: 2.302, train_acc: 0.113, test_acc: 0.110
EPOCH:: 15, (23m 19s) train_cost: 2.302, test_cost: 2.301, train_acc: 0.110, test_acc: 0.110
EPOCH:: 16, (24m 52s) train_cost: 2.302, test_cost: 2.303, train_acc: 0.111, test_acc: 0.097
EPOCH:: 17, (26m 27s) train_cost: 2.302, test_cost: 2.303, train_acc: 0.110, test_acc: 0.105
EPOCH:: 18, (28m 1s) train_cost: 2.302, test_cost: 2.302, train_acc: 0.109, test_acc: 0.110
EPOCH:: 19, (29m 35s) train_cost: 2.302, test_cost: 2.302, train_acc: 0.110, test_acc: 0.110
EPOCH:: 20, (31m 9s) train_cost: 2.302, test_cost: 2.302, train_acc: 0.113, test_acc: 0.110
EPOCH:: 21, (32m 42s) train_cost: 2.302, test_cost: 2.302, train_acc: 0.113, test_acc: 0.110
EPOCH:: 22, (34m 16s) train_cost: 2.302, test_cost: 2.302, train_acc: 0.112, test_acc: 0.103
EPOCH:: 23, (35m 49s) train_cost: 2.302, test_cost: 2.303, train_acc: 0.111, test_acc: 0.110
EPOCH:: 24, (37m 22s) train_cost: 2.302, test_cost: 2.303, train_acc: 0.111, test_acc: 0.110
EPOCH:: 25, (38m 56s) train_cost: 2.302, test_cost: 2.301, train_acc: 0.111, test_acc: 0.110
EPOCH:: 26, (40m 29s) train_cost: 2.302, test_cost: 2.302, train_acc: 0.112, test_acc: 0.110
EPOCH:: 27, (42m 3s) train_cost: 2.302, test_cost: 2.302, train_acc: 0.113, test_acc: 0.110
EPOCH:: 28, (43m 35s) train_cost: 2.302, test_cost: 2.302, train_acc: 0.113, test_acc: 0.110
EPOCH:: 29, (45m 8s) train_cost: 2.302, test_cost: 2.303, train_acc: 0.112, test_acc: 0.110
EPOCH:: 30, (46m 39s) train_cost: 2.303, test_cost: 2.302, train_acc: 0.111, test_acc: 0.110
EPOCH:: 31, (48m 11s) train_cost: 2.302, test_cost: 2.304, train_acc: 0.113, test_acc: 0.110
EPOCH:: 32, (49m 43s) train_cost: 2.302, test_cost: 2.303, train_acc: 0.110, test_acc: 0.110
EPOCH:: 33, (51m 17s) train_cost: 2.302, test_cost: 2.302, train_acc: 0.111, test_acc: 0.105
EPOCH:: 34, (52m 49s) train_cost: 2.302, test_cost: 2.303, train_acc: 0.110, test_acc: 0.110
EPOCH:: 35, (54m 23s) train_cost: 2.302, test_cost: 2.302, train_acc: 0.112, test_acc: 0.110
EPOCH:: 36, (55m 56s) train_cost: 2.302, test_cost: 2.302, train_acc: 0.112, test_acc: 0.103
EPOCH:: 37, (57m 30s) train_cost: 2.302, test_cost: 2.302, train_acc: 0.112, test_acc: 0.110
EPOCH:: 38, (59m 5s) train_cost: 2.302, test_cost: 2.303, train_acc: 0.110, test_acc: 0.110
EPOCH:: 39, (60m 38s) train_cost: 2.302, test_cost: 2.302, train_acc: 0.112, test_acc: 0.110
EPOCH:: 40, (62m 11s) train_cost: 2.302, test_cost: 2.302, train_acc: 0.113, test_acc: 0.103
EPOCH:: 41, (63m 44s) train_cost: 2.302, test_cost: 2.301, train_acc: 0.111, test_acc: 0.103
EPOCH:: 42, (65m 17s) train_cost: 2.302, test_cost: 2.303, train_acc: 0.111, test_acc: 0.110
EPOCH:: 43, (66m 51s) train_cost: 2.302, test_cost: 2.303, train_acc: 0.112, test_acc: 0.110
EPOCH:: 44, (68m 24s) train_cost: 2.302, test_cost: 2.302, train_acc: 0.112, test_acc: 0.110
EPOCH:: 45, (69m 58s) train_cost: 2.302, test_cost: 2.302, train_acc: 0.112, test_acc: 0.110
EPOCH:: 46, (71m 33s) train_cost: 2.302, test_cost: 2.303, train_acc: 0.112, test_acc: 0.110
EPOCH:: 47, (73m 6s) train_cost: 2.302, test_cost: 2.302, train_acc: 0.111, test_acc: 0.110
EPOCH:: 48, (74m 38s) train_cost: 2.302, test_cost: 2.302, train_acc: 0.111, test_acc: 0.103
EPOCH:: 49, (76m 12s) train_cost: 2.302, test_cost: 2.301, train_acc: 0.110, test_acc: 0.110
EPOCH:: 50, (77m 45s) train_cost: 2.302, test_cost: 2.303, train_acc: 0.113, test_acc: 0.110
max test_acc: 0.110
-------------------------------------------------------------------
2回目
{'dropout': 0.6227097526294368, 'clip': 643.421101235567, 'weight_decay': 0.00042975869535659026, 'l_rate': 0.039195046254461734}
EPOCH:: 1, (1m 33s) train_cost: 2.303, test_cost: 2.302, train_acc: 0.112, test_acc: 0.110
EPOCH:: 2, (3m 8s) train_cost: 2.302, test_cost: 2.302, train_acc: 0.111, test_acc: 0.110
EPOCH:: 3, (4m 42s) train_cost: 2.302, test_cost: 2.301, train_acc: 0.112, test_acc: 0.110
EPOCH:: 4, (6m 17s) train_cost: 2.302, test_cost: 2.301, train_acc: 0.113, test_acc: 0.110
EPOCH:: 5, (7m 49s) train_cost: 2.302, test_cost: 2.303, train_acc: 0.110, test_acc: 0.110
EPOCH:: 6, (9m 23s) train_cost: 2.302, test_cost: 2.302, train_acc: 0.111, test_acc: 0.110
EPOCH:: 7, (10m 57s) train_cost: 2.302, test_cost: 2.302, train_acc: 0.112, test_acc: 0.110
EPOCH:: 8, (12m 32s) train_cost: 2.302, test_cost: 2.301, train_acc: 0.112, test_acc: 0.110
EPOCH:: 9, (14m 6s) train_cost: 2.302, test_cost: 2.302, train_acc: 0.112, test_acc: 0.110
EPOCH:: 10, (15m 40s) train_cost: 2.302, test_cost: 2.303, train_acc: 0.111, test_acc: 0.105
EPOCH:: 11, (17m 14s) train_cost: 2.302, test_cost: 2.302, train_acc: 0.110, test_acc: 0.110
EPOCH:: 12, (18m 47s) train_cost: 2.302, test_cost: 2.303, train_acc: 0.112, test_acc: 0.110
EPOCH:: 13, (20m 21s) train_cost: 2.302, test_cost: 2.302, train_acc: 0.113, test_acc: 0.110
EPOCH:: 14, (21m 54s) train_cost: 2.302, test_cost: 2.302, train_acc: 0.113, test_acc: 0.110
EPOCH:: 15, (23m 32s) train_cost: 2.302, test_cost: 2.301, train_acc: 0.110, test_acc: 0.110
EPOCH:: 16, (25m 9s) train_cost: 2.302, test_cost: 2.303, train_acc: 0.112, test_acc: 0.097
EPOCH:: 17, (26m 46s) train_cost: 2.302, test_cost: 2.303, train_acc: 0.110, test_acc: 0.105
EPOCH:: 18, (28m 25s) train_cost: 2.302, test_cost: 2.302, train_acc: 0.109, test_acc: 0.110
EPOCH:: 19, (30m 2s) train_cost: 2.302, test_cost: 2.302, train_acc: 0.111, test_acc: 0.110
EPOCH:: 20, (31m 38s) train_cost: 2.302, test_cost: 2.302, train_acc: 0.113, test_acc: 0.110
EPOCH:: 21, (33m 15s) train_cost: 2.302, test_cost: 2.301, train_acc: 0.112, test_acc: 0.110
EPOCH:: 22, (34m 50s) train_cost: 2.302, test_cost: 2.302, train_acc: 0.111, test_acc: 0.110
EPOCH:: 23, (36m 27s) train_cost: 2.302, test_cost: 2.303, train_acc: 0.111, test_acc: 0.110
EPOCH:: 24, (38m 4s) train_cost: 2.302, test_cost: 2.303, train_acc: 0.112, test_acc: 0.110
EPOCH:: 25, (39m 43s) train_cost: 2.302, test_cost: 2.301, train_acc: 0.112, test_acc: 0.110
EPOCH:: 26, (41m 20s) train_cost: 2.302, test_cost: 2.302, train_acc: 0.112, test_acc: 0.110
EPOCH:: 27, (42m 57s) train_cost: 2.302, test_cost: 2.302, train_acc: 0.113, test_acc: 0.110
EPOCH:: 28, (44m 32s) train_cost: 2.302, test_cost: 2.302, train_acc: 0.113, test_acc: 0.110
EPOCH:: 29, (46m 12s) train_cost: 2.302, test_cost: 2.303, train_acc: 0.112, test_acc: 0.110
EPOCH:: 30, (47m 48s) train_cost: 2.302, test_cost: 2.302, train_acc: 0.110, test_acc: 0.110
EPOCH:: 31, (49m 25s) train_cost: 2.302, test_cost: 2.303, train_acc: 0.113, test_acc: 0.110
EPOCH:: 32, (51m 0s) train_cost: 2.302, test_cost: 2.303, train_acc: 0.110, test_acc: 0.110
EPOCH:: 33, (52m 35s) train_cost: 2.302, test_cost: 2.302, train_acc: 0.112, test_acc: 0.105
EPOCH:: 34, (54m 7s) train_cost: 2.302, test_cost: 2.303, train_acc: 0.112, test_acc: 0.110
EPOCH:: 35, (55m 41s) train_cost: 2.302, test_cost: 2.302, train_acc: 0.112, test_acc: 0.110
EPOCH:: 36, (57m 15s) train_cost: 2.302, test_cost: 2.302, train_acc: 0.112, test_acc: 0.103
EPOCH:: 37, (58m 49s) train_cost: 2.302, test_cost: 2.302, train_acc: 0.112, test_acc: 0.110
EPOCH:: 38, (60m 27s) train_cost: 2.302, test_cost: 2.303, train_acc: 0.110, test_acc: 0.110
EPOCH:: 39, (62m 5s) train_cost: 2.302, test_cost: 2.302, train_acc: 0.113, test_acc: 0.110
EPOCH:: 40, (63m 44s) train_cost: 2.302, test_cost: 2.302, train_acc: 0.113, test_acc: 0.103
EPOCH:: 41, (65m 22s) train_cost: 2.302, test_cost: 2.301, train_acc: 0.112, test_acc: 0.110
EPOCH:: 42, (67m 2s) train_cost: 2.302, test_cost: 2.302, train_acc: 0.111, test_acc: 0.110
EPOCH:: 43, (68m 35s) train_cost: 2.302, test_cost: 2.303, train_acc: 0.112, test_acc: 0.110
EPOCH:: 44, (70m 9s) train_cost: 2.302, test_cost: 2.302, train_acc: 0.112, test_acc: 0.110
EPOCH:: 45, (71m 41s) train_cost: 2.302, test_cost: 2.302, train_acc: 0.112, test_acc: 0.110
EPOCH:: 46, (73m 13s) train_cost: 2.302, test_cost: 2.302, train_acc: 0.111, test_acc: 0.110
EPOCH:: 47, (74m 46s) train_cost: 2.302, test_cost: 2.302, train_acc: 0.111, test_acc: 0.110
EPOCH:: 48, (76m 19s) train_cost: 2.302, test_cost: 2.302, train_acc: 0.112, test_acc: 0.103
EPOCH:: 49, (77m 51s) train_cost: 2.302, test_cost: 2.301, train_acc: 0.110, test_acc: 0.110
EPOCH:: 50, (79m 23s) train_cost: 2.302, test_cost: 2.303, train_acc: 0.113, test_acc: 0.110
max test_acc: 0.110
-------------------------------------------------------------------
3回目
{'dropout': 0.9084383736699743, 'clip': 400.7829030202745, 'weight_decay': 4.854464324042382e-05, 'l_rate': 0.8098036924111182}
EPOCH:: 1, (1m 31s) train_cost: 2.328, test_cost: 2.312, train_acc: 0.104, test_acc: 0.103
EPOCH:: 2, (3m 4s) train_cost: 2.310, test_cost: 2.316, train_acc: 0.103, test_acc: 0.102
EPOCH:: 3, (4m 36s) train_cost: 2.312, test_cost: 2.307, train_acc: 0.103, test_acc: 0.097
EPOCH:: 4, (6m 9s) train_cost: 2.312, test_cost: 2.310, train_acc: 0.103, test_acc: 0.105
EPOCH:: 5, (7m 41s) train_cost: 2.314, test_cost: 2.313, train_acc: 0.104, test_acc: 0.103
EPOCH:: 6, (9m 13s) train_cost: 2.310, test_cost: 2.309, train_acc: 0.102, test_acc: 0.103
EPOCH:: 7, (10m 47s) train_cost: 2.312, test_cost: 2.305, train_acc: 0.103, test_acc: 0.103
EPOCH:: 8, (12m 20s) train_cost: 2.315, test_cost: 2.305, train_acc: 0.102, test_acc: 0.105
EPOCH:: 9, (13m 57s) train_cost: 2.310, test_cost: 2.307, train_acc: 0.105, test_acc: 0.103
EPOCH:: 10, (15m 30s) train_cost: 2.312, test_cost: 2.310, train_acc: 0.103, test_acc: 0.110
EPOCH:: 11, (17m 4s) train_cost: 2.313, test_cost: 2.309, train_acc: 0.103, test_acc: 0.102
EPOCH:: 12, (18m 39s) train_cost: 2.313, test_cost: 2.316, train_acc: 0.106, test_acc: 0.110
EPOCH:: 13, (20m 20s) train_cost: 2.313, test_cost: 2.308, train_acc: 0.105, test_acc: 0.097
EPOCH:: 14, (22m 0s) train_cost: 2.311, test_cost: 2.315, train_acc: 0.101, test_acc: 0.102
EPOCH:: 15, (23m 38s) train_cost: 2.313, test_cost: 2.317, train_acc: 0.105, test_acc: 0.097
EPOCH:: 16, (25m 18s) train_cost: 2.312, test_cost: 2.314, train_acc: 0.101, test_acc: 0.103
EPOCH:: 17, (26m 53s) train_cost: 2.313, test_cost: 2.307, train_acc: 0.103, test_acc: 0.103
EPOCH:: 18, (28m 27s) train_cost: 2.311, test_cost: 2.311, train_acc: 0.104, test_acc: 0.102
EPOCH:: 19, (30m 5s) train_cost: 2.314, test_cost: 2.305, train_acc: 0.102, test_acc: 0.105
EPOCH:: 20, (31m 48s) train_cost: 2.309, test_cost: 2.307, train_acc: 0.102, test_acc: 0.110
EPOCH:: 21, (33m 27s) train_cost: 2.314, test_cost: 2.330, train_acc: 0.102, test_acc: 0.105
EPOCH:: 22, (35m 7s) train_cost: 2.315, test_cost: 2.311, train_acc: 0.103, test_acc: 0.098
EPOCH:: 23, (36m 44s) train_cost: 2.316, test_cost: 2.314, train_acc: 0.100, test_acc: 0.103
EPOCH:: 24, (38m 18s) train_cost: 2.313, test_cost: 2.309, train_acc: 0.103, test_acc: 0.110
EPOCH:: 25, (39m 52s) train_cost: 2.312, test_cost: 2.307, train_acc: 0.101, test_acc: 0.095
EPOCH:: 26, (41m 26s) train_cost: 2.317, test_cost: 2.324, train_acc: 0.103, test_acc: 0.100
EPOCH:: 27, (43m 0s) train_cost: 2.311, test_cost: 2.306, train_acc: 0.101, test_acc: 0.103
EPOCH:: 28, (44m 34s) train_cost: 2.311, test_cost: 2.306, train_acc: 0.104, test_acc: 0.100
EPOCH:: 29, (46m 11s) train_cost: 2.309, test_cost: 2.312, train_acc: 0.106, test_acc: 0.097
EPOCH:: 30, (47m 45s) train_cost: 2.310, test_cost: 2.311, train_acc: 0.106, test_acc: 0.110
EPOCH:: 31, (49m 20s) train_cost: 2.311, test_cost: 2.312, train_acc: 0.105, test_acc: 0.103
EPOCH:: 32, (50m 54s) train_cost: 2.315, test_cost: 2.303, train_acc: 0.102, test_acc: 0.098
EPOCH:: 33, (52m 30s) train_cost: 2.311, test_cost: 2.306, train_acc: 0.103, test_acc: 0.110
EPOCH:: 34, (54m 5s) train_cost: 2.313, test_cost: 2.311, train_acc: 0.105, test_acc: 0.095
EPOCH:: 35, (55m 39s) train_cost: 2.313, test_cost: 2.313, train_acc: 0.102, test_acc: 0.097
EPOCH:: 36, (57m 14s) train_cost: 2.313, test_cost: 2.324, train_acc: 0.106, test_acc: 0.098
EPOCH:: 37, (58m 48s) train_cost: 2.312, test_cost: 2.306, train_acc: 0.102, test_acc: 0.100
EPOCH:: 38, (60m 23s) train_cost: 2.310, test_cost: 2.310, train_acc: 0.104, test_acc: 0.095
EPOCH:: 39, (61m 59s) train_cost: 2.317, test_cost: 2.312, train_acc: 0.103, test_acc: 0.097
EPOCH:: 40, (63m 37s) train_cost: 2.316, test_cost: 2.312, train_acc: 0.102, test_acc: 0.097
EPOCH:: 41, (65m 16s) train_cost: 2.315, test_cost: 2.310, train_acc: 0.105, test_acc: 0.110
EPOCH:: 42, (66m 56s) train_cost: 2.311, test_cost: 2.312, train_acc: 0.104, test_acc: 0.102
EPOCH:: 43, (68m 39s) train_cost: 2.314, test_cost: 2.310, train_acc: 0.105, test_acc: 0.110
EPOCH:: 44, (70m 18s) train_cost: 2.313, test_cost: 2.347, train_acc: 0.104, test_acc: 0.097
EPOCH:: 45, (71m 52s) train_cost: 2.316, test_cost: 2.308, train_acc: 0.101, test_acc: 0.102
EPOCH:: 46, (73m 26s) train_cost: 2.311, test_cost: 2.309, train_acc: 0.104, test_acc: 0.110
EPOCH:: 47, (75m 2s) train_cost: 2.313, test_cost: 2.316, train_acc: 0.103, test_acc: 0.100
EPOCH:: 48, (76m 37s) train_cost: 2.310, test_cost: 2.312, train_acc: 0.103, test_acc: 0.103
EPOCH:: 49, (78m 12s) train_cost: 2.312, test_cost: 2.319, train_acc: 0.104, test_acc: 0.110
EPOCH:: 50, (79m 47s) train_cost: 2.319, test_cost: 2.312, train_acc: 0.102, test_acc: 0.105
max test_acc: 0.110
-------------------------------------------------------------------
4回目
{'dropout': 0.34228344916469844, 'clip': 6.784607340052615, 'weight_decay': 0.0004220165345083618, 'l_rate': 8.100322712268231e-05}
EPOCH:: 1, (1m 32s) train_cost: 2.276, test_cost: 2.177, train_acc: 0.146, test_acc: 0.164
EPOCH:: 2, (3m 7s) train_cost: 1.953, test_cost: 1.662, train_acc: 0.140, test_acc: 0.126
EPOCH:: 3, (4m 42s) train_cost: 1.586, test_cost: 1.345, train_acc: 0.142, test_acc: 0.085
EPOCH:: 4, (6m 16s) train_cost: 1.346, test_cost: 1.174, train_acc: 0.094, test_acc: 0.133
EPOCH:: 5, (7m 50s) train_cost: 1.190, test_cost: 1.030, train_acc: 0.101, test_acc: 0.157
EPOCH:: 6, (9m 24s) train_cost: 1.073, test_cost: 0.996, train_acc: 0.135, test_acc: 0.162
EPOCH:: 7, (10m 59s) train_cost: 1.002, test_cost: 0.944, train_acc: 0.157, test_acc: 0.169
EPOCH:: 8, (12m 34s) train_cost: 0.955, test_cost: 0.884, train_acc: 0.170, test_acc: 0.189
EPOCH:: 9, (14m 7s) train_cost: 0.901, test_cost: 0.829, train_acc: 0.186, test_acc: 0.211
EPOCH:: 10, (15m 41s) train_cost: 0.864, test_cost: 0.826, train_acc: 0.202, test_acc: 0.204
EPOCH:: 11, (17m 15s) train_cost: 0.858, test_cost: 0.840, train_acc: 0.200, test_acc: 0.194
EPOCH:: 12, (18m 55s) train_cost: 0.851, test_cost: 0.800, train_acc: 0.203, test_acc: 0.220
EPOCH:: 13, (20m 36s) train_cost: 0.810, test_cost: 0.758, train_acc: 0.214, test_acc: 0.208
EPOCH:: 14, (22m 16s) train_cost: 0.790, test_cost: 0.714, train_acc: 0.203, test_acc: 0.094
EPOCH:: 15, (23m 58s) train_cost: 0.746, test_cost: 0.745, train_acc: 0.195, test_acc: 0.199
EPOCH:: 16, (25m 40s) train_cost: 0.742, test_cost: 0.724, train_acc: 0.186, test_acc: 0.114
EPOCH:: 17, (27m 15s) train_cost: 0.725, test_cost: 0.694, train_acc: 0.138, test_acc: 0.069
EPOCH:: 18, (28m 48s) train_cost: 0.716, test_cost: 0.666, train_acc: 0.138, test_acc: 0.051
EPOCH:: 19, (30m 22s) train_cost: 0.695, test_cost: 0.649, train_acc: 0.070, test_acc: 0.037
EPOCH:: 20, (31m 56s) train_cost: 0.749, test_cost: 0.665, train_acc: 0.101, test_acc: 0.074
EPOCH:: 21, (33m 30s) train_cost: 0.696, test_cost: 0.637, train_acc: 0.095, test_acc: 0.046
EPOCH:: 22, (35m 4s) train_cost: 0.668, test_cost: 0.699, train_acc: 0.057, test_acc: 0.100
EPOCH:: 23, (36m 38s) train_cost: 0.679, test_cost: 0.622, train_acc: 0.074, test_acc: 0.051
EPOCH:: 24, (38m 12s) train_cost: 0.666, test_cost: 0.636, train_acc: 0.048, test_acc: 0.025
EPOCH:: 25, (39m 46s) train_cost: 0.814, test_cost: 0.636, train_acc: 0.106, test_acc: 0.028
EPOCH:: 26, (41m 21s) train_cost: 0.653, test_cost: 0.629, train_acc: 0.056, test_acc: 0.026
EPOCH:: 27, (42m 57s) train_cost: 0.635, test_cost: 0.748, train_acc: 0.042, test_acc: 0.114
EPOCH:: 28, (44m 31s) train_cost: 0.640, test_cost: 0.587, train_acc: 0.053, test_acc: 0.042
EPOCH:: 29, (46m 7s) train_cost: 0.633, test_cost: 0.582, train_acc: 0.033, test_acc: 0.047
EPOCH:: 30, (47m 44s) train_cost: 0.745, test_cost: 0.731, train_acc: 0.088, test_acc: 0.117
EPOCH:: 31, (49m 18s) train_cost: 0.647, test_cost: 0.583, train_acc: 0.056, test_acc: 0.041
EPOCH:: 32, (50m 54s) train_cost: 0.615, test_cost: 0.568, train_acc: 0.038, test_acc: 0.050
EPOCH:: 33, (52m 29s) train_cost: 0.634, test_cost: 0.568, train_acc: 0.055, test_acc: 0.050
EPOCH:: 34, (54m 10s) train_cost: 0.585, test_cost: 0.562, train_acc: 0.043, test_acc: 0.052
EPOCH:: 35, (55m 50s) train_cost: 0.606, test_cost: 0.553, train_acc: 0.037, test_acc: 0.054
EPOCH:: 36, (57m 32s) train_cost: 0.613, test_cost: 0.587, train_acc: 0.036, test_acc: 0.043
EPOCH:: 37, (59m 13s) train_cost: 0.648, test_cost: 0.682, train_acc: 0.067, test_acc: 0.048
EPOCH:: 38, (60m 51s) train_cost: 0.642, test_cost: 0.655, train_acc: 0.066, test_acc: 0.069
EPOCH:: 39, (62m 24s) train_cost: 0.589, test_cost: 0.547, train_acc: 0.049, test_acc: 0.058
EPOCH:: 40, (63m 57s) train_cost: 0.588, test_cost: 0.573, train_acc: 0.050, test_acc: 0.047
EPOCH:: 41, (65m 30s) train_cost: 0.652, test_cost: 0.580, train_acc: 0.076, test_acc: 0.045
EPOCH:: 42, (67m 3s) train_cost: 0.553, test_cost: 0.517, train_acc: 0.057, test_acc: 0.069
EPOCH:: 43, (68m 38s) train_cost: 0.558, test_cost: 0.577, train_acc: 0.059, test_acc: 0.043
EPOCH:: 44, (70m 12s) train_cost: 0.545, test_cost: 0.506, train_acc: 0.059, test_acc: 0.073
EPOCH:: 45, (71m 46s) train_cost: 0.539, test_cost: 0.504, train_acc: 0.064, test_acc: 0.078
EPOCH:: 46, (73m 24s) train_cost: 0.557, test_cost: 0.537, train_acc: 0.058, test_acc: 0.060
EPOCH:: 47, (75m 1s) train_cost: 0.524, test_cost: 0.494, train_acc: 0.071, test_acc: 0.081
EPOCH:: 48, (76m 38s) train_cost: 0.523, test_cost: 0.493, train_acc: 0.070, test_acc: 0.086
EPOCH:: 49, (78m 15s) train_cost: 0.609, test_cost: 0.479, train_acc: 0.081, test_acc: 0.088
EPOCH:: 50, (79m 53s) train_cost: 0.503, test_cost: 0.482, train_acc: 0.079, test_acc: 0.086
max test_acc: 0.220
-------------------------------------------------------------------
5回目
{'dropout': 0.46994404036291704, 'clip': 94.68486494025987, 'weight_decay': 1.998274304973687e-05, 'l_rate': 0.1144820435393437}
EPOCH:: 1, (1m 35s) train_cost: 2.350, test_cost: 2.303, train_acc: 0.106, test_acc: 0.110
EPOCH:: 2, (3m 10s) train_cost: 2.303, test_cost: 2.302, train_acc: 0.107, test_acc: 0.110
EPOCH:: 3, (4m 45s) train_cost: 2.303, test_cost: 2.305, train_acc: 0.111, test_acc: 0.103
EPOCH:: 4, (6m 21s) train_cost: 2.303, test_cost: 2.302, train_acc: 0.107, test_acc: 0.110
EPOCH:: 5, (7m 58s) train_cost: 2.302, test_cost: 2.305, train_acc: 0.109, test_acc: 0.110
EPOCH:: 6, (9m 34s) train_cost: 2.303, test_cost: 2.302, train_acc: 0.110, test_acc: 0.105
EPOCH:: 7, (11m 10s) train_cost: 2.303, test_cost: 2.303, train_acc: 0.109, test_acc: 0.105
EPOCH:: 8, (12m 47s) train_cost: 2.303, test_cost: 2.303, train_acc: 0.108, test_acc: 0.110
EPOCH:: 9, (14m 21s) train_cost: 2.303, test_cost: 2.303, train_acc: 0.111, test_acc: 0.105
EPOCH:: 10, (15m 55s) train_cost: 2.304, test_cost: 2.304, train_acc: 0.109, test_acc: 0.103
EPOCH:: 11, (17m 32s) train_cost: 2.303, test_cost: 2.303, train_acc: 0.110, test_acc: 0.103
EPOCH:: 12, (19m 7s) train_cost: 2.304, test_cost: 2.305, train_acc: 0.107, test_acc: 0.103
EPOCH:: 13, (20m 45s) train_cost: 2.304, test_cost: 2.302, train_acc: 0.107, test_acc: 0.098
EPOCH:: 14, (22m 20s) train_cost: 2.304, test_cost: 2.307, train_acc: 0.106, test_acc: 0.105
EPOCH:: 15, (23m 57s) train_cost: 2.303, test_cost: 2.302, train_acc: 0.110, test_acc: 0.110
EPOCH:: 16, (25m 34s) train_cost: 2.303, test_cost: 2.304, train_acc: 0.108, test_acc: 0.110
EPOCH:: 17, (27m 9s) train_cost: 2.303, test_cost: 2.304, train_acc: 0.112, test_acc: 0.095
EPOCH:: 18, (28m 45s) train_cost: 2.303, test_cost: 2.304, train_acc: 0.110, test_acc: 0.110
EPOCH:: 19, (30m 20s) train_cost: 2.304, test_cost: 2.304, train_acc: 0.107, test_acc: 0.110
EPOCH:: 20, (31m 55s) train_cost: 2.304, test_cost: 2.303, train_acc: 0.110, test_acc: 0.105
EPOCH:: 21, (33m 29s) train_cost: 2.303, test_cost: 2.303, train_acc: 0.108, test_acc: 0.110
EPOCH:: 22, (35m 2s) train_cost: 2.304, test_cost: 2.305, train_acc: 0.109, test_acc: 0.095
EPOCH:: 23, (36m 41s) train_cost: 2.304, test_cost: 2.305, train_acc: 0.107, test_acc: 0.110
EPOCH:: 24, (38m 22s) train_cost: 2.303, test_cost: 2.308, train_acc: 0.107, test_acc: 0.095
EPOCH:: 25, (40m 5s) train_cost: 2.304, test_cost: 2.302, train_acc: 0.109, test_acc: 0.110
EPOCH:: 26, (41m 47s) train_cost: 2.303, test_cost: 2.302, train_acc: 0.107, test_acc: 0.110
EPOCH:: 27, (43m 26s) train_cost: 2.303, test_cost: 2.302, train_acc: 0.108, test_acc: 0.110
EPOCH:: 28, (45m 1s) train_cost: 2.303, test_cost: 2.305, train_acc: 0.109, test_acc: 0.110
EPOCH:: 29, (46m 36s) train_cost: 2.304, test_cost: 2.302, train_acc: 0.110, test_acc: 0.110
EPOCH:: 30, (48m 9s) train_cost: 2.304, test_cost: 2.303, train_acc: 0.108, test_acc: 0.110
EPOCH:: 31, (49m 43s) train_cost: 2.304, test_cost: 2.307, train_acc: 0.108, test_acc: 0.098
EPOCH:: 32, (51m 17s) train_cost: 2.303, test_cost: 2.302, train_acc: 0.107, test_acc: 0.110
EPOCH:: 33, (52m 49s) train_cost: 2.303, test_cost: 2.305, train_acc: 0.109, test_acc: 0.105
EPOCH:: 34, (54m 24s) train_cost: 2.303, test_cost: 2.305, train_acc: 0.110, test_acc: 0.110
EPOCH:: 35, (55m 59s) train_cost: 2.303, test_cost: 2.302, train_acc: 0.110, test_acc: 0.110
EPOCH:: 36, (57m 32s) train_cost: 2.303, test_cost: 2.305, train_acc: 0.110, test_acc: 0.103
EPOCH:: 37, (59m 8s) train_cost: 2.303, test_cost: 2.303, train_acc: 0.109, test_acc: 0.110
EPOCH:: 38, (60m 42s) train_cost: 2.303, test_cost: 2.302, train_acc: 0.109, test_acc: 0.105
EPOCH:: 39, (62m 16s) train_cost: 2.303, test_cost: 2.306, train_acc: 0.109, test_acc: 0.102
EPOCH:: 40, (63m 49s) train_cost: 2.304, test_cost: 2.304, train_acc: 0.107, test_acc: 0.110
EPOCH:: 41, (65m 22s) train_cost: 2.303, test_cost: 2.303, train_acc: 0.107, test_acc: 0.098
EPOCH:: 42, (66m 56s) train_cost: 2.303, test_cost: 2.303, train_acc: 0.111, test_acc: 0.103
EPOCH:: 43, (68m 30s) train_cost: 2.304, test_cost: 2.303, train_acc: 0.107, test_acc: 0.103
EPOCH:: 44, (70m 5s) train_cost: 2.303, test_cost: 2.302, train_acc: 0.107, test_acc: 0.110
EPOCH:: 45, (71m 37s) train_cost: 2.303, test_cost: 2.303, train_acc: 0.109, test_acc: 0.105
EPOCH:: 46, (73m 10s) train_cost: 2.303, test_cost: 2.304, train_acc: 0.109, test_acc: 0.103
EPOCH:: 47, (74m 41s) train_cost: 2.303, test_cost: 2.305, train_acc: 0.109, test_acc: 0.103
EPOCH:: 48, (76m 16s) train_cost: 2.303, test_cost: 2.304, train_acc: 0.109, test_acc: 0.088
EPOCH:: 49, (77m 54s) train_cost: 2.303, test_cost: 2.305, train_acc: 0.107, test_acc: 0.095
EPOCH:: 50, (79m 32s) train_cost: 2.304, test_cost: 2.304, train_acc: 0.107, test_acc: 0.110
max test_acc: 0.110
-------------------------------------------------------------------
6回目
{'dropout': 0.7281811891811246, 'clip': 17.380962431598327, 'weight_decay': 3.9473232493735065e-05, 'l_rate': 0.0005174277555790016}
EPOCH:: 1, (1m 35s) train_cost: 2.015, test_cost: 1.465, train_acc: 0.141, test_acc: 0.196
EPOCH:: 2, (3m 12s) train_cost: 1.541, test_cost: 1.327, train_acc: 0.172, test_acc: 0.165
EPOCH:: 3, (4m 47s) train_cost: 1.268, test_cost: 1.035, train_acc: 0.104, test_acc: 0.128
EPOCH:: 4, (6m 20s) train_cost: 1.179, test_cost: 1.166, train_acc: 0.106, test_acc: 0.099
EPOCH:: 5, (7m 53s) train_cost: 1.084, test_cost: 0.860, train_acc: 0.114, test_acc: 0.196
EPOCH:: 6, (9m 31s) train_cost: 0.899, test_cost: 0.693, train_acc: 0.190, test_acc: 0.084
EPOCH:: 7, (11m 8s) train_cost: 0.758, test_cost: 0.681, train_acc: 0.160, test_acc: 0.152
EPOCH:: 8, (12m 47s) train_cost: 0.743, test_cost: 0.588, train_acc: 0.143, test_acc: 0.044
EPOCH:: 9, (14m 27s) train_cost: 0.661, test_cost: 0.557, train_acc: 0.022, test_acc: 0.047
EPOCH:: 10, (16m 0s) train_cost: 0.593, test_cost: 0.492, train_acc: 0.051, test_acc: 0.075
EPOCH:: 11, (17m 32s) train_cost: 0.608, test_cost: 0.497, train_acc: 0.055, test_acc: 0.070
EPOCH:: 12, (19m 3s) train_cost: 0.567, test_cost: 0.491, train_acc: 0.055, test_acc: 0.081
EPOCH:: 13, (20m 36s) train_cost: 0.539, test_cost: 0.444, train_acc: 0.065, test_acc: 0.094
EPOCH:: 14, (22m 8s) train_cost: 0.544, test_cost: 0.439, train_acc: 0.064, test_acc: 0.093
EPOCH:: 15, (23m 41s) train_cost: 0.481, test_cost: 0.402, train_acc: 0.084, test_acc: 0.102
EPOCH:: 16, (25m 13s) train_cost: 0.460, test_cost: 0.437, train_acc: 0.090, test_acc: 0.099
EPOCH:: 17, (26m 47s) train_cost: 0.557, test_cost: 1.097, train_acc: 0.085, test_acc: 0.049
EPOCH:: 18, (28m 17s) train_cost: 0.649, test_cost: 0.435, train_acc: 0.089, test_acc: 0.095
EPOCH:: 19, (29m 48s) train_cost: 0.465, test_cost: 0.392, train_acc: 0.089, test_acc: 0.112
EPOCH:: 20, (31m 19s) train_cost: 0.431, test_cost: 0.391, train_acc: 0.100, test_acc: 0.105
EPOCH:: 21, (32m 52s) train_cost: 0.407, test_cost: 0.352, train_acc: 0.107, test_acc: 0.121
EPOCH:: 22, (34m 24s) train_cost: 0.397, test_cost: 0.361, train_acc: 0.110, test_acc: 0.119
EPOCH:: 23, (35m 56s) train_cost: 0.375, test_cost: 0.345, train_acc: 0.117, test_acc: 0.118
EPOCH:: 24, (37m 28s) train_cost: 0.383, test_cost: 0.352, train_acc: 0.115, test_acc: 0.123
EPOCH:: 25, (39m 0s) train_cost: 0.366, test_cost: 0.342, train_acc: 0.121, test_acc: 0.110
EPOCH:: 26, (40m 32s) train_cost: 0.366, test_cost: 0.605, train_acc: 0.127, test_acc: 0.059
EPOCH:: 27, (42m 5s) train_cost: 0.420, test_cost: 0.318, train_acc: 0.104, test_acc: 0.133
EPOCH:: 28, (43m 38s) train_cost: 0.336, test_cost: 0.302, train_acc: 0.131, test_acc: 0.138
EPOCH:: 29, (45m 10s) train_cost: 0.342, test_cost: 0.299, train_acc: 0.131, test_acc: 0.143
EPOCH:: 30, (46m 44s) train_cost: 0.340, test_cost: 0.320, train_acc: 0.132, test_acc: 0.137
EPOCH:: 31, (48m 17s) train_cost: 0.324, test_cost: 0.290, train_acc: 0.137, test_acc: 0.149
EPOCH:: 32, (49m 55s) train_cost: 0.316, test_cost: 0.287, train_acc: 0.143, test_acc: 0.144
EPOCH:: 33, (51m 36s) train_cost: 0.313, test_cost: 0.280, train_acc: 0.143, test_acc: 0.152
EPOCH:: 34, (53m 15s) train_cost: 0.310, test_cost: 0.300, train_acc: 0.144, test_acc: 0.149
EPOCH:: 35, (54m 55s) train_cost: 0.307, test_cost: 0.274, train_acc: 0.147, test_acc: 0.152
EPOCH:: 36, (56m 33s) train_cost: 0.302, test_cost: 0.281, train_acc: 0.149, test_acc: 0.152
EPOCH:: 37, (58m 6s) train_cost: 0.299, test_cost: 0.284, train_acc: 0.150, test_acc: 0.148
EPOCH:: 38, (59m 40s) train_cost: 0.290, test_cost: 0.280, train_acc: 0.156, test_acc: 0.153
EPOCH:: 39, (61m 13s) train_cost: 0.282, test_cost: 0.251, train_acc: 0.159, test_acc: 0.161
EPOCH:: 40, (62m 46s) train_cost: 0.284, test_cost: 0.252, train_acc: 0.159, test_acc: 0.166
EPOCH:: 41, (64m 19s) train_cost: 0.281, test_cost: 0.257, train_acc: 0.160, test_acc: 0.163
EPOCH:: 42, (65m 53s) train_cost: 0.286, test_cost: 0.287, train_acc: 0.159, test_acc: 0.151
EPOCH:: 43, (67m 27s) train_cost: 0.289, test_cost: 0.247, train_acc: 0.158, test_acc: 0.165
EPOCH:: 44, (68m 59s) train_cost: 0.271, test_cost: 0.256, train_acc: 0.164, test_acc: 0.169
EPOCH:: 45, (70m 34s) train_cost: 0.261, test_cost: 0.246, train_acc: 0.168, test_acc: 0.167
EPOCH:: 46, (72m 8s) train_cost: 0.257, test_cost: 0.231, train_acc: 0.169, test_acc: 0.174
EPOCH:: 47, (73m 41s) train_cost: 0.261, test_cost: 0.224, train_acc: 0.168, test_acc: 0.176
EPOCH:: 48, (75m 16s) train_cost: 0.258, test_cost: 0.241, train_acc: 0.169, test_acc: 0.172
EPOCH:: 49, (76m 50s) train_cost: 0.250, test_cost: 0.233, train_acc: 0.171, test_acc: 0.172
EPOCH:: 50, (78m 23s) train_cost: 0.245, test_cost: 0.231, train_acc: 0.173, test_acc: 0.176
max test_acc: 0.196
-------------------------------------------------------------------
7回目
{'dropout': 0.7334067033728837, 'clip': 129.24745005133934, 'weight_decay': 0.005018275452923839, 'l_rate': 0.9159811793584357}
EPOCH:: 1, (1m 33s) train_cost: 2.332, test_cost: 2.312, train_acc: 0.102, test_acc: 0.103
EPOCH:: 2, (3m 6s) train_cost: 2.312, test_cost: 2.323, train_acc: 0.100, test_acc: 0.102
EPOCH:: 3, (4m 39s) train_cost: 2.312, test_cost: 2.308, train_acc: 0.104, test_acc: 0.097
EPOCH:: 4, (6m 12s) train_cost: 2.312, test_cost: 2.308, train_acc: 0.103, test_acc: 0.105
EPOCH:: 5, (7m 50s) train_cost: 2.312, test_cost: 2.315, train_acc: 0.105, test_acc: 0.103
EPOCH:: 6, (9m 29s) train_cost: 2.311, test_cost: 2.307, train_acc: 0.102, test_acc: 0.110
EPOCH:: 7, (11m 8s) train_cost: 2.312, test_cost: 2.312, train_acc: 0.103, test_acc: 0.103
EPOCH:: 8, (12m 47s) train_cost: 2.316, test_cost: 2.314, train_acc: 0.102, test_acc: 0.088
EPOCH:: 9, (14m 21s) train_cost: 2.310, test_cost: 2.310, train_acc: 0.103, test_acc: 0.103
EPOCH:: 10, (15m 53s) train_cost: 2.314, test_cost: 2.312, train_acc: 0.106, test_acc: 0.110
EPOCH:: 11, (17m 26s) train_cost: 2.314, test_cost: 2.309, train_acc: 0.103, test_acc: 0.102
EPOCH:: 12, (18m 57s) train_cost: 2.312, test_cost: 2.319, train_acc: 0.107, test_acc: 0.110
EPOCH:: 13, (20m 28s) train_cost: 2.311, test_cost: 2.311, train_acc: 0.104, test_acc: 0.097
EPOCH:: 14, (21m 59s) train_cost: 2.312, test_cost: 2.309, train_acc: 0.099, test_acc: 0.110
EPOCH:: 15, (23m 31s) train_cost: 2.312, test_cost: 2.307, train_acc: 0.103, test_acc: 0.097
EPOCH:: 16, (25m 4s) train_cost: 2.312, test_cost: 2.309, train_acc: 0.100, test_acc: 0.105
EPOCH:: 17, (26m 36s) train_cost: 2.313, test_cost: 2.307, train_acc: 0.100, test_acc: 0.103
EPOCH:: 18, (28m 8s) train_cost: 2.311, test_cost: 2.308, train_acc: 0.105, test_acc: 0.095
EPOCH:: 19, (29m 41s) train_cost: 2.315, test_cost: 2.308, train_acc: 0.102, test_acc: 0.105
EPOCH:: 20, (31m 13s) train_cost: 2.310, test_cost: 2.307, train_acc: 0.101, test_acc: 0.110
EPOCH:: 21, (32m 46s) train_cost: 2.314, test_cost: 2.323, train_acc: 0.100, test_acc: 0.105
EPOCH:: 22, (34m 17s) train_cost: 2.316, test_cost: 2.311, train_acc: 0.101, test_acc: 0.110
EPOCH:: 23, (35m 50s) train_cost: 2.319, test_cost: 2.330, train_acc: 0.103, test_acc: 0.103
EPOCH:: 24, (37m 23s) train_cost: 2.315, test_cost: 2.314, train_acc: 0.104, test_acc: 0.103
EPOCH:: 25, (38m 54s) train_cost: 2.313, test_cost: 2.312, train_acc: 0.101, test_acc: 0.095
EPOCH:: 26, (40m 27s) train_cost: 2.318, test_cost: 2.330, train_acc: 0.103, test_acc: 0.088
EPOCH:: 27, (42m 0s) train_cost: 2.313, test_cost: 2.307, train_acc: 0.101, test_acc: 0.103
EPOCH:: 28, (43m 33s) train_cost: 2.311, test_cost: 2.305, train_acc: 0.105, test_acc: 0.105
EPOCH:: 29, (45m 14s) train_cost: 2.309, test_cost: 2.308, train_acc: 0.105, test_acc: 0.097
EPOCH:: 30, (46m 55s) train_cost: 2.310, test_cost: 2.312, train_acc: 0.106, test_acc: 0.110
EPOCH:: 31, (48m 34s) train_cost: 2.311, test_cost: 2.316, train_acc: 0.106, test_acc: 0.103
EPOCH:: 32, (50m 13s) train_cost: 2.316, test_cost: 2.307, train_acc: 0.102, test_acc: 0.098
EPOCH:: 33, (51m 49s) train_cost: 2.312, test_cost: 2.308, train_acc: 0.102, test_acc: 0.110
EPOCH:: 34, (53m 21s) train_cost: 2.311, test_cost: 2.310, train_acc: 0.107, test_acc: 0.110
EPOCH:: 35, (54m 53s) train_cost: 2.313, test_cost: 2.310, train_acc: 0.102, test_acc: 0.097
EPOCH:: 36, (56m 24s) train_cost: 2.313, test_cost: 2.319, train_acc: 0.109, test_acc: 0.098
EPOCH:: 37, (57m 57s) train_cost: 2.313, test_cost: 2.310, train_acc: 0.101, test_acc: 0.100
EPOCH:: 38, (59m 28s) train_cost: 2.310, test_cost: 2.312, train_acc: 0.105, test_acc: 0.095
EPOCH:: 39, (61m 2s) train_cost: 2.316, test_cost: 2.311, train_acc: 0.103, test_acc: 0.100
EPOCH:: 40, (62m 34s) train_cost: 2.316, test_cost: 2.306, train_acc: 0.104, test_acc: 0.097
EPOCH:: 41, (64m 6s) train_cost: 2.315, test_cost: 2.312, train_acc: 0.103, test_acc: 0.105
EPOCH:: 42, (65m 38s) train_cost: 2.313, test_cost: 2.312, train_acc: 0.105, test_acc: 0.102
EPOCH:: 43, (67m 10s) train_cost: 2.314, test_cost: 2.312, train_acc: 0.104, test_acc: 0.097
EPOCH:: 44, (68m 42s) train_cost: 2.312, test_cost: 2.350, train_acc: 0.104, test_acc: 0.097
EPOCH:: 45, (70m 15s) train_cost: 2.318, test_cost: 2.311, train_acc: 0.100, test_acc: 0.105
EPOCH:: 46, (71m 47s) train_cost: 2.314, test_cost: 2.308, train_acc: 0.103, test_acc: 0.103
EPOCH:: 47, (73m 17s) train_cost: 2.312, test_cost: 2.315, train_acc: 0.101, test_acc: 0.103
EPOCH:: 48, (74m 49s) train_cost: 2.311, test_cost: 2.308, train_acc: 0.102, test_acc: 0.105
EPOCH:: 49, (76m 22s) train_cost: 2.313, test_cost: 2.313, train_acc: 0.105, test_acc: 0.110
EPOCH:: 50, (77m 59s) train_cost: 2.322, test_cost: 2.314, train_acc: 0.102, test_acc: 0.103
max test_acc: 0.110
-------------------------------------------------------------------
8回目
{'dropout': 0.4268824866535219, 'clip': 6.314145141745589, 'weight_decay': 0.014080700178167906, 'l_rate': 0.08764410381062808}
EPOCH:: 1, (1m 38s) train_cost: 2.309, test_cost: 2.303, train_acc: 0.108, test_acc: 0.110
EPOCH:: 2, (3m 18s) train_cost: 2.303, test_cost: 2.302, train_acc: 0.107, test_acc: 0.110
EPOCH:: 3, (4m 56s) train_cost: 2.302, test_cost: 2.302, train_acc: 0.110, test_acc: 0.110
EPOCH:: 4, (6m 31s) train_cost: 2.303, test_cost: 2.302, train_acc: 0.107, test_acc: 0.110
EPOCH:: 5, (8m 3s) train_cost: 2.302, test_cost: 2.304, train_acc: 0.108, test_acc: 0.110
EPOCH:: 6, (9m 35s) train_cost: 2.302, test_cost: 2.303, train_acc: 0.110, test_acc: 0.097
EPOCH:: 7, (11m 8s) train_cost: 2.302, test_cost: 2.302, train_acc: 0.110, test_acc: 0.105
EPOCH:: 8, (12m 42s) train_cost: 2.303, test_cost: 2.303, train_acc: 0.108, test_acc: 0.110
EPOCH:: 9, (14m 15s) train_cost: 2.302, test_cost: 2.302, train_acc: 0.111, test_acc: 0.105
EPOCH:: 10, (15m 49s) train_cost: 2.303, test_cost: 2.303, train_acc: 0.110, test_acc: 0.103
EPOCH:: 11, (17m 22s) train_cost: 2.303, test_cost: 2.303, train_acc: 0.110, test_acc: 0.103
EPOCH:: 12, (18m 56s) train_cost: 2.303, test_cost: 2.304, train_acc: 0.107, test_acc: 0.103
EPOCH:: 13, (20m 28s) train_cost: 2.303, test_cost: 2.302, train_acc: 0.106, test_acc: 0.095
EPOCH:: 14, (22m 2s) train_cost: 2.303, test_cost: 2.305, train_acc: 0.107, test_acc: 0.105
EPOCH:: 15, (23m 38s) train_cost: 2.303, test_cost: 2.302, train_acc: 0.109, test_acc: 0.110
EPOCH:: 16, (25m 15s) train_cost: 2.302, test_cost: 2.303, train_acc: 0.109, test_acc: 0.110
EPOCH:: 17, (26m 53s) train_cost: 2.302, test_cost: 2.304, train_acc: 0.113, test_acc: 0.105
EPOCH:: 18, (28m 33s) train_cost: 2.303, test_cost: 2.304, train_acc: 0.109, test_acc: 0.110
EPOCH:: 19, (30m 14s) train_cost: 2.303, test_cost: 2.303, train_acc: 0.105, test_acc: 0.103
EPOCH:: 20, (31m 49s) train_cost: 2.303, test_cost: 2.302, train_acc: 0.109, test_acc: 0.105
EPOCH:: 21, (33m 24s) train_cost: 2.303, test_cost: 2.303, train_acc: 0.110, test_acc: 0.110
EPOCH:: 22, (34m 57s) train_cost: 2.303, test_cost: 2.304, train_acc: 0.110, test_acc: 0.095
EPOCH:: 23, (36m 30s) train_cost: 2.303, test_cost: 2.304, train_acc: 0.109, test_acc: 0.110
EPOCH:: 24, (38m 3s) train_cost: 2.303, test_cost: 2.305, train_acc: 0.111, test_acc: 0.110
EPOCH:: 25, (39m 43s) train_cost: 2.303, test_cost: 2.302, train_acc: 0.109, test_acc: 0.105
EPOCH:: 26, (41m 20s) train_cost: 2.303, test_cost: 2.302, train_acc: 0.108, test_acc: 0.110
EPOCH:: 27, (42m 58s) train_cost: 2.302, test_cost: 2.302, train_acc: 0.111, test_acc: 0.110
EPOCH:: 28, (44m 36s) train_cost: 2.303, test_cost: 2.304, train_acc: 0.110, test_acc: 0.110
EPOCH:: 29, (46m 15s) train_cost: 2.303, test_cost: 2.302, train_acc: 0.111, test_acc: 0.110
EPOCH:: 30, (47m 48s) train_cost: 2.303, test_cost: 2.303, train_acc: 0.109, test_acc: 0.110
EPOCH:: 31, (49m 22s) train_cost: 2.303, test_cost: 2.306, train_acc: 0.109, test_acc: 0.110
EPOCH:: 32, (50m 57s) train_cost: 2.303, test_cost: 2.302, train_acc: 0.108, test_acc: 0.110
EPOCH:: 33, (52m 31s) train_cost: 2.302, test_cost: 2.304, train_acc: 0.110, test_acc: 0.105
EPOCH:: 34, (54m 5s) train_cost: 2.303, test_cost: 2.303, train_acc: 0.111, test_acc: 0.110
EPOCH:: 35, (55m 40s) train_cost: 2.303, test_cost: 2.302, train_acc: 0.109, test_acc: 0.110
EPOCH:: 36, (57m 15s) train_cost: 2.302, test_cost: 2.304, train_acc: 0.109, test_acc: 0.103
EPOCH:: 37, (58m 50s) train_cost: 2.303, test_cost: 2.303, train_acc: 0.109, test_acc: 0.110
EPOCH:: 38, (60m 24s) train_cost: 2.303, test_cost: 2.302, train_acc: 0.110, test_acc: 0.110
EPOCH:: 39, (61m 57s) train_cost: 2.303, test_cost: 2.305, train_acc: 0.109, test_acc: 0.110
EPOCH:: 40, (63m 32s) train_cost: 2.303, test_cost: 2.303, train_acc: 0.109, test_acc: 0.105
EPOCH:: 41, (65m 7s) train_cost: 2.303, test_cost: 2.302, train_acc: 0.108, test_acc: 0.098
EPOCH:: 42, (66m 43s) train_cost: 2.302, test_cost: 2.303, train_acc: 0.112, test_acc: 0.103
EPOCH:: 43, (68m 17s) train_cost: 2.303, test_cost: 2.302, train_acc: 0.107, test_acc: 0.103
EPOCH:: 44, (69m 50s) train_cost: 2.302, test_cost: 2.302, train_acc: 0.108, test_acc: 0.110
EPOCH:: 45, (71m 25s) train_cost: 2.302, test_cost: 2.302, train_acc: 0.111, test_acc: 0.110
EPOCH:: 46, (72m 59s) train_cost: 2.302, test_cost: 2.303, train_acc: 0.109, test_acc: 0.103
EPOCH:: 47, (74m 35s) train_cost: 2.303, test_cost: 2.303, train_acc: 0.109, test_acc: 0.110
EPOCH:: 48, (76m 14s) train_cost: 2.303, test_cost: 2.303, train_acc: 0.109, test_acc: 0.103
EPOCH:: 49, (77m 51s) train_cost: 2.303, test_cost: 2.304, train_acc: 0.108, test_acc: 0.110
EPOCH:: 50, (79m 28s) train_cost: 2.303, test_cost: 2.303, train_acc: 0.108, test_acc: 0.110
max test_acc: 0.110
-------------------------------------------------------------------
9回目
{'dropout': 0.7217773579860346, 'clip': 1.3138340431830906, 'weight_decay': 0.00036482687621163537, 'l_rate': 0.008824620438849533}
EPOCH:: 1, (1m 37s) train_cost: 2.302, test_cost: 2.301, train_acc: 0.112, test_acc: 0.110
EPOCH:: 2, (3m 9s) train_cost: 2.301, test_cost: 2.302, train_acc: 0.113, test_acc: 0.110
EPOCH:: 3, (4m 41s) train_cost: 2.301, test_cost: 2.301, train_acc: 0.113, test_acc: 0.110
EPOCH:: 4, (6m 10s) train_cost: 2.301, test_cost: 2.301, train_acc: 0.113, test_acc: 0.110
EPOCH:: 5, (7m 40s) train_cost: 2.301, test_cost: 2.302, train_acc: 0.113, test_acc: 0.110
EPOCH:: 6, (9m 11s) train_cost: 2.301, test_cost: 2.301, train_acc: 0.113, test_acc: 0.110
EPOCH:: 7, (10m 41s) train_cost: 2.301, test_cost: 2.301, train_acc: 0.113, test_acc: 0.110
EPOCH:: 8, (12m 12s) train_cost: 2.301, test_cost: 2.302, train_acc: 0.113, test_acc: 0.110
EPOCH:: 9, (13m 43s) train_cost: 2.301, test_cost: 2.301, train_acc: 0.113, test_acc: 0.110
EPOCH:: 10, (15m 14s) train_cost: 2.301, test_cost: 2.301, train_acc: 0.113, test_acc: 0.110
EPOCH:: 11, (16m 44s) train_cost: 2.301, test_cost: 2.301, train_acc: 0.113, test_acc: 0.110
EPOCH:: 12, (18m 14s) train_cost: 2.301, test_cost: 2.302, train_acc: 0.113, test_acc: 0.110
EPOCH:: 13, (19m 46s) train_cost: 2.301, test_cost: 2.301, train_acc: 0.113, test_acc: 0.110
EPOCH:: 14, (21m 16s) train_cost: 2.301, test_cost: 2.301, train_acc: 0.113, test_acc: 0.110
EPOCH:: 15, (22m 44s) train_cost: 2.301, test_cost: 2.301, train_acc: 0.113, test_acc: 0.110
EPOCH:: 16, (24m 14s) train_cost: 2.301, test_cost: 2.302, train_acc: 0.113, test_acc: 0.110
EPOCH:: 17, (25m 44s) train_cost: 2.301, test_cost: 2.301, train_acc: 0.113, test_acc: 0.110
EPOCH:: 18, (27m 18s) train_cost: 2.301, test_cost: 2.301, train_acc: 0.113, test_acc: 0.110
EPOCH:: 19, (28m 54s) train_cost: 2.301, test_cost: 2.302, train_acc: 0.113, test_acc: 0.110
EPOCH:: 20, (30m 29s) train_cost: 2.301, test_cost: 2.301, train_acc: 0.113, test_acc: 0.110
EPOCH:: 21, (32m 3s) train_cost: 2.301, test_cost: 2.302, train_acc: 0.113, test_acc: 0.110
EPOCH:: 22, (33m 38s) train_cost: 2.301, test_cost: 2.302, train_acc: 0.113, test_acc: 0.110
EPOCH:: 23, (35m 7s) train_cost: 2.301, test_cost: 2.302, train_acc: 0.113, test_acc: 0.110
EPOCH:: 24, (36m 36s) train_cost: 2.301, test_cost: 2.302, train_acc: 0.113, test_acc: 0.110
EPOCH:: 25, (38m 6s) train_cost: 2.301, test_cost: 2.301, train_acc: 0.113, test_acc: 0.110
EPOCH:: 26, (39m 35s) train_cost: 2.301, test_cost: 2.302, train_acc: 0.113, test_acc: 0.110
EPOCH:: 27, (41m 6s) train_cost: 2.301, test_cost: 2.302, train_acc: 0.113, test_acc: 0.110
EPOCH:: 28, (42m 37s) train_cost: 2.301, test_cost: 2.301, train_acc: 0.113, test_acc: 0.110
EPOCH:: 29, (44m 7s) train_cost: 2.301, test_cost: 2.301, train_acc: 0.113, test_acc: 0.110
EPOCH:: 30, (45m 38s) train_cost: 2.301, test_cost: 2.302, train_acc: 0.113, test_acc: 0.110
EPOCH:: 31, (47m 8s) train_cost: 2.301, test_cost: 2.301, train_acc: 0.113, test_acc: 0.110
EPOCH:: 32, (48m 38s) train_cost: 2.301, test_cost: 2.301, train_acc: 0.113, test_acc: 0.110
EPOCH:: 33, (50m 9s) train_cost: 2.301, test_cost: 2.301, train_acc: 0.113, test_acc: 0.110
EPOCH:: 34, (51m 38s) train_cost: 2.301, test_cost: 2.301, train_acc: 0.114, test_acc: 0.110
EPOCH:: 35, (53m 8s) train_cost: 2.301, test_cost: 2.301, train_acc: 0.113, test_acc: 0.110
EPOCH:: 36, (54m 37s) train_cost: 2.301, test_cost: 2.301, train_acc: 0.113, test_acc: 0.110
EPOCH:: 37, (56m 7s) train_cost: 2.301, test_cost: 2.301, train_acc: 0.113, test_acc: 0.110
EPOCH:: 38, (57m 38s) train_cost: 2.301, test_cost: 2.302, train_acc: 0.113, test_acc: 0.110
EPOCH:: 39, (59m 13s) train_cost: 2.301, test_cost: 2.301, train_acc: 0.113, test_acc: 0.110
EPOCH:: 40, (60m 48s) train_cost: 2.301, test_cost: 2.302, train_acc: 0.113, test_acc: 0.110
EPOCH:: 41, (62m 23s) train_cost: 2.301, test_cost: 2.301, train_acc: 0.113, test_acc: 0.110
EPOCH:: 42, (63m 57s) train_cost: 2.301, test_cost: 2.302, train_acc: 0.113, test_acc: 0.110
EPOCH:: 43, (65m 32s) train_cost: 2.301, test_cost: 2.301, train_acc: 0.113, test_acc: 0.110
EPOCH:: 44, (67m 2s) train_cost: 2.301, test_cost: 2.302, train_acc: 0.113, test_acc: 0.110
EPOCH:: 45, (68m 31s) train_cost: 2.301, test_cost: 2.301, train_acc: 0.113, test_acc: 0.110
EPOCH:: 46, (70m 2s) train_cost: 2.301, test_cost: 2.301, train_acc: 0.113, test_acc: 0.110
EPOCH:: 47, (71m 32s) train_cost: 2.301, test_cost: 2.301, train_acc: 0.113, test_acc: 0.110
EPOCH:: 48, (73m 1s) train_cost: 2.301, test_cost: 2.301, train_acc: 0.113, test_acc: 0.110
EPOCH:: 49, (74m 30s) train_cost: 2.301, test_cost: 2.301, train_acc: 0.113, test_acc: 0.110
EPOCH:: 50, (76m 0s) train_cost: 2.301, test_cost: 2.302, train_acc: 0.113, test_acc: 0.110
max test_acc: 0.110
-------------------------------------------------------------------
10回目
{'dropout': 0.7934820460664539, 'clip': 11320.26690955919, 'weight_decay': 1.2832057514203078e-05, 'l_rate': 0.3540653347584405}
EPOCH:: 1, (1m 30s) train_cost: 2.309, test_cost: 2.303, train_acc: 0.108, test_acc: 0.103
EPOCH:: 2, (3m 2s) train_cost: 2.307, test_cost: 2.305, train_acc: 0.105, test_acc: 0.103
EPOCH:: 3, (4m 32s) train_cost: 2.306, test_cost: 2.306, train_acc: 0.106, test_acc: 0.103
EPOCH:: 4, (6m 2s) train_cost: 2.308, test_cost: 2.304, train_acc: 0.102, test_acc: 0.110
EPOCH:: 5, (7m 33s) train_cost: 2.308, test_cost: 2.305, train_acc: 0.104, test_acc: 0.095
EPOCH:: 6, (9m 2s) train_cost: 2.305, test_cost: 2.308, train_acc: 0.105, test_acc: 0.110
EPOCH:: 7, (10m 31s) train_cost: 2.307, test_cost: 2.303, train_acc: 0.105, test_acc: 0.103
EPOCH:: 8, (12m 1s) train_cost: 2.307, test_cost: 2.309, train_acc: 0.103, test_acc: 0.098
EPOCH:: 9, (13m 31s) train_cost: 2.306, test_cost: 2.306, train_acc: 0.105, test_acc: 0.098
EPOCH:: 10, (15m 1s) train_cost: 2.306, test_cost: 2.306, train_acc: 0.106, test_acc: 0.105
EPOCH:: 11, (16m 35s) train_cost: 2.306, test_cost: 2.312, train_acc: 0.107, test_acc: 0.097
EPOCH:: 12, (18m 10s) train_cost: 2.308, test_cost: 2.307, train_acc: 0.103, test_acc: 0.110
EPOCH:: 13, (19m 46s) train_cost: 2.308, test_cost: 2.307, train_acc: 0.104, test_acc: 0.098
EPOCH:: 14, (21m 21s) train_cost: 2.307, test_cost: 2.307, train_acc: 0.105, test_acc: 0.110
EPOCH:: 15, (22m 57s) train_cost: 2.307, test_cost: 2.309, train_acc: 0.105, test_acc: 0.105
EPOCH:: 16, (24m 27s) train_cost: 2.305, test_cost: 2.308, train_acc: 0.105, test_acc: 0.097
EPOCH:: 17, (25m 57s) train_cost: 2.306, test_cost: 2.305, train_acc: 0.107, test_acc: 0.105
EPOCH:: 18, (27m 27s) train_cost: 2.306, test_cost: 2.306, train_acc: 0.107, test_acc: 0.103
EPOCH:: 19, (28m 57s) train_cost: 2.306, test_cost: 2.310, train_acc: 0.108, test_acc: 0.103
EPOCH:: 20, (30m 26s) train_cost: 2.307, test_cost: 2.308, train_acc: 0.104, test_acc: 0.103
EPOCH:: 21, (31m 57s) train_cost: 2.307, test_cost: 2.308, train_acc: 0.106, test_acc: 0.110
EPOCH:: 22, (33m 27s) train_cost: 2.307, test_cost: 2.306, train_acc: 0.106, test_acc: 0.110
EPOCH:: 23, (34m 57s) train_cost: 2.307, test_cost: 2.306, train_acc: 0.105, test_acc: 0.103
EPOCH:: 24, (36m 31s) train_cost: 2.307, test_cost: 2.306, train_acc: 0.107, test_acc: 0.110
EPOCH:: 25, (38m 5s) train_cost: 2.307, test_cost: 2.307, train_acc: 0.105, test_acc: 0.103
EPOCH:: 26, (39m 41s) train_cost: 2.306, test_cost: 2.312, train_acc: 0.105, test_acc: 0.110
EPOCH:: 27, (41m 15s) train_cost: 2.307, test_cost: 2.306, train_acc: 0.106, test_acc: 0.100
EPOCH:: 28, (42m 51s) train_cost: 2.308, test_cost: 2.307, train_acc: 0.103, test_acc: 0.098
EPOCH:: 29, (44m 21s) train_cost: 2.307, test_cost: 2.305, train_acc: 0.106, test_acc: 0.110
EPOCH:: 30, (45m 52s) train_cost: 2.306, test_cost: 2.309, train_acc: 0.105, test_acc: 0.110
EPOCH:: 31, (47m 22s) train_cost: 2.307, test_cost: 2.308, train_acc: 0.105, test_acc: 0.103
EPOCH:: 32, (48m 52s) train_cost: 2.307, test_cost: 2.308, train_acc: 0.104, test_acc: 0.097
EPOCH:: 33, (50m 22s) train_cost: 2.306, test_cost: 2.305, train_acc: 0.105, test_acc: 0.103
EPOCH:: 34, (51m 52s) train_cost: 2.307, test_cost: 2.305, train_acc: 0.107, test_acc: 0.110
EPOCH:: 35, (53m 21s) train_cost: 2.307, test_cost: 2.310, train_acc: 0.106, test_acc: 0.103
EPOCH:: 36, (54m 52s) train_cost: 2.306, test_cost: 2.307, train_acc: 0.105, test_acc: 0.098
EPOCH:: 37, (56m 24s) train_cost: 2.307, test_cost: 2.307, train_acc: 0.104, test_acc: 0.110
EPOCH:: 38, (57m 59s) train_cost: 2.306, test_cost: 2.303, train_acc: 0.106, test_acc: 0.110
EPOCH:: 39, (59m 34s) train_cost: 2.308, test_cost: 2.306, train_acc: 0.107, test_acc: 0.103
EPOCH:: 40, (61m 9s) train_cost: 2.309, test_cost: 2.306, train_acc: 0.106, test_acc: 0.105
EPOCH:: 41, (62m 44s) train_cost: 2.307, test_cost: 2.307, train_acc: 0.103, test_acc: 0.110
EPOCH:: 42, (64m 17s) train_cost: 2.308, test_cost: 2.307, train_acc: 0.104, test_acc: 0.110
EPOCH:: 43, (65m 46s) train_cost: 2.307, test_cost: 2.305, train_acc: 0.104, test_acc: 0.102
EPOCH:: 44, (67m 16s) train_cost: 2.308, test_cost: 2.307, train_acc: 0.103, test_acc: 0.102
EPOCH:: 45, (68m 46s) train_cost: 2.307, test_cost: 2.304, train_acc: 0.103, test_acc: 0.105
EPOCH:: 46, (70m 15s) train_cost: 2.305, test_cost: 2.309, train_acc: 0.105, test_acc: 0.110
EPOCH:: 47, (71m 45s) train_cost: 2.306, test_cost: 2.305, train_acc: 0.106, test_acc: 0.103
EPOCH:: 48, (73m 14s) train_cost: 2.305, test_cost: 2.305, train_acc: 0.107, test_acc: 0.110
EPOCH:: 49, (74m 45s) train_cost: 2.306, test_cost: 2.304, train_acc: 0.106, test_acc: 0.110
EPOCH:: 50, (76m 15s) train_cost: 2.308, test_cost: 2.305, train_acc: 0.105, test_acc: 0.110
max test_acc: 0.110
-------------------------------------------------------------------
11回目
{'dropout': 0.26173877481275953, 'clip': 2925.4042227640757, 'weight_decay': 0.00011813244108811544, 'l_rate': 0.0037046604805510137}
EPOCH:: 1, (1m 29s) train_cost: 2.225, test_cost: 2.064, train_acc: 0.175, test_acc: 0.055
EPOCH:: 2, (3m 0s) train_cost: 1.616, test_cost: 1.245, train_acc: 0.119, test_acc: 0.053
EPOCH:: 3, (4m 30s) train_cost: 1.222, test_cost: 1.027, train_acc: 0.103, test_acc: 0.143
EPOCH:: 4, (6m 1s) train_cost: 1.027, test_cost: 0.836, train_acc: 0.132, test_acc: 0.193
EPOCH:: 5, (7m 32s) train_cost: 0.802, test_cost: 0.680, train_acc: 0.199, test_acc: 0.132
EPOCH:: 6, (9m 1s) train_cost: 0.661, test_cost: 0.580, train_acc: 0.089, test_acc: 0.041
EPOCH:: 7, (10m 32s) train_cost: 0.753, test_cost: 0.778, train_acc: 0.083, test_acc: 0.213
EPOCH:: 8, (12m 2s) train_cost: 0.679, test_cost: 0.562, train_acc: 0.098, test_acc: 0.052
EPOCH:: 9, (13m 31s) train_cost: 0.565, test_cost: 0.502, train_acc: 0.048, test_acc: 0.075
EPOCH:: 10, (15m 1s) train_cost: 0.531, test_cost: 0.479, train_acc: 0.060, test_acc: 0.085
EPOCH:: 11, (16m 33s) train_cost: 0.495, test_cost: 0.473, train_acc: 0.074, test_acc: 0.079
EPOCH:: 12, (18m 7s) train_cost: 0.478, test_cost: 0.447, train_acc: 0.080, test_acc: 0.095
EPOCH:: 13, (19m 42s) train_cost: 0.450, test_cost: 0.395, train_acc: 0.090, test_acc: 0.107
EPOCH:: 14, (21m 18s) train_cost: 0.415, test_cost: 0.382, train_acc: 0.104, test_acc: 0.112
EPOCH:: 15, (22m 55s) train_cost: 0.407, test_cost: 0.386, train_acc: 0.105, test_acc: 0.114
EPOCH:: 16, (24m 29s) train_cost: 0.382, test_cost: 0.382, train_acc: 0.115, test_acc: 0.111
EPOCH:: 17, (26m 9s) train_cost: 0.366, test_cost: 0.411, train_acc: 0.120, test_acc: 0.107
EPOCH:: 18, (27m 42s) train_cost: 0.418, test_cost: 0.357, train_acc: 0.102, test_acc: 0.123
EPOCH:: 19, (29m 16s) train_cost: 0.351, test_cost: 0.337, train_acc: 0.126, test_acc: 0.130
EPOCH:: 20, (30m 48s) train_cost: 0.349, test_cost: 0.374, train_acc: 0.126, test_acc: 0.110
EPOCH:: 21, (32m 17s) train_cost: 0.334, test_cost: 0.315, train_acc: 0.128, test_acc: 0.139
EPOCH:: 22, (33m 47s) train_cost: 0.327, test_cost: 0.320, train_acc: 0.133, test_acc: 0.135
EPOCH:: 23, (35m 16s) train_cost: 0.335, test_cost: 0.322, train_acc: 0.131, test_acc: 0.136
EPOCH:: 24, (36m 45s) train_cost: 0.319, test_cost: 0.302, train_acc: 0.136, test_acc: 0.139
EPOCH:: 25, (38m 14s) train_cost: 0.309, test_cost: 0.312, train_acc: 0.140, test_acc: 0.142
EPOCH:: 26, (39m 45s) train_cost: 0.313, test_cost: 0.306, train_acc: 0.140, test_acc: 0.140
EPOCH:: 27, (41m 13s) train_cost: 0.297, test_cost: 0.285, train_acc: 0.146, test_acc: 0.150
EPOCH:: 28, (42m 43s) train_cost: 0.292, test_cost: 0.284, train_acc: 0.146, test_acc: 0.150
EPOCH:: 29, (44m 13s) train_cost: 0.295, test_cost: 0.291, train_acc: 0.147, test_acc: 0.143
EPOCH:: 30, (45m 43s) train_cost: 0.282, test_cost: 0.270, train_acc: 0.152, test_acc: 0.158
EPOCH:: 31, (47m 14s) train_cost: 0.302, test_cost: 0.270, train_acc: 0.145, test_acc: 0.154
EPOCH:: 32, (48m 44s) train_cost: 0.264, test_cost: 0.278, train_acc: 0.157, test_acc: 0.150
EPOCH:: 33, (50m 15s) train_cost: 0.274, test_cost: 0.266, train_acc: 0.157, test_acc: 0.159
EPOCH:: 34, (51m 49s) train_cost: 0.267, test_cost: 0.247, train_acc: 0.157, test_acc: 0.165
EPOCH:: 35, (53m 25s) train_cost: 0.256, test_cost: 0.264, train_acc: 0.162, test_acc: 0.155
EPOCH:: 36, (55m 0s) train_cost: 0.250, test_cost: 0.306, train_acc: 0.165, test_acc: 0.141
EPOCH:: 37, (56m 36s) train_cost: 0.251, test_cost: 0.248, train_acc: 0.163, test_acc: 0.163
EPOCH:: 38, (58m 11s) train_cost: 0.245, test_cost: 0.251, train_acc: 0.166, test_acc: 0.160
EPOCH:: 39, (59m 43s) train_cost: 0.253, test_cost: 0.231, train_acc: 0.162, test_acc: 0.171
EPOCH:: 40, (61m 13s) train_cost: 0.243, test_cost: 0.243, train_acc: 0.166, test_acc: 0.168
EPOCH:: 41, (62m 43s) train_cost: 0.247, test_cost: 0.264, train_acc: 0.165, test_acc: 0.158
EPOCH:: 42, (64m 13s) train_cost: 0.243, test_cost: 0.246, train_acc: 0.167, test_acc: 0.165
EPOCH:: 43, (65m 46s) train_cost: 0.234, test_cost: 0.255, train_acc: 0.170, test_acc: 0.163
EPOCH:: 44, (67m 22s) train_cost: 0.233, test_cost: 0.236, train_acc: 0.169, test_acc: 0.170
EPOCH:: 45, (69m 0s) train_cost: 0.225, test_cost: 0.244, train_acc: 0.172, test_acc: 0.166
EPOCH:: 46, (70m 38s) train_cost: 0.229, test_cost: 0.290, train_acc: 0.172, test_acc: 0.152
EPOCH:: 47, (72m 19s) train_cost: 0.236, test_cost: 0.254, train_acc: 0.168, test_acc: 0.161
EPOCH:: 48, (73m 55s) train_cost: 0.228, test_cost: 0.244, train_acc: 0.171, test_acc: 0.161
EPOCH:: 49, (75m 33s) train_cost: 0.228, test_cost: 0.215, train_acc: 0.171, test_acc: 0.177
EPOCH:: 50, (77m 9s) train_cost: 0.221, test_cost: 0.228, train_acc: 0.175, test_acc: 0.172
max test_acc: 0.213
-------------------------------------------------------------------
12回目
{'dropout': 0.06992321494455245, 'clip': 26.766944371418067, 'weight_decay': 0.0004790369686519976, 'l_rate': 0.01008880044142326}
EPOCH:: 1, (1m 36s) train_cost: 2.302, test_cost: 2.301, train_acc: 0.112, test_acc: 0.110
EPOCH:: 2, (3m 12s) train_cost: 2.301, test_cost: 2.302, train_acc: 0.113, test_acc: 0.110
EPOCH:: 3, (4m 49s) train_cost: 2.301, test_cost: 2.301, train_acc: 0.113, test_acc: 0.110
EPOCH:: 4, (6m 27s) train_cost: 2.301, test_cost: 2.301, train_acc: 0.113, test_acc: 0.110
EPOCH:: 5, (8m 6s) train_cost: 2.301, test_cost: 2.302, train_acc: 0.113, test_acc: 0.110
EPOCH:: 6, (9m 46s) train_cost: 2.301, test_cost: 2.301, train_acc: 0.113, test_acc: 0.110
EPOCH:: 7, (11m 25s) train_cost: 2.301, test_cost: 2.302, train_acc: 0.113, test_acc: 0.110
EPOCH:: 8, (13m 5s) train_cost: 2.301, test_cost: 2.302, train_acc: 0.113, test_acc: 0.110
EPOCH:: 9, (14m 41s) train_cost: 2.301, test_cost: 2.301, train_acc: 0.113, test_acc: 0.110
EPOCH:: 10, (16m 18s) train_cost: 2.301, test_cost: 2.301, train_acc: 0.113, test_acc: 0.110
EPOCH:: 11, (17m 52s) train_cost: 2.301, test_cost: 2.301, train_acc: 0.113, test_acc: 0.110
EPOCH:: 12, (19m 29s) train_cost: 2.301, test_cost: 2.302, train_acc: 0.113, test_acc: 0.110
EPOCH:: 13, (21m 5s) train_cost: 2.301, test_cost: 2.301, train_acc: 0.113, test_acc: 0.110
EPOCH:: 14, (22m 40s) train_cost: 2.301, test_cost: 2.301, train_acc: 0.113, test_acc: 0.110
EPOCH:: 15, (24m 16s) train_cost: 2.301, test_cost: 2.302, train_acc: 0.113, test_acc: 0.110
EPOCH:: 16, (25m 53s) train_cost: 2.301, test_cost: 2.302, train_acc: 0.113, test_acc: 0.110
EPOCH:: 17, (27m 29s) train_cost: 2.301, test_cost: 2.302, train_acc: 0.113, test_acc: 0.110
EPOCH:: 18, (29m 6s) train_cost: 2.301, test_cost: 2.301, train_acc: 0.113, test_acc: 0.110
EPOCH:: 19, (30m 41s) train_cost: 2.301, test_cost: 2.302, train_acc: 0.113, test_acc: 0.110
EPOCH:: 20, (32m 16s) train_cost: 2.301, test_cost: 2.301, train_acc: 0.113, test_acc: 0.110
EPOCH:: 21, (33m 54s) train_cost: 2.301, test_cost: 2.302, train_acc: 0.113, test_acc: 0.110
EPOCH:: 22, (35m 30s) train_cost: 2.301, test_cost: 2.302, train_acc: 0.113, test_acc: 0.110
EPOCH:: 23, (37m 8s) train_cost: 2.301, test_cost: 2.302, train_acc: 0.113, test_acc: 0.110
EPOCH:: 24, (38m 46s) train_cost: 2.301, test_cost: 2.302, train_acc: 0.113, test_acc: 0.110
EPOCH:: 25, (40m 24s) train_cost: 2.301, test_cost: 2.301, train_acc: 0.113, test_acc: 0.110
EPOCH:: 26, (42m 3s) train_cost: 2.301, test_cost: 2.302, train_acc: 0.113, test_acc: 0.110
EPOCH:: 27, (43m 43s) train_cost: 2.301, test_cost: 2.302, train_acc: 0.113, test_acc: 0.110
EPOCH:: 28, (45m 24s) train_cost: 2.301, test_cost: 2.301, train_acc: 0.113, test_acc: 0.110
EPOCH:: 29, (47m 1s) train_cost: 2.301, test_cost: 2.301, train_acc: 0.113, test_acc: 0.110
EPOCH:: 30, (48m 36s) train_cost: 2.301, test_cost: 2.302, train_acc: 0.113, test_acc: 0.110
EPOCH:: 31, (50m 12s) train_cost: 2.301, test_cost: 2.302, train_acc: 0.113, test_acc: 0.110
EPOCH:: 32, (51m 49s) train_cost: 2.301, test_cost: 2.301, train_acc: 0.113, test_acc: 0.110
EPOCH:: 33, (53m 26s) train_cost: 2.301, test_cost: 2.301, train_acc: 0.113, test_acc: 0.110
EPOCH:: 34, (55m 5s) train_cost: 2.302, test_cost: 2.301, train_acc: 0.114, test_acc: 0.110
EPOCH:: 35, (56m 45s) train_cost: 2.301, test_cost: 2.301, train_acc: 0.113, test_acc: 0.110
EPOCH:: 36, (58m 24s) train_cost: 2.301, test_cost: 2.301, train_acc: 0.113, test_acc: 0.110
EPOCH:: 37, (60m 4s) train_cost: 2.301, test_cost: 2.301, train_acc: 0.113, test_acc: 0.110
EPOCH:: 38, (61m 43s) train_cost: 2.301, test_cost: 2.302, train_acc: 0.113, test_acc: 0.110
EPOCH:: 39, (63m 20s) train_cost: 2.301, test_cost: 2.301, train_acc: 0.113, test_acc: 0.110
EPOCH:: 40, (64m 55s) train_cost: 2.301, test_cost: 2.302, train_acc: 0.113, test_acc: 0.110
EPOCH:: 41, (66m 31s) train_cost: 2.301, test_cost: 2.301, train_acc: 0.113, test_acc: 0.110
EPOCH:: 42, (68m 9s) train_cost: 2.301, test_cost: 2.302, train_acc: 0.113, test_acc: 0.110
EPOCH:: 43, (69m 46s) train_cost: 2.301, test_cost: 2.301, train_acc: 0.113, test_acc: 0.110
EPOCH:: 44, (71m 22s) train_cost: 2.302, test_cost: 2.302, train_acc: 0.113, test_acc: 0.110
EPOCH:: 45, (72m 57s) train_cost: 2.301, test_cost: 2.301, train_acc: 0.113, test_acc: 0.110
EPOCH:: 46, (74m 34s) train_cost: 2.301, test_cost: 2.302, train_acc: 0.113, test_acc: 0.110
EPOCH:: 47, (76m 10s) train_cost: 2.301, test_cost: 2.302, train_acc: 0.113, test_acc: 0.110
EPOCH:: 48, (77m 48s) train_cost: 2.301, test_cost: 2.301, train_acc: 0.113, test_acc: 0.110
EPOCH:: 49, (79m 23s) train_cost: 2.301, test_cost: 2.302, train_acc: 0.113, test_acc: 0.110
EPOCH:: 50, (81m 2s) train_cost: 2.301, test_cost: 2.302, train_acc: 0.113, test_acc: 0.110
max test_acc: 0.110
-------------------------------------------------------------------
13回目
{'dropout': 0.6153484833935186, 'clip': 142.17520268810432, 'weight_decay': 0.0005218105327037839, 'l_rate': 5.2145187885230414e-05}
EPOCH:: 1, (1m 39s) train_cost: 2.280, test_cost: 2.183, train_acc: 0.143, test_acc: 0.200
EPOCH:: 2, (3m 18s) train_cost: 1.989, test_cost: 1.727, train_acc: 0.138, test_acc: 0.050
EPOCH:: 3, (4m 58s) train_cost: 1.773, test_cost: 1.673, train_acc: 0.046, test_acc: 0.082
EPOCH:: 4, (6m 39s) train_cost: 1.704, test_cost: 1.545, train_acc: 0.061, test_acc: 0.185
EPOCH:: 5, (8m 16s) train_cost: 1.619, test_cost: 1.471, train_acc: 0.111, test_acc: 0.210
EPOCH:: 6, (9m 53s) train_cost: 1.660, test_cost: 1.813, train_acc: 0.138, test_acc: 0.093
EPOCH:: 7, (11m 30s) train_cost: 1.645, test_cost: 1.402, train_acc: 0.148, test_acc: 0.118
EPOCH:: 8, (13m 6s) train_cost: 1.445, test_cost: 1.286, train_acc: 0.184, test_acc: 0.043
EPOCH:: 9, (14m 43s) train_cost: 1.417, test_cost: 1.267, train_acc: 0.153, test_acc: 0.037
EPOCH:: 10, (16m 19s) train_cost: 1.287, test_cost: 1.264, train_acc: 0.048, test_acc: 0.044
EPOCH:: 11, (17m 56s) train_cost: 1.224, test_cost: 1.068, train_acc: 0.062, test_acc: 0.143
EPOCH:: 12, (19m 33s) train_cost: 1.135, test_cost: 1.002, train_acc: 0.104, test_acc: 0.166
EPOCH:: 13, (21m 11s) train_cost: 1.083, test_cost: 0.954, train_acc: 0.134, test_acc: 0.184
EPOCH:: 14, (22m 48s) train_cost: 1.083, test_cost: 0.935, train_acc: 0.137, test_acc: 0.191
EPOCH:: 15, (24m 25s) train_cost: 1.016, test_cost: 0.906, train_acc: 0.161, test_acc: 0.203
EPOCH:: 16, (26m 1s) train_cost: 0.979, test_cost: 0.927, train_acc: 0.174, test_acc: 0.185
EPOCH:: 17, (27m 38s) train_cost: 0.952, test_cost: 0.821, train_acc: 0.184, test_acc: 0.203
EPOCH:: 18, (29m 14s) train_cost: 0.915, test_cost: 1.888, train_acc: 0.195, test_acc: 0.204
EPOCH:: 19, (30m 50s) train_cost: 1.647, test_cost: 1.152, train_acc: 0.089, test_acc: 0.098
EPOCH:: 20, (32m 28s) train_cost: 1.075, test_cost: 0.880, train_acc: 0.134, test_acc: 0.200
EPOCH:: 21, (34m 8s) train_cost: 0.921, test_cost: 0.813, train_acc: 0.191, test_acc: 0.204
EPOCH:: 22, (35m 46s) train_cost: 0.889, test_cost: 0.786, train_acc: 0.203, test_acc: 0.229
EPOCH:: 23, (37m 26s) train_cost: 0.863, test_cost: 0.769, train_acc: 0.211, test_acc: 0.197
EPOCH:: 24, (39m 4s) train_cost: 0.900, test_cost: 0.883, train_acc: 0.195, test_acc: 0.204
EPOCH:: 25, (40m 40s) train_cost: 0.854, test_cost: 0.811, train_acc: 0.213, test_acc: 0.221
EPOCH:: 26, (42m 16s) train_cost: 0.831, test_cost: 0.735, train_acc: 0.202, test_acc: 0.133
EPOCH:: 27, (43m 52s) train_cost: 0.870, test_cost: 0.772, train_acc: 0.202, test_acc: 0.198
EPOCH:: 28, (45m 28s) train_cost: 0.796, test_cost: 0.737, train_acc: 0.180, test_acc: 0.114
EPOCH:: 29, (47m 5s) train_cost: 0.785, test_cost: 0.693, train_acc: 0.185, test_acc: 0.051
EPOCH:: 30, (48m 42s) train_cost: 0.756, test_cost: 0.698, train_acc: 0.141, test_acc: 0.067
EPOCH:: 31, (50m 19s) train_cost: 0.755, test_cost: 0.668, train_acc: 0.139, test_acc: 0.023
EPOCH:: 32, (51m 56s) train_cost: 0.758, test_cost: 0.698, train_acc: 0.125, test_acc: 0.052
EPOCH:: 33, (53m 32s) train_cost: 0.736, test_cost: 0.661, train_acc: 0.089, test_acc: 0.024
EPOCH:: 34, (55m 8s) train_cost: 0.740, test_cost: 0.658, train_acc: 0.091, test_acc: 0.043
EPOCH:: 35, (56m 46s) train_cost: 0.710, test_cost: 0.670, train_acc: 0.065, test_acc: 0.058
EPOCH:: 36, (58m 21s) train_cost: 0.717, test_cost: 0.878, train_acc: 0.066, test_acc: 0.196
EPOCH:: 37, (59m 57s) train_cost: 0.707, test_cost: 0.608, train_acc: 0.052, test_acc: 0.043
EPOCH:: 38, (61m 34s) train_cost: 0.709, test_cost: 0.622, train_acc: 0.074, test_acc: 0.038
EPOCH:: 39, (63m 11s) train_cost: 0.669, test_cost: 0.619, train_acc: 0.032, test_acc: 0.037
EPOCH:: 40, (64m 49s) train_cost: 0.692, test_cost: 0.607, train_acc: 0.055, test_acc: 0.045
EPOCH:: 41, (66m 28s) train_cost: 0.674, test_cost: 0.700, train_acc: 0.036, test_acc: 0.035
EPOCH:: 42, (68m 7s) train_cost: 0.866, test_cost: 0.637, train_acc: 0.109, test_acc: 0.030
EPOCH:: 43, (69m 47s) train_cost: 0.663, test_cost: 0.582, train_acc: 0.032, test_acc: 0.050
EPOCH:: 44, (71m 27s) train_cost: 0.664, test_cost: 0.602, train_acc: 0.042, test_acc: 0.048
EPOCH:: 45, (73m 3s) train_cost: 1.363, test_cost: 0.976, train_acc: 0.114, test_acc: 0.191
EPOCH:: 46, (74m 40s) train_cost: 0.853, test_cost: 0.729, train_acc: 0.168, test_acc: 0.046
EPOCH:: 47, (76m 16s) train_cost: 0.758, test_cost: 0.664, train_acc: 0.094, test_acc: 0.026
EPOCH:: 48, (77m 53s) train_cost: 0.716, test_cost: 0.661, train_acc: 0.047, test_acc: 0.028
EPOCH:: 49, (79m 29s) train_cost: 0.699, test_cost: 0.606, train_acc: 0.052, test_acc: 0.044
EPOCH:: 50, (81m 6s) train_cost: 0.668, test_cost: 0.651, train_acc: 0.029, test_acc: 0.038
max test_acc: 0.229
-------------------------------------------------------------------
14回目
{'dropout': 0.9111234226044, 'clip': 8645.556213573691, 'weight_decay': 0.00013750759295116536, 'l_rate': 0.00023777521169827064}
EPOCH:: 1, (1m 34s) train_cost: 2.263, test_cost: 2.160, train_acc: 0.145, test_acc: 0.035
EPOCH:: 2, (3m 11s) train_cost: 2.033, test_cost: 1.921, train_acc: 0.123, test_acc: 0.084
EPOCH:: 3, (4m 47s) train_cost: 1.786, test_cost: 1.457, train_acc: 0.102, test_acc: 0.022
EPOCH:: 4, (6m 24s) train_cost: 1.549, test_cost: 1.217, train_acc: 0.181, test_acc: 0.097
EPOCH:: 5, (8m 2s) train_cost: 1.489, test_cost: 1.294, train_acc: 0.181, test_acc: 0.055
EPOCH:: 6, (9m 38s) train_cost: 1.459, test_cost: 1.000, train_acc: 0.131, test_acc: 0.170
EPOCH:: 7, (11m 14s) train_cost: 1.304, test_cost: 0.932, train_acc: 0.057, test_acc: 0.183
EPOCH:: 8, (12m 50s) train_cost: 1.200, test_cost: 0.830, train_acc: 0.079, test_acc: 0.196
EPOCH:: 9, (14m 27s) train_cost: 1.181, test_cost: 0.967, train_acc: 0.092, test_acc: 0.171
EPOCH:: 10, (16m 5s) train_cost: 1.492, test_cost: 1.146, train_acc: 0.131, test_acc: 0.084
EPOCH:: 11, (17m 44s) train_cost: 1.230, test_cost: 0.859, train_acc: 0.067, test_acc: 0.210
EPOCH:: 12, (19m 24s) train_cost: 1.056, test_cost: 0.779, train_acc: 0.128, test_acc: 0.193
EPOCH:: 13, (21m 1s) train_cost: 1.006, test_cost: 0.725, train_acc: 0.146, test_acc: 0.127
EPOCH:: 14, (22m 40s) train_cost: 0.963, test_cost: 0.746, train_acc: 0.162, test_acc: 0.116
EPOCH:: 15, (24m 18s) train_cost: 0.919, test_cost: 0.632, train_acc: 0.179, test_acc: 0.050
EPOCH:: 16, (25m 53s) train_cost: 0.875, test_cost: 0.575, train_acc: 0.192, test_acc: 0.054
EPOCH:: 17, (27m 30s) train_cost: 0.839, test_cost: 0.561, train_acc: 0.208, test_acc: 0.066
EPOCH:: 18, (29m 7s) train_cost: 0.802, test_cost: 0.522, train_acc: 0.210, test_acc: 0.071
EPOCH:: 19, (30m 43s) train_cost: 0.800, test_cost: 0.520, train_acc: 0.201, test_acc: 0.076
EPOCH:: 20, (32m 19s) train_cost: 0.745, test_cost: 0.501, train_acc: 0.115, test_acc: 0.078
EPOCH:: 21, (33m 56s) train_cost: 0.723, test_cost: 0.538, train_acc: 0.079, test_acc: 0.076
EPOCH:: 22, (35m 33s) train_cost: 2.197, test_cost: 1.723, train_acc: 0.171, test_acc: 0.114
EPOCH:: 23, (37m 10s) train_cost: 1.778, test_cost: 1.418, train_acc: 0.064, test_acc: 0.072
EPOCH:: 24, (38m 47s) train_cost: 1.591, test_cost: 1.177, train_acc: 0.150, test_acc: 0.167
EPOCH:: 25, (40m 24s) train_cost: 1.479, test_cost: 1.039, train_acc: 0.201, test_acc: 0.190
EPOCH:: 26, (42m 0s) train_cost: 1.367, test_cost: 0.983, train_acc: 0.149, test_acc: 0.201
EPOCH:: 27, (43m 38s) train_cost: 1.327, test_cost: 0.928, train_acc: 0.067, test_acc: 0.177
EPOCH:: 28, (45m 14s) train_cost: 1.295, test_cost: 0.929, train_acc: 0.057, test_acc: 0.207
EPOCH:: 29, (46m 52s) train_cost: 1.205, test_cost: 0.790, train_acc: 0.066, test_acc: 0.191
EPOCH:: 30, (48m 28s) train_cost: 1.149, test_cost: 0.794, train_acc: 0.088, test_acc: 0.168
EPOCH:: 31, (50m 5s) train_cost: 1.121, test_cost: 0.720, train_acc: 0.099, test_acc: 0.103
EPOCH:: 32, (51m 42s) train_cost: 1.078, test_cost: 0.723, train_acc: 0.116, test_acc: 0.072
EPOCH:: 33, (53m 20s) train_cost: 1.077, test_cost: 0.670, train_acc: 0.117, test_acc: 0.045
EPOCH:: 34, (55m 1s) train_cost: 1.032, test_cost: 0.698, train_acc: 0.135, test_acc: 0.035
EPOCH:: 35, (56m 40s) train_cost: 1.010, test_cost: 0.641, train_acc: 0.145, test_acc: 0.037
EPOCH:: 36, (58m 19s) train_cost: 0.998, test_cost: 0.636, train_acc: 0.145, test_acc: 0.031
EPOCH:: 37, (59m 58s) train_cost: 0.981, test_cost: 0.666, train_acc: 0.153, test_acc: 0.030
EPOCH:: 38, (61m 34s) train_cost: 0.933, test_cost: 0.614, train_acc: 0.170, test_acc: 0.039
EPOCH:: 39, (63m 12s) train_cost: 0.910, test_cost: 0.626, train_acc: 0.180, test_acc: 0.035
EPOCH:: 40, (64m 51s) train_cost: 0.920, test_cost: 0.595, train_acc: 0.179, test_acc: 0.051
EPOCH:: 41, (66m 29s) train_cost: 0.884, test_cost: 0.560, train_acc: 0.189, test_acc: 0.061
EPOCH:: 42, (68m 8s) train_cost: 0.914, test_cost: 0.549, train_acc: 0.179, test_acc: 0.063
EPOCH:: 43, (69m 48s) train_cost: 0.854, test_cost: 0.526, train_acc: 0.196, test_acc: 0.069
EPOCH:: 44, (71m 24s) train_cost: 0.859, test_cost: 0.540, train_acc: 0.196, test_acc: 0.068
EPOCH:: 45, (73m 1s) train_cost: 0.849, test_cost: 0.525, train_acc: 0.196, test_acc: 0.074
EPOCH:: 46, (74m 36s) train_cost: 0.832, test_cost: 0.538, train_acc: 0.206, test_acc: 0.061
EPOCH:: 47, (76m 15s) train_cost: 0.821, test_cost: 0.515, train_acc: 0.207, test_acc: 0.071
EPOCH:: 48, (77m 52s) train_cost: 0.814, test_cost: 0.497, train_acc: 0.211, test_acc: 0.078
EPOCH:: 49, (79m 29s) train_cost: 0.806, test_cost: 0.504, train_acc: 0.214, test_acc: 0.082
EPOCH:: 50, (81m 5s) train_cost: 0.798, test_cost: 0.497, train_acc: 0.213, test_acc: 0.078
max test_acc: 0.210
-------------------------------------------------------------------
15回目
{'dropout': 0.5772864456204437, 'clip': 1154.0619889277184, 'weight_decay': 0.001065126263538608, 'l_rate': 7.401755669477613e-05}
EPOCH:: 1, (1m 37s) train_cost: 2.230, test_cost: 2.016, train_acc: 0.147, test_acc: 0.062
EPOCH:: 2, (3m 13s) train_cost: 1.885, test_cost: 1.721, train_acc: 0.044, test_acc: 0.091
EPOCH:: 3, (4m 51s) train_cost: 1.670, test_cost: 1.467, train_acc: 0.095, test_acc: 0.223
EPOCH:: 4, (6m 26s) train_cost: 1.504, test_cost: 1.310, train_acc: 0.175, test_acc: 0.064
EPOCH:: 5, (8m 3s) train_cost: 1.401, test_cost: 1.324, train_acc: 0.205, test_acc: 0.100
EPOCH:: 6, (9m 40s) train_cost: 1.517, test_cost: 1.269, train_acc: 0.188, test_acc: 0.070
EPOCH:: 7, (11m 16s) train_cost: 1.302, test_cost: 1.147, train_acc: 0.084, test_acc: 0.112
EPOCH:: 8, (12m 52s) train_cost: 1.218, test_cost: 1.108, train_acc: 0.055, test_acc: 0.131
EPOCH:: 9, (14m 27s) train_cost: 1.145, test_cost: 1.041, train_acc: 0.105, test_acc: 0.164
EPOCH:: 10, (16m 4s) train_cost: 1.071, test_cost: 0.957, train_acc: 0.145, test_acc: 0.184
EPOCH:: 11, (17m 42s) train_cost: 0.979, test_cost: 0.998, train_acc: 0.184, test_acc: 0.174
EPOCH:: 12, (19m 17s) train_cost: 0.956, test_cost: 0.849, train_acc: 0.192, test_acc: 0.224
EPOCH:: 13, (20m 54s) train_cost: 0.882, test_cost: 0.744, train_acc: 0.213, test_acc: 0.053
EPOCH:: 14, (22m 31s) train_cost: 0.825, test_cost: 0.760, train_acc: 0.200, test_acc: 0.050
EPOCH:: 15, (24m 8s) train_cost: 0.800, test_cost: 0.699, train_acc: 0.179, test_acc: 0.022
EPOCH:: 16, (25m 46s) train_cost: 0.755, test_cost: 0.673, train_acc: 0.102, test_acc: 0.029
EPOCH:: 17, (27m 23s) train_cost: 0.786, test_cost: 0.736, train_acc: 0.142, test_acc: 0.082
EPOCH:: 18, (29m 3s) train_cost: 0.778, test_cost: 0.672, train_acc: 0.117, test_acc: 0.024
EPOCH:: 19, (30m 40s) train_cost: 0.712, test_cost: 0.650, train_acc: 0.048, test_acc: 0.036
EPOCH:: 20, (32m 18s) train_cost: 0.691, test_cost: 0.643, train_acc: 0.029, test_acc: 0.047
EPOCH:: 21, (34m 0s) train_cost: 0.705, test_cost: 0.636, train_acc: 0.047, test_acc: 0.035
EPOCH:: 22, (35m 38s) train_cost: 0.672, test_cost: 0.616, train_acc: 0.041, test_acc: 0.046
EPOCH:: 23, (37m 9s) train_cost: 0.665, test_cost: 0.616, train_acc: 0.032, test_acc: 0.050
EPOCH:: 24, (38m 45s) train_cost: 0.642, test_cost: 0.611, train_acc: 0.044, test_acc: 0.036
EPOCH:: 25, (40m 21s) train_cost: 0.669, test_cost: 0.605, train_acc: 0.042, test_acc: 0.056
EPOCH:: 26, (41m 55s) train_cost: 0.636, test_cost: 0.597, train_acc: 0.046, test_acc: 0.059
EPOCH:: 27, (43m 30s) train_cost: 0.634, test_cost: 0.590, train_acc: 0.044, test_acc: 0.056
EPOCH:: 28, (45m 2s) train_cost: 0.694, test_cost: 0.866, train_acc: 0.056, test_acc: 0.214
EPOCH:: 29, (46m 36s) train_cost: 0.696, test_cost: 0.582, train_acc: 0.071, test_acc: 0.048
EPOCH:: 30, (48m 7s) train_cost: 0.656, test_cost: 0.587, train_acc: 0.054, test_acc: 0.060
EPOCH:: 31, (49m 39s) train_cost: 0.602, test_cost: 0.575, train_acc: 0.053, test_acc: 0.058
EPOCH:: 32, (51m 10s) train_cost: 0.589, test_cost: 0.572, train_acc: 0.057, test_acc: 0.069
EPOCH:: 33, (52m 44s) train_cost: 0.600, test_cost: 0.565, train_acc: 0.054, test_acc: 0.059
EPOCH:: 34, (54m 20s) train_cost: 0.585, test_cost: 0.531, train_acc: 0.058, test_acc: 0.075
EPOCH:: 35, (55m 52s) train_cost: 0.565, test_cost: 0.525, train_acc: 0.065, test_acc: 0.075
EPOCH:: 36, (57m 23s) train_cost: 0.558, test_cost: 0.533, train_acc: 0.067, test_acc: 0.074
EPOCH:: 37, (58m 58s) train_cost: 0.559, test_cost: 0.533, train_acc: 0.067, test_acc: 0.071
EPOCH:: 38, (60m 28s) train_cost: 0.552, test_cost: 0.505, train_acc: 0.070, test_acc: 0.084
EPOCH:: 39, (62m 3s) train_cost: 0.542, test_cost: 0.508, train_acc: 0.074, test_acc: 0.081
EPOCH:: 40, (63m 37s) train_cost: 0.541, test_cost: 0.507, train_acc: 0.073, test_acc: 0.080
EPOCH:: 41, (65m 9s) train_cost: 0.533, test_cost: 0.504, train_acc: 0.075, test_acc: 0.081
EPOCH:: 42, (66m 40s) train_cost: 0.592, test_cost: 0.539, train_acc: 0.064, test_acc: 0.067
EPOCH:: 43, (68m 16s) train_cost: 0.553, test_cost: 0.522, train_acc: 0.069, test_acc: 0.078
EPOCH:: 44, (69m 57s) train_cost: 0.540, test_cost: 0.499, train_acc: 0.075, test_acc: 0.075
EPOCH:: 45, (71m 34s) train_cost: 0.536, test_cost: 0.493, train_acc: 0.073, test_acc: 0.086
EPOCH:: 46, (73m 13s) train_cost: 0.515, test_cost: 0.496, train_acc: 0.081, test_acc: 0.087
EPOCH:: 47, (74m 50s) train_cost: 0.508, test_cost: 0.511, train_acc: 0.083, test_acc: 0.082
EPOCH:: 48, (76m 29s) train_cost: 0.520, test_cost: 0.484, train_acc: 0.079, test_acc: 0.087
EPOCH:: 49, (78m 7s) train_cost: 0.511, test_cost: 0.492, train_acc: 0.084, test_acc: 0.089
EPOCH:: 50, (79m 46s) train_cost: 0.970, test_cost: 1.802, train_acc: 0.081, test_acc: 0.081
max test_acc: 0.224
-------------------------------------------------------------------
16回目
{'dropout': 0.5863996308964406, 'clip': 246.85727576193466, 'weight_decay': 1.3925134707499966e-05, 'l_rate': 0.007978400618235574}
EPOCH:: 1, (1m 37s) train_cost: 78203847726810332396142741946368.000, test_cost: 67484886612444962008356666474496.000, train_acc: 0.099, test_acc: 0.097
Stop learning due to the extremely high cost
max test_acc: 0.097
-------------------------------------------------------------------
17回目
{'dropout': 0.012642578544779126, 'clip': 1.3261766719970975, 'weight_decay': 0.01807523528522962, 'l_rate': 0.11757628431525387}
EPOCH:: 1, (1m 32s) train_cost: 2.330, test_cost: 2.304, train_acc: 0.108, test_acc: 0.097
EPOCH:: 2, (3m 7s) train_cost: 2.303, test_cost: 2.303, train_acc: 0.107, test_acc: 0.110
EPOCH:: 3, (4m 45s) train_cost: 2.303, test_cost: 2.303, train_acc: 0.108, test_acc: 0.103
EPOCH:: 4, (6m 20s) train_cost: 2.303, test_cost: 2.302, train_acc: 0.107, test_acc: 0.110
EPOCH:: 5, (7m 58s) train_cost: 2.302, test_cost: 2.304, train_acc: 0.109, test_acc: 0.110
EPOCH:: 6, (9m 38s) train_cost: 2.303, test_cost: 2.303, train_acc: 0.106, test_acc: 0.097
EPOCH:: 7, (11m 13s) train_cost: 2.303, test_cost: 2.303, train_acc: 0.109, test_acc: 0.103
EPOCH:: 8, (12m 51s) train_cost: 2.303, test_cost: 2.304, train_acc: 0.108, test_acc: 0.095
EPOCH:: 9, (14m 30s) train_cost: 2.303, test_cost: 2.302, train_acc: 0.111, test_acc: 0.110
EPOCH:: 10, (16m 10s) train_cost: 2.303, test_cost: 2.304, train_acc: 0.110, test_acc: 0.105
EPOCH:: 11, (17m 48s) train_cost: 2.303, test_cost: 2.303, train_acc: 0.109, test_acc: 0.103
EPOCH:: 12, (19m 24s) train_cost: 2.303, test_cost: 2.303, train_acc: 0.107, test_acc: 0.103
EPOCH:: 13, (21m 5s) train_cost: 2.303, test_cost: 2.302, train_acc: 0.105, test_acc: 0.098
EPOCH:: 14, (22m 46s) train_cost: 2.303, test_cost: 2.306, train_acc: 0.106, test_acc: 0.110
EPOCH:: 15, (24m 22s) train_cost: 2.303, test_cost: 2.301, train_acc: 0.111, test_acc: 0.110
EPOCH:: 16, (26m 1s) train_cost: 2.302, test_cost: 2.302, train_acc: 0.110, test_acc: 0.110
EPOCH:: 17, (27m 39s) train_cost: 2.302, test_cost: 2.304, train_acc: 0.111, test_acc: 0.095
EPOCH:: 18, (29m 17s) train_cost: 2.303, test_cost: 2.303, train_acc: 0.110, test_acc: 0.110
EPOCH:: 19, (30m 56s) train_cost: 2.303, test_cost: 2.304, train_acc: 0.107, test_acc: 0.110
EPOCH:: 20, (32m 35s) train_cost: 2.303, test_cost: 2.302, train_acc: 0.107, test_acc: 0.105
EPOCH:: 21, (34m 14s) train_cost: 2.303, test_cost: 2.303, train_acc: 0.108, test_acc: 0.105
EPOCH:: 22, (35m 55s) train_cost: 2.303, test_cost: 2.304, train_acc: 0.106, test_acc: 0.110
EPOCH:: 23, (37m 35s) train_cost: 2.304, test_cost: 2.304, train_acc: 0.109, test_acc: 0.103
EPOCH:: 24, (39m 12s) train_cost: 2.303, test_cost: 2.306, train_acc: 0.106, test_acc: 0.095
EPOCH:: 25, (40m 50s) train_cost: 2.304, test_cost: 2.302, train_acc: 0.109, test_acc: 0.110
EPOCH:: 26, (42m 29s) train_cost: 2.303, test_cost: 2.303, train_acc: 0.107, test_acc: 0.110
EPOCH:: 27, (44m 6s) train_cost: 2.303, test_cost: 2.302, train_acc: 0.108, test_acc: 0.110
EPOCH:: 28, (45m 43s) train_cost: 2.303, test_cost: 2.306, train_acc: 0.106, test_acc: 0.110
EPOCH:: 29, (47m 22s) train_cost: 2.303, test_cost: 2.303, train_acc: 0.110, test_acc: 0.110
EPOCH:: 30, (49m 0s) train_cost: 2.303, test_cost: 2.303, train_acc: 0.108, test_acc: 0.110
EPOCH:: 31, (50m 39s) train_cost: 2.303, test_cost: 2.305, train_acc: 0.106, test_acc: 0.098
EPOCH:: 32, (52m 17s) train_cost: 2.303, test_cost: 2.302, train_acc: 0.107, test_acc: 0.110
EPOCH:: 33, (53m 57s) train_cost: 2.303, test_cost: 2.304, train_acc: 0.108, test_acc: 0.110
EPOCH:: 34, (55m 34s) train_cost: 2.303, test_cost: 2.305, train_acc: 0.109, test_acc: 0.110
EPOCH:: 35, (57m 13s) train_cost: 2.303, test_cost: 2.302, train_acc: 0.110, test_acc: 0.110
EPOCH:: 36, (58m 54s) train_cost: 2.303, test_cost: 2.304, train_acc: 0.110, test_acc: 0.103
EPOCH:: 37, (60m 33s) train_cost: 2.303, test_cost: 2.303, train_acc: 0.108, test_acc: 0.110
EPOCH:: 38, (62m 10s) train_cost: 2.303, test_cost: 2.302, train_acc: 0.108, test_acc: 0.105
EPOCH:: 39, (63m 46s) train_cost: 2.303, test_cost: 2.305, train_acc: 0.109, test_acc: 0.098
EPOCH:: 40, (65m 21s) train_cost: 2.304, test_cost: 2.304, train_acc: 0.107, test_acc: 0.098
EPOCH:: 41, (67m 1s) train_cost: 2.303, test_cost: 2.304, train_acc: 0.105, test_acc: 0.098
EPOCH:: 42, (68m 37s) train_cost: 2.303, test_cost: 2.303, train_acc: 0.108, test_acc: 0.103
EPOCH:: 43, (70m 12s) train_cost: 2.303, test_cost: 2.303, train_acc: 0.106, test_acc: 0.103
EPOCH:: 44, (71m 51s) train_cost: 2.303, test_cost: 2.301, train_acc: 0.106, test_acc: 0.110
EPOCH:: 45, (73m 30s) train_cost: 2.302, test_cost: 2.303, train_acc: 0.110, test_acc: 0.105
EPOCH:: 46, (75m 9s) train_cost: 2.303, test_cost: 2.304, train_acc: 0.109, test_acc: 0.103
EPOCH:: 47, (76m 51s) train_cost: 2.303, test_cost: 2.305, train_acc: 0.109, test_acc: 0.103
EPOCH:: 48, (78m 27s) train_cost: 2.303, test_cost: 2.304, train_acc: 0.108, test_acc: 0.088
EPOCH:: 49, (80m 5s) train_cost: 2.303, test_cost: 2.305, train_acc: 0.108, test_acc: 0.095
EPOCH:: 50, (81m 44s) train_cost: 2.303, test_cost: 2.303, train_acc: 0.107, test_acc: 0.110
max test_acc: 0.110
-------------------------------------------------------------------
18回目
{'dropout': 0.06490656121762683, 'clip': 6602.630376772299, 'weight_decay': 0.0020191964051103103, 'l_rate': 0.043909664107008584}
EPOCH:: 1, (1m 37s) train_cost: 2.303, test_cost: 2.302, train_acc: 0.111, test_acc: 0.110
EPOCH:: 2, (3m 16s) train_cost: 2.303, test_cost: 2.302, train_acc: 0.111, test_acc: 0.110
EPOCH:: 3, (4m 53s) train_cost: 2.302, test_cost: 2.301, train_acc: 0.112, test_acc: 0.110
EPOCH:: 4, (6m 30s) train_cost: 2.302, test_cost: 2.301, train_acc: 0.113, test_acc: 0.110
EPOCH:: 5, (8m 6s) train_cost: 2.302, test_cost: 2.303, train_acc: 0.111, test_acc: 0.110
EPOCH:: 6, (9m 42s) train_cost: 2.302, test_cost: 2.302, train_acc: 0.111, test_acc: 0.110
EPOCH:: 7, (11m 20s) train_cost: 2.302, test_cost: 2.302, train_acc: 0.112, test_acc: 0.105
EPOCH:: 8, (12m 57s) train_cost: 2.302, test_cost: 2.301, train_acc: 0.112, test_acc: 0.110
EPOCH:: 9, (14m 31s) train_cost: 2.302, test_cost: 2.302, train_acc: 0.111, test_acc: 0.110
EPOCH:: 10, (16m 7s) train_cost: 2.302, test_cost: 2.303, train_acc: 0.111, test_acc: 0.105
EPOCH:: 11, (17m 42s) train_cost: 2.302, test_cost: 2.301, train_acc: 0.111, test_acc: 0.110
EPOCH:: 12, (19m 17s) train_cost: 2.302, test_cost: 2.303, train_acc: 0.112, test_acc: 0.110
EPOCH:: 13, (20m 52s) train_cost: 2.303, test_cost: 2.302, train_acc: 0.113, test_acc: 0.110
EPOCH:: 14, (22m 25s) train_cost: 2.302, test_cost: 2.302, train_acc: 0.112, test_acc: 0.110
EPOCH:: 15, (23m 59s) train_cost: 2.302, test_cost: 2.301, train_acc: 0.110, test_acc: 0.110
EPOCH:: 16, (25m 33s) train_cost: 2.302, test_cost: 2.303, train_acc: 0.111, test_acc: 0.097
EPOCH:: 17, (27m 6s) train_cost: 2.302, test_cost: 2.303, train_acc: 0.110, test_acc: 0.105
EPOCH:: 18, (28m 41s) train_cost: 2.302, test_cost: 2.302, train_acc: 0.109, test_acc: 0.110
EPOCH:: 19, (30m 14s) train_cost: 2.302, test_cost: 2.302, train_acc: 0.111, test_acc: 0.110
EPOCH:: 20, (31m 49s) train_cost: 2.302, test_cost: 2.302, train_acc: 0.113, test_acc: 0.110
EPOCH:: 21, (33m 24s) train_cost: 2.302, test_cost: 2.302, train_acc: 0.112, test_acc: 0.110
EPOCH:: 22, (34m 57s) train_cost: 2.302, test_cost: 2.302, train_acc: 0.111, test_acc: 0.103
EPOCH:: 23, (36m 31s) train_cost: 2.302, test_cost: 2.303, train_acc: 0.111, test_acc: 0.110
EPOCH:: 24, (38m 5s) train_cost: 2.302, test_cost: 2.303, train_acc: 0.111, test_acc: 0.110
EPOCH:: 25, (39m 37s) train_cost: 2.302, test_cost: 2.301, train_acc: 0.111, test_acc: 0.110
EPOCH:: 26, (41m 9s) train_cost: 2.302, test_cost: 2.302, train_acc: 0.112, test_acc: 0.110
EPOCH:: 27, (42m 43s) train_cost: 2.302, test_cost: 2.302, train_acc: 0.113, test_acc: 0.110
EPOCH:: 28, (44m 17s) train_cost: 2.302, test_cost: 2.302, train_acc: 0.113, test_acc: 0.110
EPOCH:: 29, (45m 52s) train_cost: 2.302, test_cost: 2.303, train_acc: 0.112, test_acc: 0.110
EPOCH:: 30, (47m 27s) train_cost: 2.303, test_cost: 2.302, train_acc: 0.111, test_acc: 0.110
EPOCH:: 31, (49m 3s) train_cost: 2.302, test_cost: 2.304, train_acc: 0.113, test_acc: 0.110
EPOCH:: 32, (50m 37s) train_cost: 2.302, test_cost: 2.302, train_acc: 0.110, test_acc: 0.110
EPOCH:: 33, (52m 10s) train_cost: 2.302, test_cost: 2.302, train_acc: 0.111, test_acc: 0.105
EPOCH:: 34, (53m 44s) train_cost: 2.302, test_cost: 2.303, train_acc: 0.110, test_acc: 0.110
EPOCH:: 35, (55m 17s) train_cost: 2.302, test_cost: 2.302, train_acc: 0.112, test_acc: 0.110
EPOCH:: 36, (56m 50s) train_cost: 2.302, test_cost: 2.302, train_acc: 0.112, test_acc: 0.103
EPOCH:: 37, (58m 27s) train_cost: 2.302, test_cost: 2.302, train_acc: 0.111, test_acc: 0.110
EPOCH:: 38, (60m 3s) train_cost: 2.302, test_cost: 2.303, train_acc: 0.111, test_acc: 0.110
EPOCH:: 39, (61m 43s) train_cost: 2.302, test_cost: 2.302, train_acc: 0.112, test_acc: 0.110
EPOCH:: 40, (63m 17s) train_cost: 2.302, test_cost: 2.302, train_acc: 0.113, test_acc: 0.103
EPOCH:: 41, (64m 56s) train_cost: 2.302, test_cost: 2.301, train_acc: 0.110, test_acc: 0.103
EPOCH:: 42, (66m 35s) train_cost: 2.302, test_cost: 2.303, train_acc: 0.111, test_acc: 0.110
EPOCH:: 43, (68m 12s) train_cost: 2.302, test_cost: 2.303, train_acc: 0.112, test_acc: 0.110
EPOCH:: 44, (69m 45s) train_cost: 2.302, test_cost: 2.302, train_acc: 0.112, test_acc: 0.110
EPOCH:: 45, (71m 22s) train_cost: 2.302, test_cost: 2.302, train_acc: 0.112, test_acc: 0.110
EPOCH:: 46, (73m 1s) train_cost: 2.302, test_cost: 2.303, train_acc: 0.112, test_acc: 0.110
EPOCH:: 47, (74m 42s) train_cost: 2.302, test_cost: 2.302, train_acc: 0.110, test_acc: 0.110
EPOCH:: 48, (76m 21s) train_cost: 2.302, test_cost: 2.302, train_acc: 0.111, test_acc: 0.103
EPOCH:: 49, (77m 53s) train_cost: 2.302, test_cost: 2.301, train_acc: 0.110, test_acc: 0.110
EPOCH:: 50, (79m 32s) train_cost: 2.302, test_cost: 2.303, train_acc: 0.113, test_acc: 0.110
max test_acc: 0.110
-------------------------------------------------------------------
19回目
{'dropout': 0.18404592540409914, 'clip': 4389.748805208904, 'weight_decay': 7.040822706204121e-05, 'l_rate': 0.00016654418947982137}
EPOCH:: 1, (1m 36s) train_cost: 2.190, test_cost: 2.098, train_acc: 0.152, test_acc: 0.178
EPOCH:: 2, (3m 12s) train_cost: 2.222, test_cost: 2.265, train_acc: 0.139, test_acc: 0.136
EPOCH:: 3, (4m 47s) train_cost: 2.212, test_cost: 2.104, train_acc: 0.142, test_acc: 0.031
EPOCH:: 4, (6m 17s) train_cost: 1.910, test_cost: 1.775, train_acc: 0.040, test_acc: 0.040
EPOCH:: 5, (7m 48s) train_cost: 1.843, test_cost: 1.744, train_acc: 0.077, test_acc: 0.120
EPOCH:: 6, (9m 25s) train_cost: 1.686, test_cost: 1.585, train_acc: 0.082, test_acc: 0.136
EPOCH:: 7, (11m 5s) train_cost: 1.738, test_cost: 1.591, train_acc: 0.110, test_acc: 0.134
EPOCH:: 8, (12m 44s) train_cost: 1.544, test_cost: 1.424, train_acc: 0.161, test_acc: 0.117
EPOCH:: 9, (14m 18s) train_cost: 2.011, test_cost: 2.096, train_acc: 0.157, test_acc: 0.041
EPOCH:: 10, (15m 54s) train_cost: 1.994, test_cost: 1.905, train_acc: 0.047, test_acc: 0.069
EPOCH:: 11, (17m 32s) train_cost: 1.773, test_cost: 1.613, train_acc: 0.119, test_acc: 0.174
EPOCH:: 12, (19m 9s) train_cost: 1.496, test_cost: 1.300, train_acc: 0.150, test_acc: 0.071
EPOCH:: 13, (20m 43s) train_cost: 1.673, test_cost: 1.523, train_acc: 0.111, test_acc: 0.216
EPOCH:: 14, (22m 21s) train_cost: 1.372, test_cost: 1.275, train_acc: 0.100, test_acc: 0.080
EPOCH:: 15, (23m 57s) train_cost: 1.242, test_cost: 1.152, train_acc: 0.073, test_acc: 0.114
EPOCH:: 16, (25m 40s) train_cost: 1.145, test_cost: 1.066, train_acc: 0.109, test_acc: 0.138
EPOCH:: 17, (27m 16s) train_cost: 1.055, test_cost: 0.972, train_acc: 0.132, test_acc: 0.164
EPOCH:: 18, (28m 53s) train_cost: 0.998, test_cost: 0.916, train_acc: 0.147, test_acc: 0.186
EPOCH:: 19, (30m 33s) train_cost: 0.943, test_cost: 0.884, train_acc: 0.168, test_acc: 0.203
EPOCH:: 20, (32m 11s) train_cost: 0.918, test_cost: 0.861, train_acc: 0.174, test_acc: 0.212
EPOCH:: 21, (33m 46s) train_cost: 0.853, test_cost: 0.812, train_acc: 0.202, test_acc: 0.218
EPOCH:: 22, (35m 19s) train_cost: 0.815, test_cost: 0.809, train_acc: 0.205, test_acc: 0.214
EPOCH:: 23, (36m 55s) train_cost: 0.786, test_cost: 0.782, train_acc: 0.210, test_acc: 0.223
EPOCH:: 24, (38m 33s) train_cost: 0.782, test_cost: 0.701, train_acc: 0.222, test_acc: 0.114
EPOCH:: 25, (40m 12s) train_cost: 0.780, test_cost: 0.718, train_acc: 0.185, test_acc: 0.164
EPOCH:: 26, (41m 50s) train_cost: 0.686, test_cost: 0.663, train_acc: 0.099, test_acc: 0.056
EPOCH:: 27, (43m 29s) train_cost: 0.699, test_cost: 0.631, train_acc: 0.098, test_acc: 0.026
EPOCH:: 28, (45m 7s) train_cost: 0.662, test_cost: 0.613, train_acc: 0.068, test_acc: 0.035
EPOCH:: 29, (46m 43s) train_cost: 0.958, test_cost: 0.916, train_acc: 0.092, test_acc: 0.203
EPOCH:: 30, (48m 18s) train_cost: 0.798, test_cost: 0.693, train_acc: 0.188, test_acc: 0.098
EPOCH:: 31, (49m 57s) train_cost: 0.666, test_cost: 0.608, train_acc: 0.082, test_acc: 0.026
EPOCH:: 32, (51m 39s) train_cost: 0.614, test_cost: 0.580, train_acc: 0.031, test_acc: 0.042
EPOCH:: 33, (53m 19s) train_cost: 0.604, test_cost: 0.563, train_acc: 0.032, test_acc: 0.050
EPOCH:: 34, (54m 56s) train_cost: 0.588, test_cost: 0.570, train_acc: 0.037, test_acc: 0.049
EPOCH:: 35, (56m 35s) train_cost: 0.564, test_cost: 0.532, train_acc: 0.046, test_acc: 0.062
EPOCH:: 36, (58m 12s) train_cost: 0.587, test_cost: 0.567, train_acc: 0.047, test_acc: 0.050
EPOCH:: 37, (59m 44s) train_cost: 0.577, test_cost: 0.730, train_acc: 0.051, test_acc: 0.100
EPOCH:: 38, (61m 24s) train_cost: 0.542, test_cost: 0.497, train_acc: 0.060, test_acc: 0.076
EPOCH:: 39, (62m 57s) train_cost: 0.522, test_cost: 0.503, train_acc: 0.061, test_acc: 0.071
EPOCH:: 40, (64m 38s) train_cost: 0.536, test_cost: 0.562, train_acc: 0.057, test_acc: 0.053
EPOCH:: 41, (66m 14s) train_cost: 0.533, test_cost: 0.488, train_acc: 0.060, test_acc: 0.077
EPOCH:: 42, (67m 51s) train_cost: 0.513, test_cost: 0.500, train_acc: 0.068, test_acc: 0.076
EPOCH:: 43, (69m 29s) train_cost: 0.517, test_cost: 0.541, train_acc: 0.066, test_acc: 0.064
EPOCH:: 44, (71m 8s) train_cost: 0.499, test_cost: 0.466, train_acc: 0.073, test_acc: 0.082
EPOCH:: 45, (72m 40s) train_cost: 0.484, test_cost: 0.460, train_acc: 0.077, test_acc: 0.091
EPOCH:: 46, (74m 19s) train_cost: 0.479, test_cost: 0.445, train_acc: 0.080, test_acc: 0.094
EPOCH:: 47, (75m 52s) train_cost: 0.501, test_cost: 0.502, train_acc: 0.072, test_acc: 0.071
EPOCH:: 48, (77m 29s) train_cost: 0.475, test_cost: 0.472, train_acc: 0.082, test_acc: 0.086
EPOCH:: 49, (79m 6s) train_cost: 0.494, test_cost: 0.474, train_acc: 0.080, test_acc: 0.088
EPOCH:: 50, (80m 39s) train_cost: 0.464, test_cost: 0.473, train_acc: 0.085, test_acc: 0.085
max test_acc: 0.223
-------------------------------------------------------------------
20回目
{'dropout': 0.2481568555287883, 'clip': 25.81725351260949, 'weight_decay': 0.00032916713492223793, 'l_rate': 0.01936966399099752}
EPOCH:: 1, (1m 36s) train_cost: 2.302, test_cost: 2.301, train_acc: 0.112, test_acc: 0.110
EPOCH:: 2, (3m 10s) train_cost: 2.302, test_cost: 2.302, train_acc: 0.113, test_acc: 0.110
EPOCH:: 3, (4m 46s) train_cost: 2.302, test_cost: 2.301, train_acc: 0.113, test_acc: 0.110
EPOCH:: 4, (6m 23s) train_cost: 2.302, test_cost: 2.301, train_acc: 0.113, test_acc: 0.110
EPOCH:: 5, (7m 54s) train_cost: 2.302, test_cost: 2.302, train_acc: 0.113, test_acc: 0.110
EPOCH:: 6, (9m 35s) train_cost: 2.301, test_cost: 2.302, train_acc: 0.113, test_acc: 0.110
EPOCH:: 7, (11m 10s) train_cost: 2.302, test_cost: 2.302, train_acc: 0.113, test_acc: 0.110
EPOCH:: 8, (12m 49s) train_cost: 2.302, test_cost: 2.302, train_acc: 0.113, test_acc: 0.110
EPOCH:: 9, (14m 28s) train_cost: 2.301, test_cost: 2.301, train_acc: 0.113, test_acc: 0.110
EPOCH:: 10, (16m 5s) train_cost: 2.302, test_cost: 2.302, train_acc: 0.113, test_acc: 0.110
EPOCH:: 11, (17m 44s) train_cost: 2.302, test_cost: 2.301, train_acc: 0.112, test_acc: 0.110
EPOCH:: 12, (19m 22s) train_cost: 2.302, test_cost: 2.302, train_acc: 0.113, test_acc: 0.110
EPOCH:: 13, (21m 1s) train_cost: 2.302, test_cost: 2.302, train_acc: 0.113, test_acc: 0.110
EPOCH:: 14, (22m 36s) train_cost: 2.302, test_cost: 2.301, train_acc: 0.113, test_acc: 0.110
EPOCH:: 15, (24m 14s) train_cost: 2.302, test_cost: 2.301, train_acc: 0.113, test_acc: 0.110
EPOCH:: 16, (25m 54s) train_cost: 2.301, test_cost: 2.302, train_acc: 0.113, test_acc: 0.110
EPOCH:: 17, (27m 32s) train_cost: 2.302, test_cost: 2.303, train_acc: 0.113, test_acc: 0.110
EPOCH:: 18, (29m 10s) train_cost: 2.302, test_cost: 2.301, train_acc: 0.113, test_acc: 0.110
EPOCH:: 19, (30m 47s) train_cost: 2.302, test_cost: 2.302, train_acc: 0.113, test_acc: 0.110
EPOCH:: 20, (32m 21s) train_cost: 2.302, test_cost: 2.302, train_acc: 0.113, test_acc: 0.110
EPOCH:: 21, (33m 57s) train_cost: 2.301, test_cost: 2.301, train_acc: 0.113, test_acc: 0.110
EPOCH:: 22, (35m 34s) train_cost: 2.302, test_cost: 2.302, train_acc: 0.113, test_acc: 0.110
EPOCH:: 23, (37m 12s) train_cost: 2.302, test_cost: 2.302, train_acc: 0.112, test_acc: 0.110
EPOCH:: 24, (38m 51s) train_cost: 2.302, test_cost: 2.303, train_acc: 0.112, test_acc: 0.105
EPOCH:: 25, (40m 31s) train_cost: 2.302, test_cost: 2.301, train_acc: 0.113, test_acc: 0.110
EPOCH:: 26, (42m 8s) train_cost: 2.302, test_cost: 2.302, train_acc: 0.113, test_acc: 0.110
EPOCH:: 27, (43m 41s) train_cost: 2.302, test_cost: 2.302, train_acc: 0.113, test_acc: 0.110